#
# A fatal error has been detected by the Java Runtime Environment:
#
#  EXCEPTION_ACCESS_VIOLATION (0xc0000005) at pc=0x0000000024a990c7, pid=2616, tid=220
#
# JRE version: Java(TM) SE Runtime Environment (7.0_79-b15) (build 1.7.0_79-b15)
# Java VM: Java HotSpot(TM) 64-Bit Server VM (24.79-b02 mixed mode windows-amd64 compressed oops)
# Problematic frame:
# C  0x0000000024a990c7
#
# Failed to write core dump. Minidumps are not enabled by default on client versions of Windows
#
# If you would like to submit a bug report, please visit:
#   http://bugreport.java.com/bugreport/crash.jsp
#

---------------  T H R E A D  ---------------

Current thread (0x0000000009274000):  VMThread [stack: 0x000000000af50000,0x000000000b050000] [id=220]

siginfo: ExceptionCode=0xc0000005, reading address 0x0000000087eef623

Registers:
RAX=0x000000003e9f19f2, RBX=0x0000000087eef623, RCX=0x0000000017eef09b, RDX=0x0000000000000001
RSP=0x000000000b04f380, RBP=0x0000000000000000, RSI=0x0000000017eef07f, RDI=0x0000000000000020
R8 =0x000000002093ac60, R9 =0x00000000209471d0, R10=0x000000000b04f3c0, R11=0x0000000000000000
R12=0x000000000b04f418, R13=0x0000000000000000, R14=0x000000000b04f510, R15=0x000000000db02062
RIP=0x0000000024a990c7, EFLAGS=0x0000000000010246

Top of Stack: (sp=0x000000000b04f380)
0x000000000b04f380:   0000000000000001 0000000024a95e82
0x000000000b04f390:   000000000b04f470 000000003e9f19f2
0x000000000b04f3a0:   000000000db595da 000000000b04f470
0x000000000b04f3b0:   000000003e9f19f2 0000000024a95249
0x000000000b04f3c0:   0000000000000001 0000000017ebe2f0
0x000000000b04f3d0:   000000000db32342 0000000017eef07f
0x000000000b04f3e0:   0000000017eef07f 0000000017eef077
0x000000000b04f3f0:   0000000017ebe300 000000000b04f510
0x000000000b04f400:   000000003e9f19f2 0000000024a94023
0x000000000b04f410:   0000000017ebe2f0 000000003e9f19f2
0x000000000b04f420:   000000000db32342 000000000db595da
0x000000000b04f430:   0000000000580000 000000001f640000
0x000000000b04f440:   00000000001576ea 0000000000000000
0x000000000b04f450:   0000000000000001 0000000000000000
0x000000000b04f460:   00000000000003ff 00007ff8f2be5c5f
0x000000000b04f470:   0000000017ebe300 0000000017ebe322 

Instructions: (pc=0x0000000024a990c7)
0x0000000024a990a7:   53 74 0a c7 01 55 54 42 53 44 89 69 04 48 8d 4c
0x0000000024a990b7:   39 04 48 3b d9 74 40 48 85 ed 75 44 41 8b 04 24
0x0000000024a990c7:   8b 0b 3b c1 72 22 75 08 48 8b eb e9 79 ff ff ff
0x0000000024a990d7:   8b 7b 10 85 ff 75 08 49 8b dd e9 6a ff ff ff 48 


Register to memory mapping:

RAX=0x000000003e9f19f2 is an unknown value
RBX=0x0000000087eef623 is an unknown value
RCX=0x0000000017eef09b is an unknown value
RDX=0x0000000000000001 is an unknown value
RSP=0x000000000b04f380 is an unknown value
RBP=0x0000000000000000 is an unknown value
RSI=0x0000000017eef07f is an unknown value
RDI=0x0000000000000020 is an unknown value
R8 =0x000000002093ac60 is an unknown value
R9 =0x00000000209471d0 is an unknown value
R10=0x000000000b04f3c0 is an unknown value
R11=0x0000000000000000 is an unknown value
R12=0x000000000b04f418 is an unknown value
R13=0x0000000000000000 is an unknown value
R14=0x000000000b04f510 is an unknown value
R15=0x000000000db02062 is an unknown value


Stack: [0x000000000af50000,0x000000000b050000],  sp=0x000000000b04f380,  free space=1020k
Native frames: (J=compiled Java code, j=interpreted, Vv=VM code, C=native code)
C  0x0000000024a990c7

[error occurred during error reporting (printing native stack), id 0xc0000005]

VM_Operation (0x000000000276f690): Exit, mode: safepoint, requested by thread 0x00000000027e0800


---------------  P R O C E S S  ---------------

Java Threads: ( => current thread )
  0x000000000f65b000 JavaThread "LogCat output receiver for 0123456789ABCDEF" [_thread_blocked, id=1148, stack(0x000000002f3b0000,0x000000002f4b0000)]
  0x000000000f668800 JavaThread "LogCat output receiver for emulator-5576" [_thread_blocked, id=124, stack(0x000000007a620000,0x000000007a720000)]
  0x000000000f0b1800 JavaThread "Recommenders-Timeout-Manager" [_thread_blocked, id=9132, stack(0x0000000033cb0000,0x0000000033db0000)]
  0x000000000f0b3000 JavaThread "com.google.inject.internal.util.$Finalizer" daemon [_thread_blocked, id=2876, stack(0x00000000334b0000,0x00000000335b0000)]
  0x000000000f0ac000 JavaThread "Thread-9" [_thread_blocked, id=2488, stack(0x000000001c3c0000,0x000000001c4c0000)]
  0x000000000c85d800 JavaThread "EMF Reference Cleaner" daemon [_thread_blocked, id=7576, stack(0x000000000df00000,0x000000000e000000)]
  0x000000000b280000 JavaThread "Service Thread" daemon [_thread_blocked, id=5024, stack(0x000000000ba50000,0x000000000bb50000)]
  0x000000000b27d800 JavaThread "C2 CompilerThread1" daemon [_thread_blocked, id=5016, stack(0x000000000b950000,0x000000000ba50000)]
  0x00000000028dd800 JavaThread "C2 CompilerThread0" daemon [_thread_blocked, id=3148, stack(0x000000000b850000,0x000000000b950000)]
  0x00000000028dd000 JavaThread "Attach Listener" daemon [_thread_blocked, id=10740, stack(0x000000000b750000,0x000000000b850000)]
  0x00000000028d9000 JavaThread "Signal Dispatcher" daemon [_thread_blocked, id=1580, stack(0x000000000b650000,0x000000000b750000)]
  0x000000000927f800 JavaThread "Finalizer" daemon [_thread_blocked, id=3980, stack(0x000000000b150000,0x000000000b250000)]
  0x0000000009278800 JavaThread "Reference Handler" daemon [_thread_blocked, id=10204, stack(0x000000000b050000,0x000000000b150000)]
  0x00000000027e0800 JavaThread "main" [_thread_blocked, id=14028, stack(0x0000000002670000,0x0000000002770000)]

Other Threads:
=>0x0000000009274000 VMThread [stack: 0x000000000af50000,0x000000000b050000] [id=220]

VM state:at safepoint (shutting down)

VM Mutex/Monitor currently owned by a thread:  ([mutex/lock_event])
[0x00000000027dc480] Threads_lock - owner thread: 0x0000000009274000

Heap
 PSYoungGen      total 336896K, used 206500K [0x00000000eaa80000, 0x0000000100000000, 0x0000000100000000)
  eden space 325632K, 61% used [0x00000000eaa80000,0x00000000f6ed72c8,0x00000000fe880000)
  from space 11264K, 48% used [0x00000000fe880000,0x00000000fedd1ef8,0x00000000ff380000)
  to   space 10752K, 0% used [0x00000000ff580000,0x00000000ff580000,0x0000000100000000)
 ParOldGen       total 471552K, used 314046K [0x00000000c0000000, 0x00000000dcc80000, 0x00000000eaa80000)
  object space 471552K, 66% used [0x00000000c0000000,0x00000000d32af948,0x00000000dcc80000)
 PSPermGen       total 142848K, used 142531K [0x00000000b0000000, 0x00000000b8b80000, 0x00000000c0000000)
  object space 142848K, 99% used [0x00000000b0000000,0x00000000b8b30cb8,0x00000000b8b80000)

Card table byte_map: [0x00000000059a0000,0x0000000005c30000] byte_map_base: 0x0000000005420000

Polling page: 0x0000000000560000

Code Cache  [0x00000000028e0000, 0x0000000004f70000, 0x00000000058e0000)
 total_blobs=10514 nmethods=9480 adapters=977 free_code_cache=10071Kb largest_free_block=9959296

Compilation events (10 events):
Event: 81211.755 Thread 0x00000000028dd800 11243             org.eclipse.osgi.internal.log.ExtendedLogEntryImpl::getContext (5 bytes)
Event: 81211.755 Thread 0x00000000028dd800 nmethod 11243 0x0000000004f5cbd0 code [0x0000000004f5cd00, 0x0000000004f5cd58]
Event: 81213.714 Thread 0x000000000b27d800 11244             org.eclipse.core.internal.resources.Workspace::broadcastEvent (38 bytes)
Event: 81213.717 Thread 0x000000000b27d800 nmethod 11244 0x0000000004f49d90 code [0x0000000004f49f00, 0x0000000004f4a108]
Event: 81213.719 Thread 0x00000000028dd800 11245   !         org.eclipse.osgi.framework.eventmgr.EventManager::dispatchEvent (69 bytes)
Event: 81213.739 Thread 0x00000000028dd800 nmethod 11245 0x0000000004f5b790 code [0x0000000004f5b960, 0x0000000004f5c0c8]
Event: 81213.749 Thread 0x000000000b27d800 11246             org.eclipse.osgi.framework.eventmgr.CopyOnWriteIdentityMap$Snapshot$SnapshotIterator::hasNext (15 bytes)
Event: 81213.749 Thread 0x000000000b27d800 nmethod 11246 0x0000000004f5ef10 code [0x0000000004f5f040, 0x0000000004f5f098]
Event: 81213.782 Thread 0x00000000028dd800 11247 %           org.eclipse.osgi.container.ModuleDatabase::sortByDependencies @ 81 (377 bytes)
Event: 81213.798 Thread 0x000000000b27d800 11248             org.eclipse.osgi.internal.container.ComputeNodeOrder::computeNodeOrder (251 bytes)

GC Heap History (10 events):
Event: 81196.341 GC heap before
{Heap before GC invocations=3022 (full 1309):
 PSYoungGen      total 330752K, used 324095K [0x00000000eaa80000, 0x00000000ffd00000, 0x0000000100000000)
  eden space 318976K, 100% used [0x00000000eaa80000,0x00000000fe200000,0x00000000fe200000)
  from space 11776K, 43% used [0x00000000ff180000,0x00000000ff67fef8,0x00000000ffd00000)
  to   space 13824K, 0% used [0x00000000fe200000,0x00000000fe200000,0x00000000fef80000)
 ParOldGen       total 471552K, used 314046K [0x00000000c0000000, 0x00000000dcc80000, 0x00000000eaa80000)
  object space 471552K, 66% used [0x00000000c0000000,0x00000000d32af948,0x00000000dcc80000)
 PSPermGen       total 142848K, used 142356K [0x00000000b0000000, 0x00000000b8b80000, 0x00000000c0000000)
  object space 142848K, 99% used [0x00000000b0000000,0x00000000b8b05130,0x00000000b8b80000)
Event: 81196.355 GC heap after
Heap after GC invocations=3022 (full 1309):
 PSYoungGen      total 332800K, used 5079K [0x00000000eaa80000, 0x0000000100000000, 0x0000000100000000)
  eden space 318976K, 0% used [0x00000000eaa80000,0x00000000eaa80000,0x00000000fe200000)
  from space 13824K, 36% used [0x00000000fe200000,0x00000000fe6f5f08,0x00000000fef80000)
  to   space 12800K, 0% used [0x00000000ff380000,0x00000000ff380000,0x0000000100000000)
 ParOldGen       total 471552K, used 314046K [0x00000000c0000000, 0x00000000dcc80000, 0x00000000eaa80000)
  object space 471552K, 66% used [0x00000000c0000000,0x00000000d32af948,0x00000000dcc80000)
 PSPermGen       total 142848K, used 142356K [0x00000000b0000000, 0x00000000b8b80000, 0x00000000c0000000)
  object space 142848K, 99% used [0x00000000b0000000,0x00000000b8b05130,0x00000000b8b80000)
}
Event: 81200.052 GC heap before
{Heap before GC invocations=3023 (full 1309):
 PSYoungGen      total 332800K, used 324055K [0x00000000eaa80000, 0x0000000100000000, 0x0000000100000000)
  eden space 318976K, 100% used [0x00000000eaa80000,0x00000000fe200000,0x00000000fe200000)
  from space 13824K, 36% used [0x00000000fe200000,0x00000000fe6f5f08,0x00000000fef80000)
  to   space 12800K, 0% used [0x00000000ff380000,0x00000000ff380000,0x0000000100000000)
 ParOldGen       total 471552K, used 314046K [0x00000000c0000000, 0x00000000dcc80000, 0x00000000eaa80000)
  object space 471552K, 66% used [0x00000000c0000000,0x00000000d32af948,0x00000000dcc80000)
 PSPermGen       total 142848K, used 142361K [0x00000000b0000000, 0x00000000b8b80000, 0x00000000c0000000)
  object space 142848K, 99% used [0x00000000b0000000,0x00000000b8b064d8,0x00000000b8b80000)
Event: 81200.064 GC heap after
Heap after GC invocations=3023 (full 1309):
 PSYoungGen      total 333824K, used 5375K [0x00000000eaa80000, 0x00000000ffe00000, 0x0000000100000000)
  eden space 323072K, 0% used [0x00000000eaa80000,0x00000000eaa80000,0x00000000fe600000)
  from space 10752K, 49% used [0x00000000ff380000,0x00000000ff8bfef8,0x00000000ffe00000)
  to   space 12288K, 0% used [0x00000000fe600000,0x00000000fe600000,0x00000000ff200000)
 ParOldGen       total 471552K, used 314046K [0x00000000c0000000, 0x00000000dcc80000, 0x00000000eaa80000)
  object space 471552K, 66% used [0x00000000c0000000,0x00000000d32af948,0x00000000dcc80000)
 PSPermGen       total 142848K, used 142361K [0x00000000b0000000, 0x00000000b8b80000, 0x00000000c0000000)
  object space 142848K, 99% used [0x00000000b0000000,0x00000000b8b064d8,0x00000000b8b80000)
}
Event: 81204.017 GC heap before
{Heap before GC invocations=3024 (full 1309):
 PSYoungGen      total 333824K, used 328447K [0x00000000eaa80000, 0x00000000ffe00000, 0x0000000100000000)
  eden space 323072K, 100% used [0x00000000eaa80000,0x00000000fe600000,0x00000000fe600000)
  from space 10752K, 49% used [0x00000000ff380000,0x00000000ff8bfef8,0x00000000ffe00000)
  to   space 12288K, 0% used [0x00000000fe600000,0x00000000fe600000,0x00000000ff200000)
 ParOldGen       total 471552K, used 314046K [0x00000000c0000000, 0x00000000dcc80000, 0x00000000eaa80000)
  object space 471552K, 66% used [0x00000000c0000000,0x00000000d32af948,0x00000000dcc80000)
 PSPermGen       total 142848K, used 142362K [0x00000000b0000000, 0x00000000b8b80000, 0x00000000c0000000)
  object space 142848K, 99% used [0x00000000b0000000,0x00000000b8b068a8,0x00000000b8b80000)
Event: 81204.030 GC heap after
Heap after GC invocations=3024 (full 1309):
 PSYoungGen      total 335360K, used 5039K [0x00000000eaa80000, 0x0000000100000000, 0x0000000100000000)
  eden space 323072K, 0% used [0x00000000eaa80000,0x00000000eaa80000,0x00000000fe600000)
  from space 12288K, 41% used [0x00000000fe600000,0x00000000feaebee8,0x00000000ff200000)
  to   space 11776K, 0% used [0x00000000ff480000,0x00000000ff480000,0x0000000100000000)
 ParOldGen       total 471552K, used 314046K [0x00000000c0000000, 0x00000000dcc80000, 0x00000000eaa80000)
  object space 471552K, 66% used [0x00000000c0000000,0x00000000d32af948,0x00000000dcc80000)
 PSPermGen       total 142848K, used 142362K [0x00000000b0000000, 0x00000000b8b80000, 0x00000000c0000000)
  object space 142848K, 99% used [0x00000000b0000000,0x00000000b8b068a8,0x00000000b8b80000)
}
Event: 81207.483 GC heap before
{Heap before GC invocations=3025 (full 1309):
 PSYoungGen      total 335360K, used 328111K [0x00000000eaa80000, 0x0000000100000000, 0x0000000100000000)
  eden space 323072K, 100% used [0x00000000eaa80000,0x00000000fe600000,0x00000000fe600000)
  from space 12288K, 41% used [0x00000000fe600000,0x00000000feaebee8,0x00000000ff200000)
  to   space 11776K, 0% used [0x00000000ff480000,0x00000000ff480000,0x0000000100000000)
 ParOldGen       total 471552K, used 314046K [0x00000000c0000000, 0x00000000dcc80000, 0x00000000eaa80000)
  object space 471552K, 66% used [0x00000000c0000000,0x00000000d32af948,0x00000000dcc80000)
 PSPermGen       total 142848K, used 142365K [0x00000000b0000000, 0x00000000b8b80000, 0x00000000c0000000)
  object space 142848K, 99% used [0x00000000b0000000,0x00000000b8b07730,0x00000000b8b80000)
Event: 81207.494 GC heap after
Heap after GC invocations=3025 (full 1309):
 PSYoungGen      total 335872K, used 4903K [0x00000000eaa80000, 0x00000000ffe80000, 0x0000000100000000)
  eden space 325632K, 0% used [0x00000000eaa80000,0x00000000eaa80000,0x00000000fe880000)
  from space 10240K, 47% used [0x00000000ff480000,0x00000000ff949ef8,0x00000000ffe80000)
  to   space 11264K, 0% used [0x00000000fe880000,0x00000000fe880000,0x00000000ff380000)
 ParOldGen       total 471552K, used 314046K [0x00000000c0000000, 0x00000000dcc80000, 0x00000000eaa80000)
  object space 471552K, 66% used [0x00000000c0000000,0x00000000d32af948,0x00000000dcc80000)
 PSPermGen       total 142848K, used 142365K [0x00000000b0000000, 0x00000000b8b80000, 0x00000000c0000000)
  object space 142848K, 99% used [0x00000000b0000000,0x00000000b8b07730,0x00000000b8b80000)
}
Event: 81211.086 GC heap before
{Heap before GC invocations=3026 (full 1309):
 PSYoungGen      total 335872K, used 330535K [0x00000000eaa80000, 0x00000000ffe80000, 0x0000000100000000)
  eden space 325632K, 100% used [0x00000000eaa80000,0x00000000fe880000,0x00000000fe880000)
  from space 10240K, 47% used [0x00000000ff480000,0x00000000ff949ef8,0x00000000ffe80000)
  to   space 11264K, 0% used [0x00000000fe880000,0x00000000fe880000,0x00000000ff380000)
 ParOldGen       total 471552K, used 314046K [0x00000000c0000000, 0x00000000dcc80000, 0x00000000eaa80000)
  object space 471552K, 66% used [0x00000000c0000000,0x00000000d32af948,0x00000000dcc80000)
 PSPermGen       total 142848K, used 142383K [0x00000000b0000000, 0x00000000b8b80000, 0x00000000c0000000)
  object space 142848K, 99% used [0x00000000b0000000,0x00000000b8b0bcc8,0x00000000b8b80000)
Event: 81211.099 GC heap after
Heap after GC invocations=3026 (full 1309):
 PSYoungGen      total 336896K, used 5447K [0x00000000eaa80000, 0x0000000100000000, 0x0000000100000000)
  eden space 325632K, 0% used [0x00000000eaa80000,0x00000000eaa80000,0x00000000fe880000)
  from space 11264K, 48% used [0x00000000fe880000,0x00000000fedd1ef8,0x00000000ff380000)
  to   space 10752K, 0% used [0x00000000ff580000,0x00000000ff580000,0x0000000100000000)
 ParOldGen       total 471552K, used 314046K [0x00000000c0000000, 0x00000000dcc80000, 0x00000000eaa80000)
  object space 471552K, 66% used [0x00000000c0000000,0x00000000d32af948,0x00000000dcc80000)
 PSPermGen       total 142848K, used 142383K [0x00000000b0000000, 0x00000000b8b80000, 0x00000000c0000000)
  object space 142848K, 99% used [0x00000000b0000000,0x00000000b8b0bcc8,0x00000000b8b80000)
}

Deoptimization events (10 events):
Event: 81213.778 Thread 0x0000000013bbe000 Uncommon trap: reason=unreached action=reinterpret pc=0x00000000035a9af8 method=org.eclipse.core.internal.jobs.WorkerPool.startJob(Lorg/eclipse/core/internal/jobs/Worker;)Lorg/eclipse/core/internal/jobs/InternalJob; @ 185
Event: 81213.778 Thread 0x000000000fd84000 Uncommon trap: reason=unreached action=reinterpret pc=0x00000000035a9af8 method=org.eclipse.core.internal.jobs.WorkerPool.startJob(Lorg/eclipse/core/internal/jobs/Worker;)Lorg/eclipse/core/internal/jobs/InternalJob; @ 185
Event: 81213.778 Thread 0x0000000013bc2800 Uncommon trap: reason=unreached action=reinterpret pc=0x00000000035a9af8 method=org.eclipse.core.internal.jobs.WorkerPool.startJob(Lorg/eclipse/core/internal/jobs/Worker;)Lorg/eclipse/core/internal/jobs/InternalJob; @ 185
Event: 81213.778 Thread 0x0000000013bb9800 Uncommon trap: reason=unreached action=reinterpret pc=0x00000000035a9af8 method=org.eclipse.core.internal.jobs.WorkerPool.startJob(Lorg/eclipse/core/internal/jobs/Worker;)Lorg/eclipse/core/internal/jobs/InternalJob; @ 185
Event: 81213.782 Thread 0x0000000013bb8000 Uncommon trap: reason=null_check action=make_not_entrant pc=0x0000000004f42a04 method=org.eclipse.osgi.container.ModuleDatabase.sortByDependencies(Ljava/util/List;)Ljava/util/Collection; @ 130
Event: 81213.789 Thread 0x0000000013bb8000 Uncommon trap: reason=predicate action=maybe_recompile pc=0x0000000004f39e80 method=org.eclipse.osgi.internal.container.ComputeNodeOrder.computeNodeOrder([Ljava/lang/Object;[[Ljava/lang/Object;)[[Ljava/lang/Object; @ 228
Event: 81213.802 Thread 0x000000000cbcc000 Uncommon trap: reason=unreached action=reinterpret pc=0x0000000002b05bec method=org.eclipse.osgi.framework.eventmgr.EventManager$EventThread.run()V @ 6
Event: 81213.819 Thread 0x0000000013bb8000 Uncommon trap: reason=unreached action=reinterpret pc=0x0000000002dcc8d0 method=sun.reflect.UnsafeStaticObjectFieldAccessorImpl.set(Ljava/lang/Object;Ljava/lang/Object;)V @ 13
Event: 81213.820 Thread 0x000000000c223800 Uncommon trap: reason=unreached action=reinterpret pc=0x0000000002b05bec method=org.eclipse.osgi.framework.eventmgr.EventManager$EventThread.run()V @ 6
Event: 81213.827 Thread 0x000000000c614000 Uncommon trap: reason=bimorphic action=maybe_recompile pc=0x0000000003229a9c method=java.util.concurrent.ThreadPoolExecutor.getTask()Ljava/lang/Runnable; @ 29

Internal exceptions (10 events):
Event: 81186.874 Thread 0x0000000013bb8000 Implicit null exception at 0x0000000003f2e084 to 0x0000000003f2f33d
Event: 81213.102 Thread 0x0000000013bb8000 Implicit null exception at 0x0000000004f19592 to 0x0000000004f196dd
Event: 81213.614 Thread 0x000000000f0a7800 Threw 0x00000000f5e68590 at C:\re\jdk7u79\2331\hotspot\src\share\vm\prims\jni.cpp:717
Event: 81213.779 Thread 0x000000000f0ab800 Threw 0x00000000f64e1ed0 at C:\re\jdk7u79\2331\hotspot\src\share\vm\runtime\objectMonitor.cpp:1684
Event: 81213.782 Thread 0x0000000013bb8000 Implicit null exception at 0x0000000004f41f43 to 0x0000000004f429e9
Event: 81213.802 Thread 0x000000000cbcc000 Threw 0x00000000f651b360 at C:\re\jdk7u79\2331\hotspot\src\share\vm\runtime\objectMonitor.cpp:1684
Event: 81213.819 Thread 0x0000000013bb8000 Implicit null exception at 0x0000000002dcc7d8 to 0x0000000002dcc8c1
Event: 81213.820 Thread 0x000000000c223800 Threw 0x00000000f651a658 at C:\re\jdk7u79\2331\hotspot\src\share\vm\runtime\objectMonitor.cpp:1684
Event: 81213.827 Thread 0x000000000cbce800 Threw 0x00000000f5e621c8 at C:\re\jdk7u79\2331\hotspot\src\share\vm\runtime\objectMonitor.cpp:1684
Event: 81213.833 Thread 0x000000000c1de000 Threw 0x00000000f685a180 at C:\re\jdk7u79\2331\hotspot\src\share\vm\runtime\objectMonitor.cpp:1684

Events (10 events):
Event: 81213.827 Thread 0x000000000c614000 DEOPT PACKING pc=0x0000000003229a9c sp=0x000000000bfef2b0
Event: 81213.827 Thread 0x000000000c614000 DEOPT UNPACKING pc=0x00000000029175a4 sp=0x000000000bfef1d8 mode 2
Event: 81213.827 Thread 0x000000000c614000 Thread exited: 0x000000000c614000
Event: 81213.833 Executing VM operation: RevokeBias
Event: 81213.833 Executing VM operation: RevokeBias done
Event: 81213.833 Thread 0x000000000c1de000 Thread exited: 0x000000000c1de000
Event: 81213.839 Thread 0x0000000013bb9000 Thread added: 0x0000000013bb9000
Event: 81213.839 Thread 0x0000000013bb8000 Thread exited: 0x0000000013bb8000
Event: 81213.839 Thread 0x0000000013bb9000 Thread exited: 0x0000000013bb9000
Event: 81213.840 Executing VM operation: Exit


Dynamic libraries:
0x00007ff772ff0000 - 0x00007ff773023000 	C:\Windows\SYSTEM32\javaw.exe
0x00007ff8f2bc0000 - 0x00007ff8f2d81000 	C:\Windows\SYSTEM32\ntdll.dll
0x00007ff8f27a0000 - 0x00007ff8f284d000 	C:\Windows\system32\KERNEL32.DLL
0x00007ff8ef930000 - 0x00007ff8efb18000 	C:\Windows\system32\KERNELBASE.dll
0x00007ff8f1d90000 - 0x00007ff8f1e37000 	C:\Windows\system32\ADVAPI32.dll
0x00007ff8f2b20000 - 0x00007ff8f2bbd000 	C:\Windows\system32\msvcrt.dll
0x00007ff8f1e50000 - 0x00007ff8f1eab000 	C:\Windows\system32\sechost.dll
0x00007ff8f0230000 - 0x00007ff8f034c000 	C:\Windows\system32\RPCRT4.dll
0x00007ff8f1ae0000 - 0x00007ff8f1c36000 	C:\Windows\system32\USER32.dll
0x00007ff8f2990000 - 0x00007ff8f2b16000 	C:\Windows\system32\GDI32.dll
0x00007ff8e8540000 - 0x00007ff8e87b4000 	C:\Windows\WinSxS\amd64_microsoft.windows.common-controls_6595b64144ccf1df_6.0.10586.0_none_8c15ae12515e1c22\COMCTL32.dll
0x00007ff8f20b0000 - 0x00007ff8f232d000 	C:\Windows\system32\combase.dll
0x00007ff8efbb0000 - 0x00007ff8efc1a000 	C:\Windows\system32\bcryptPrimitives.dll
0x00007ff8f2760000 - 0x00007ff8f279b000 	C:\Windows\system32\IMM32.DLL
0x0000000058f50000 - 0x0000000058f66000 	C:\Windows\SYSTEM32\PGPmapih.dll
0x00007ff8ef030000 - 0x00007ff8ef061000 	C:\Windows\system32\nvinitx.dll
0x00007ff8ef020000 - 0x00007ff8ef02a000 	C:\Windows\SYSTEM32\VERSION.dll
0x000000000f000000 - 0x000000000f006000 	C:\Program Files\NVIDIA Corporation\CoProcManager\_etoured.dll
0x00007ff8ed0c0000 - 0x00007ff8ed0f2000 	C:\Program Files\NVIDIA Corporation\CoProcManager\nvd3d9wrapx.dll
0x00007ff8f2330000 - 0x00007ff8f2759000 	C:\Windows\system32\SETUPAPI.dll
0x00007ff8ef8c0000 - 0x00007ff8ef903000 	C:\Windows\system32\CFGMGR32.dll
0x00007ff8ed090000 - 0x00007ff8ed0b2000 	C:\Program Files\NVIDIA Corporation\CoProcManager\nvdxgiwrapx.dll
0x0000000056750000 - 0x0000000056822000 	C:\Program Files\Java\jre7\bin\msvcr100.dll
0x0000000055f70000 - 0x0000000056745000 	C:\Program Files\Java\jre7\bin\server\jvm.dll
0x00007ff8f1ad0000 - 0x00007ff8f1ad8000 	C:\Windows\system32\PSAPI.DLL
0x00007ff8ed870000 - 0x00007ff8ed893000 	C:\Windows\SYSTEM32\WINMM.dll
0x00007ff8d46d0000 - 0x00007ff8d46d9000 	C:\Windows\SYSTEM32\WSOCK32.dll
0x00007ff8f1eb0000 - 0x00007ff8f1f1b000 	C:\Windows\system32\WS2_32.dll
0x00007ff8ed730000 - 0x00007ff8ed75c000 	C:\Windows\SYSTEM32\WINMMBASE.dll
0x0000000057d30000 - 0x0000000057d3f000 	C:\Program Files\Java\jre7\bin\verify.dll
0x0000000055f40000 - 0x0000000055f68000 	C:\Program Files\Java\jre7\bin\java.dll
0x0000000057bf0000 - 0x0000000057c05000 	C:\Program Files\Java\jre7\bin\zip.dll
0x00007ff8eeb10000 - 0x00007ff8eeb27000 	C:\Windows\SYSTEM32\CRYPTSP.dll
0x00007ff8ee7a0000 - 0x00007ff8ee7d4000 	C:\Windows\system32\rsaenh.dll
0x00007ff8ef110000 - 0x00007ff8ef139000 	C:\Windows\SYSTEM32\bcrypt.dll
0x00007ff8ee8f0000 - 0x00007ff8ee90f000 	C:\Windows\SYSTEM32\USERENV.dll
0x00007ff8ef230000 - 0x00007ff8ef244000 	C:\Windows\system32\profapi.dll
0x00007ff8eec30000 - 0x00007ff8eec3b000 	C:\Windows\SYSTEM32\CRYPTBASE.dll
0x0000000055f20000 - 0x0000000055f3a000 	C:\Program Files\Java\jre7\bin\net.dll
0x00007ff8eea60000 - 0x00007ff8eeabc000 	C:\Windows\system32\mswsock.dll
0x00007ff8e9e80000 - 0x00007ff8e9eb8000 	C:\Windows\SYSTEM32\IPHLPAPI.DLL
0x00007ff8f1e40000 - 0x00007ff8f1e48000 	C:\Windows\system32\NSI.dll
0x00007ff8e90f0000 - 0x00007ff8e9106000 	C:\Windows\SYSTEM32\dhcpcsvc6.DLL
0x00007ff8e9070000 - 0x00007ff8e908a000 	C:\Windows\SYSTEM32\dhcpcsvc.DLL
0x0000000055f00000 - 0x0000000055f11000 	C:\Program Files\Java\jre7\bin\nio.dll
0x0000000072000000 - 0x0000000072012000 	D:\GitRepo\Eclipse\plugins\org.eclipse.equinox.launcher.win32.win32.x86_64_1.1.300.v20150602-1417\eclipse_1611.dll
0x00007ff8edbd0000 - 0x00007ff8edc66000 	C:\Windows\system32\uxtheme.dll
0x00007ff8f00d0000 - 0x00007ff8f022a000 	C:\Windows\system32\MSCTF.dll
0x0000000180000000 - 0x0000000180062000 	C:\Program Files (x86)\kingsoft\kwifi\kwassist64.dll
0x00007ff8f0570000 - 0x00007ff8f1acc000 	C:\Windows\system32\SHELL32.dll
0x00007ff8ef270000 - 0x00007ff8ef8b5000 	C:\Windows\system32\windows.storage.dll
0x00007ff8f28d0000 - 0x00007ff8f2922000 	C:\Windows\system32\shlwapi.dll
0x00007ff8ef260000 - 0x00007ff8ef26f000 	C:\Windows\system32\kernel.appcore.dll
0x00007ff8efd30000 - 0x00007ff8efde5000 	C:\Windows\system32\shcore.dll
0x00007ff8ef1e0000 - 0x00007ff8ef22b000 	C:\Windows\system32\powrprof.dll
0x00007ff8f1c40000 - 0x00007ff8f1d83000 	C:\Windows\system32\ole32.dll
0x00007ff8f1fd0000 - 0x00007ff8f2091000 	C:\Windows\system32\OLEAUT32.dll
0x00007ff8e7e80000 - 0x00007ff8e8028000 	C:\Windows\WinSxS\amd64_microsoft.windows.gdiplus_6595b64144ccf1df_1.1.10586.20_none_db007f1392e69ef4\gdiplus.dll
0x00007ff8e41c0000 - 0x00007ff8e41d0000 	C:\Windows\SYSTEM32\PGPhk.dll
0x00007ff8c24a0000 - 0x00007ff8c24e0000 	C:\Program Files\WIDCOMM\Bluetooth Software\btmmhook.dll
0x00007ff8dd060000 - 0x00007ff8dd076000 	C:\Windows\system32\napinsp.dll
0x00007ff8dcfe0000 - 0x00007ff8dcffa000 	C:\Windows\system32\pnrpnsp.dll
0x00007ff8ec130000 - 0x00007ff8ec148000 	C:\Windows\system32\NLAapi.dll
0x00007ff8edaf0000 - 0x00007ff8edb9a000 	C:\Windows\SYSTEM32\DNSAPI.dll
0x00007ff8dcfd0000 - 0x00007ff8dcfdd000 	C:\Windows\System32\winrnr.dll
0x00007ff8dcfb0000 - 0x00007ff8dcfc5000 	C:\Windows\System32\wshbth.dll
0x00007ff8e7080000 - 0x00007ff8e708a000 	C:\Windows\System32\rasadhlp.dll
0x00007ff8e7560000 - 0x00007ff8e75c7000 	C:\Windows\System32\fwpuclnt.dll
0x0000000010000000 - 0x00000000100a8000 	D:\GitRepo\Eclipse\configuration\org.eclipse.osgi\388\0\.cp\swt-win32-4530.dll
0x00007ff8effc0000 - 0x00007ff8f00cb000 	C:\Windows\system32\comdlg32.dll
0x00007ff8efb20000 - 0x00007ff8efba6000 	C:\Windows\system32\FirewallAPI.dll
0x000000000beb0000 - 0x000000000bec7000 	C:\Windows\system32\NETAPI32.dll
0x00007ff8efdf0000 - 0x00007ff8effb7000 	C:\Windows\system32\CRYPT32.dll
0x00007ff8e9140000 - 0x00007ff8e91c4000 	C:\Windows\SYSTEM32\WINSPOOL.DRV
0x00007ff8e50b0000 - 0x00007ff8e50c8000 	C:\Windows\SYSTEM32\USP10.dll
0x00007ff8ef250000 - 0x00007ff8ef260000 	C:\Windows\system32\MSASN1.dll
0x00007ff8d6d20000 - 0x00007ff8d6fc9000 	C:\Windows\SYSTEM32\WININET.dll
0x00007ff8e8460000 - 0x00007ff8e846c000 	C:\Windows\SYSTEM32\DAVHLPR.DLL
0x00007ff8edef0000 - 0x00007ff8edf22000 	C:\Windows\SYSTEM32\fwbase.dll
0x00007ff8ec670000 - 0x00007ff8ec692000 	C:\Windows\system32\dwmapi.dll
0x00007ff8ed150000 - 0x00007ff8ed2d6000 	C:\Windows\SYSTEM32\propsys.dll
0x00007ff8f1f20000 - 0x00007ff8f1fc7000 	C:\Windows\system32\clbcatq.dll
0x00007ff8dbeb0000 - 0x00007ff8dbebd000 	C:\Windows\system32\LINKINFO.dll
0x000000000daa0000 - 0x000000000dabe000 	D:\GitRepo\Eclipse\configuration\org.eclipse.osgi\388\0\.cp\swt-gdip-win32-4530.dll
0x00007ff8ebbf0000 - 0x00007ff8ebda1000 	C:\Windows\SYSTEM32\WindowsCodecs.dll
0x000000000e210000 - 0x000000000e222000 	D:\GitRepo\Eclipse\configuration\org.eclipse.osgi\80\0\.cp\os\win32\x86_64\localfile_1_0_0.dll
0x00007ff8e7e10000 - 0x00007ff8e7e7a000 	C:\Windows\SYSTEM32\oleacc.dll
0x00007ff8e8490000 - 0x00007ff8e8497000 	C:\Windows\SYSTEM32\msimg32.dll
0x00007ff8e43a0000 - 0x00007ff8e43de000 	C:\Windows\system32\mlang.dll
0x00007ff8c2ac0000 - 0x00007ff8c2ad1000 	D:\GitRepo\Eclipse\configuration\org.eclipse.osgi\83\0\.cp\jWinHttp-1.0.0.dll
0x00007ff8e9da0000 - 0x00007ff8e9e68000 	C:\Windows\SYSTEM32\WINHTTP.dll
0x0000000055ed0000 - 0x0000000055ef4000 	C:\Program Files\Java\jre7\bin\sunec.dll
0x00007ff8e3460000 - 0x00007ff8e34aa000 	C:\Windows\system32\dataexchange.dll
0x00007ff8ed610000 - 0x00007ff8ed6f3000 	C:\Windows\system32\dcomp.dll
0x00007ff8ec3c0000 - 0x00007ff8ec668000 	C:\Windows\system32\d3d11.dll
0x00007ff8ec310000 - 0x00007ff8ec3b3000 	C:\Windows\system32\dxgi.dll
0x00007ff8edc90000 - 0x00007ff8edd90000 	C:\Windows\system32\twinapi.appcore.dll
0x00007ff8e5a20000 - 0x00007ff8e5c80000 	C:\Windows\SYSTEM32\DWrite.dll
0x00007ff8d0df0000 - 0x00007ff8d1290000 	C:\Windows\system32\explorerframe.dll
0x00007ff8e9270000 - 0x00007ff8e92c0000 	C:\Windows\system32\edputil.dll
0x00007ff8ee680000 - 0x00007ff8ee6b1000 	C:\Windows\SYSTEM32\ntmarta.dll
0x00007ff8ed9a0000 - 0x00007ff8eda19000 	C:\Windows\system32\apphelp.dll
0x0000000055eb0000 - 0x0000000055ec3000 	C:\Program Files\FileZilla FTP Client\fzshellext_64.dll
0x0000000055ea0000 - 0x0000000055eab000 	C:\Program Files\Java\jre7\bin\sunmscapi.dll
0x00007ff8c2070000 - 0x00007ff8c20de000 	C:\Program Files\WIDCOMM\Bluetooth Software\btncopy.dll
0x00007ff8be9e0000 - 0x00007ff8bebd4000 	C:\Windows\system32\PGPfsshl.dll
0x0000000055e20000 - 0x0000000055e91000 	C:\Windows\system32\PGPsdkUI.dll
0x00007ff8c0dc0000 - 0x00007ff8c0e3d000 	C:\Windows\system32\PGPsdkNL.dll
0x0000000055bc0000 - 0x0000000055e1e000 	C:\Windows\system32\PGPsdk.dll
0x00007ff8eb090000 - 0x00007ff8eb0ab000 	C:\Windows\system32\MPR.dll
0x00007ff8d9720000 - 0x00007ff8d9734000 	C:\Windows\system32\DFSCLI.DLL
0x00007ff8ee5a0000 - 0x00007ff8ee5ac000 	C:\Windows\system32\NETUTILS.DLL
0x00007ff8e9480000 - 0x00007ff8e94be000 	C:\Windows\system32\WinSCard.dll
0x00007ff8edba0000 - 0x00007ff8edbc7000 	C:\Windows\system32\DEVOBJ.dll
0x00007ff8cfe90000 - 0x00007ff8cff6b000 	C:\Windows\system32\ntshrui.dll
0x00007ff8eee10000 - 0x00007ff8eee3d000 	C:\Windows\system32\SspiCli.dll
0x0000000057ca0000 - 0x0000000057cbb000 	C:\Program Files\TortoiseGit\bin\TortoiseGitStub.dll
0x0000000057c10000 - 0x0000000057ca0000 	C:\Program Files\TortoiseGit\bin\TortoiseGit.dll
0x00007ff8cd7e0000 - 0x00007ff8cd8ca000 	C:\Program Files\TortoiseGit\bin\libgit2_tgit.dll
0x00007ff8e2440000 - 0x00007ff8e2447000 	C:\Windows\SYSTEM32\SHFOLDER.dll
0x00007ff8cd6f0000 - 0x00007ff8cd7da000 	C:\Program Files\TortoiseGit\bin\gitdll.dll
0x00007ff8cd9c0000 - 0x00007ff8cda66000 	C:\Windows\SYSTEM32\MSVCP120.dll
0x00007ff8cd8d0000 - 0x00007ff8cd9bf000 	C:\Windows\SYSTEM32\MSVCR120.dll
0x00007ff8cdfc0000 - 0x00007ff8cdfd8000 	C:\Program Files\TortoiseGit\bin\zlib1_tgit.dll
0x00007ff8cdfa0000 - 0x00007ff8cdfb1000 	C:\Program Files\TortoiseGit\bin\crshhndl.dll
0x00007ff8dd430000 - 0x00007ff8dd456000 	C:\Windows\system32\srvcli.dll
0x00007ff8e2ca0000 - 0x00007ff8e2cb2000 	C:\Windows\SYSTEM32\cscapi.dll
0x00007ff8f0350000 - 0x00007ff8f03bf000 	C:\Windows\system32\coml2.dll

VM Arguments:
jvm_args: -Dosgi.requiredJavaVersion=1.7 -Xms256m -Xmx1024m -XX:MaxPermSize=256m 
java_command: D:\GitRepo\Eclipse\\plugins/org.eclipse.equinox.launcher_1.3.100.v20150511-1540.jar -os win32 -ws win32 -arch x86_64 -showsplash D:\GitRepo\Eclipse\\plugins\org.eclipse.platform_4.5.2.v20160212-1500\splash.bmp -launcher D:\GitRepo\Eclipse\eclipse.exe -name Eclipse --launcher.library D:\GitRepo\Eclipse\\plugins/org.eclipse.equinox.launcher.win32.win32.x86_64_1.1.300.v20150602-1417\eclipse_1611.dll -startup D:\GitRepo\Eclipse\\plugins/org.eclipse.equinox.launcher_1.3.100.v20150511-1540.jar --launcher.appendVmargs -exitdata 33f8_f8 -product org.eclipse.epp.package.java.product -vm C:\Windows\SYSTEM32\javaw.exe -vmargs -Dosgi.requiredJavaVersion=1.7 -Xms256m -Xmx1024m -XX:MaxPermSize=256m -jar D:\GitRepo\Eclipse\\plugins/org.eclipse.equinox.launcher_1.3.100.v20150511-1540.jar
Launcher Type: SUN_STANDARD

Environment Variables:
JAVA_HOME=C:\Program Files\Java\jdk1.7.0_79
CLASSPATH=.;C:\Program Files\Java\jdk1.7.0_79\lib\dt.jar;C:\Program Files\Java\jdk1.7.0_79\lib\tools.jar
PATH=C:\Windows\SYSTEM32;C:\Windows;C:\Windows\SYSTEM32\WBEM;C:\Windows\SYSTEM32\WINDOWSPOWERSHELL\V1.0\;C:\PROGRAM FILES\SAFENET\AUTHENTICATION\SAC\X64;C:\PROGRAM FILES\SAFENET\AUTHENTICATION\SAC\X32;C:\PROGRAM FILES\TORTOISEGIT\BIN;C:\PROGRAM FILES\GIT\CMD;C:\Program Files\WIDCOMM\Bluetooth Software\;C:\Program Files\WIDCOMM\Bluetooth Software\syswow64;C:\Program Files\Java\jdk1.7.0_79\bin;C:\Program Files\SafeNet\Authentication\SAC\x32\BSecClient
USERNAME=li
OS=Windows_NT
PROCESSOR_IDENTIFIER=Intel64 Family 6 Model 58 Stepping 9, GenuineIntel



---------------  S Y S T E M  ---------------

OS: Windows 8.1 , 64 bit Build 9600 

CPU:total 8 (4 cores per cpu, 2 threads per core) family 6 model 58 stepping 9, cmov, cx8, fxsr, mmx, sse, sse2, sse3, ssse3, sse4.1, sse4.2, popcnt, avx, erms, ht, tsc, tscinvbit, tscinv

Memory: 4k page, physical 12167084k(6102856k free), swap 14002092k(6011300k free)

vm_info: Java HotSpot(TM) 64-Bit Server VM (24.79-b02) for windows-amd64 JRE (1.7.0_79-b15), built on Apr 10 2015 12:36:16 by "java_re" with unknown MS VC++:1600

time: Sat Apr 23 12:22:39 2016
elapsed time: 81214 seconds

