#
# A fatal error has been detected by the Java Runtime Environment:
#
#  EXCEPTION_ACCESS_VIOLATION (0xc0000005) at pc=0x00000000229290c7, pid=19764, tid=20024
#
# JRE version: Java(TM) SE Runtime Environment (7.0_79-b15) (build 1.7.0_79-b15)
# Java VM: Java HotSpot(TM) 64-Bit Server VM (24.79-b02 mixed mode windows-amd64 compressed oops)
# Problematic frame:
# C  0x00000000229290c7
#
# Failed to write core dump. Minidumps are not enabled by default on client versions of Windows
#
# If you would like to submit a bug report, please visit:
#   http://bugreport.java.com/bugreport/crash.jsp
#

---------------  T H R E A D  ---------------

Current thread (0x00000000091d4000):  VMThread [stack: 0x000000000aea0000,0x000000000afa0000] [id=20024]

siginfo: ExceptionCode=0xc0000005, reading address 0x0000000092203093

Registers:
RAX=0x0000000022dcc056, RBX=0x0000000092203093, RCX=0x0000000022202b0b, RDX=0x0000000000000001
RSP=0x000000000af9f000, RBP=0x0000000000000000, RSI=0x0000000022202aef, RDI=0x0000000000000020
R8 =0x000000001961abe0, R9 =0x0000000019626f50, R10=0x000000000af9f040, R11=0x0000000000000000
R12=0x000000000af9f098, R13=0x0000000000000000, R14=0x000000000af9f190, R15=0x000000000d7a6062
RIP=0x00000000229290c7, EFLAGS=0x0000000000010246

Top of Stack: (sp=0x000000000af9f000)
0x000000000af9f000:   0000000000000001 0000000022925e82
0x000000000af9f010:   000000000af9f0f0 0000000022dcc056
0x000000000af9f020:   000000000d7fd5d4 000000000af9f0f0
0x000000000af9f030:   0000000022dcc056 0000000022925249
0x000000000af9f040:   0000000000000001 00000000221d1d60
0x000000000af9f050:   000000000d7d6242 0000000022202aef
0x000000000af9f060:   0000000022202aef 0000000022202ae7
0x000000000af9f070:   00000000221d1d70 000000000af9f190
0x000000000af9f080:   0000000022dcc056 0000000022924023
0x000000000af9f090:   00000000221d1d60 0000000022dcc056
0x000000000af9f0a0:   000000000d7d6242 000000000d7fd5d4
0x000000000af9f0b0:   0000000000570000 00000000195e0000
0x000000000af9f0c0:   00000000001576d8 0000000000000000
0x000000000af9f0d0:   0000000000000001 0000000000000000
0x000000000af9f0e0:   00000000000003ff 00007ffa34db5c5f
0x000000000af9f0f0:   00000000221d1d70 00000000221d1d92 

Instructions: (pc=0x00000000229290c7)
0x00000000229290a7:   53 74 0a c7 01 55 54 42 53 44 89 69 04 48 8d 4c
0x00000000229290b7:   39 04 48 3b d9 74 40 48 85 ed 75 44 41 8b 04 24
0x00000000229290c7:   8b 0b 3b c1 72 22 75 08 48 8b eb e9 79 ff ff ff
0x00000000229290d7:   8b 7b 10 85 ff 75 08 49 8b dd e9 6a ff ff ff 48 


Register to memory mapping:

RAX=0x0000000022dcc056 is an unknown value
RBX=0x0000000092203093 is an unknown value
RCX=0x0000000022202b0b is an unknown value
RDX=0x0000000000000001 is an unknown value
RSP=0x000000000af9f000 is an unknown value
RBP=0x0000000000000000 is an unknown value
RSI=0x0000000022202aef is an unknown value
RDI=0x0000000000000020 is an unknown value
R8 =0x000000001961abe0 is an unknown value
R9 =0x0000000019626f50 is an unknown value
R10=0x000000000af9f040 is an unknown value
R11=0x0000000000000000 is an unknown value
R12=0x000000000af9f098 is an unknown value
R13=0x0000000000000000 is an unknown value
R14=0x000000000af9f190 is an unknown value
R15=0x000000000d7a6062 is an unknown value


Stack: [0x000000000aea0000,0x000000000afa0000],  sp=0x000000000af9f000,  free space=1020k
Native frames: (J=compiled Java code, j=interpreted, Vv=VM code, C=native code)
C  0x00000000229290c7

[error occurred during error reporting (printing native stack), id 0xc0000005]

VM_Operation (0x000000000287f500): Exit, mode: safepoint, requested by thread 0x0000000002880800


---------------  P R O C E S S  ---------------

Java Threads: ( => current thread )
  0x0000000013579800 JavaThread "Recommenders-Bus-Thread-552" daemon [_thread_blocked, id=17516, stack(0x0000000036b30000,0x0000000036c30000)]
  0x000000001357e800 JavaThread "Recommenders-Bus-Thread-551" daemon [_thread_blocked, id=18828, stack(0x0000000036930000,0x0000000036a30000)]
  0x000000001357e000 JavaThread "Recommenders-Bus-Thread-550" daemon [_thread_blocked, id=17832, stack(0x0000000036830000,0x0000000036930000)]
  0x0000000013580000 JavaThread "Recommenders-Bus-Thread-549" daemon [_thread_blocked, id=5656, stack(0x0000000036730000,0x0000000036830000)]
  0x000000000d36b800 JavaThread "Recommenders-Bus-Thread-548" daemon [_thread_blocked, id=19276, stack(0x0000000036630000,0x0000000036730000)]
  0x000000000d368800 JavaThread "Recommenders-Bus-Thread-547" daemon [_thread_blocked, id=5748, stack(0x0000000036430000,0x0000000036530000)]
  0x000000000d361000 JavaThread "Recommenders-Bus-Thread-546" daemon [_thread_blocked, id=16544, stack(0x0000000036330000,0x0000000036430000)]
  0x000000000d367000 JavaThread "Recommenders-Bus-Thread-545" daemon [_thread_blocked, id=17260, stack(0x0000000036230000,0x0000000036330000)]
  0x000000000d35e000 JavaThread "Recommenders-Bus-Thread-544" daemon [_thread_blocked, id=12480, stack(0x0000000036130000,0x0000000036230000)]
  0x000000000d362800 JavaThread "Recommenders-Timeout-Manager" [_thread_blocked, id=20248, stack(0x0000000020c70000,0x0000000020d70000)]
  0x000000000d261800 JavaThread "com.google.inject.internal.util.$Finalizer" daemon [_thread_blocked, id=7612, stack(0x000000001ff70000,0x0000000020070000)]
  0x000000000d258000 JavaThread "Thread-9" [_thread_blocked, id=17664, stack(0x000000001cc70000,0x000000001cd70000)]
  0x000000000c37f000 JavaThread "EMF Reference Cleaner" daemon [_thread_blocked, id=12356, stack(0x000000000dfa0000,0x000000000e0a0000)]
  0x000000000297d000 JavaThread "Service Thread" daemon [_thread_blocked, id=22456, stack(0x000000000b9a0000,0x000000000baa0000)]
  0x000000000b1d3000 JavaThread "C2 CompilerThread1" daemon [_thread_blocked, id=15148, stack(0x000000000b8a0000,0x000000000b9a0000)]
  0x000000000b1d1800 JavaThread "C2 CompilerThread0" daemon [_thread_blocked, id=1904, stack(0x000000000b7a0000,0x000000000b8a0000)]
  0x0000000002978000 JavaThread "Attach Listener" daemon [_thread_blocked, id=1180, stack(0x000000000b6a0000,0x000000000b7a0000)]
  0x0000000002971000 JavaThread "Signal Dispatcher" daemon [_thread_blocked, id=19820, stack(0x000000000b5a0000,0x000000000b6a0000)]
  0x00000000091e0800 JavaThread "Finalizer" daemon [_thread_blocked, id=19324, stack(0x000000000b0a0000,0x000000000b1a0000)]
  0x00000000091da000 JavaThread "Reference Handler" daemon [_thread_blocked, id=15180, stack(0x000000000afa0000,0x000000000b0a0000)]
  0x0000000002880800 JavaThread "main" [_thread_blocked, id=16724, stack(0x0000000002780000,0x0000000002880000)]

Other Threads:
=>0x00000000091d4000 VMThread [stack: 0x000000000aea0000,0x000000000afa0000] [id=20024]

VM state:at safepoint (shutting down)

VM Mutex/Monitor currently owned by a thread:  ([mutex/lock_event])
[0x000000000277c460] Threads_lock - owner thread: 0x00000000091d4000

Heap
 PSYoungGen      total 323584K, used 142231K [0x00000000eaa80000, 0x00000000fff80000, 0x0000000100000000)
  eden space 297984K, 47% used [0x00000000eaa80000,0x00000000f3565c48,0x00000000fcd80000)
  from space 25600K, 0% used [0x00000000fe680000,0x00000000fe680000,0x00000000fff80000)
  to   space 25600K, 0% used [0x00000000fcd80000,0x00000000fcd80000,0x00000000fe680000)
 ParOldGen       total 492544K, used 256306K [0x00000000c0000000, 0x00000000de100000, 0x00000000eaa80000)
  object space 492544K, 52% used [0x00000000c0000000,0x00000000cfa4ca58,0x00000000de100000)
 PSPermGen       total 132608K, used 132398K [0x00000000b0000000, 0x00000000b8180000, 0x00000000c0000000)
  object space 132608K, 99% used [0x00000000b0000000,0x00000000b814b8c8,0x00000000b8180000)

Card table byte_map: [0x0000000005980000,0x0000000005c10000] byte_map_base: 0x0000000005400000

Polling page: 0x0000000000560000

Code Cache  [0x0000000002980000, 0x00000000047c0000, 0x0000000005980000)
 total_blobs=7954 nmethods=6946 adapters=949 free_code_cache=18622Kb largest_free_block=18675968

Compilation events (10 events):
Event: 18679.859 Thread 0x000000000b1d3000 8417             java.lang.StackTraceElement::isNativeMethod (15 bytes)
Event: 18679.860 Thread 0x000000000b1d3000 nmethod 8417 0x0000000003b3bc50 code [0x0000000003b3bd80, 0x0000000003b3bdd8]
Event: 18679.864 Thread 0x000000000b1d3000 8418             java.lang.Throwable$WrappedPrintWriter::println (9 bytes)
Event: 18679.868 Thread 0x000000000b1d3000 nmethod 8418 0x000000000430ab10 code [0x000000000430ac80, 0x000000000430b058]
Event: 18679.870 Thread 0x000000000b1d3000 8419   !         java.io.PrintWriter::println (34 bytes)
Event: 18679.874 Thread 0x000000000b1d3000 nmethod 8419 0x00000000045dc0d0 code [0x00000000045dc220, 0x00000000045dc5d8]
Event: 18679.894 Thread 0x000000000b1d1800 nmethod 8416 0x0000000003951050 code [0x0000000003951220, 0x0000000003951ff0]
Event: 18679.964 Thread 0x000000000b1d3000 8421 %           org.eclipse.osgi.container.ModuleDatabase::sortByDependencies @ 81 (377 bytes)
Event: 18679.984 Thread 0x000000000b1d1800 8422             org.eclipse.osgi.internal.container.ComputeNodeOrder::computeNodeOrder (251 bytes)
Event: 18680.060 Thread 0x000000000b1d1800 nmethod 8422 0x00000000040a6710 code [0x00000000040a6a40, 0x00000000040a8060]

GC Heap History (10 events):
Event: 18588.584 GC heap before
{Heap before GC invocations=563 (full 197):
 PSYoungGen      total 323072K, used 310827K [0x00000000eaa80000, 0x0000000100000000, 0x0000000100000000)
  eden space 297472K, 100% used [0x00000000eaa80000,0x00000000fcd00000,0x00000000fcd00000)
  from space 25600K, 52% used [0x00000000fcd00000,0x00000000fda0ac18,0x00000000fe600000)
  to   space 26112K, 0% used [0x00000000fe680000,0x00000000fe680000,0x0000000100000000)
 ParOldGen       total 492544K, used 254778K [0x00000000c0000000, 0x00000000de100000, 0x00000000eaa80000)
  object space 492544K, 51% used [0x00000000c0000000,0x00000000cf8ce9c0,0x00000000de100000)
 PSPermGen       total 132096K, used 131689K [0x00000000b0000000, 0x00000000b8100000, 0x00000000c0000000)
  object space 132096K, 99% used [0x00000000b0000000,0x00000000b809a4e0,0x00000000b8100000)
Event: 18588.596 GC heap after
Heap after GC invocations=563 (full 197):
 PSYoungGen      total 322560K, used 15148K [0x00000000eaa80000, 0x0000000100000000, 0x0000000100000000)
  eden space 296448K, 0% used [0x00000000eaa80000,0x00000000eaa80000,0x00000000fcc00000)
  from space 26112K, 58% used [0x00000000fe680000,0x00000000ff54b128,0x0000000100000000)
  to   space 26624K, 0% used [0x00000000fcc00000,0x00000000fcc00000,0x00000000fe600000)
 ParOldGen       total 492544K, used 254778K [0x00000000c0000000, 0x00000000de100000, 0x00000000eaa80000)
  object space 492544K, 51% used [0x00000000c0000000,0x00000000cf8ce9c0,0x00000000de100000)
 PSPermGen       total 132096K, used 131689K [0x00000000b0000000, 0x00000000b8100000, 0x00000000c0000000)
  object space 132096K, 99% used [0x00000000b0000000,0x00000000b809a4e0,0x00000000b8100000)
}
Event: 18594.056 GC heap before
{Heap before GC invocations=564 (full 197):
 PSYoungGen      total 322560K, used 71676K [0x00000000eaa80000, 0x0000000100000000, 0x0000000100000000)
  eden space 296448K, 19% used [0x00000000eaa80000,0x00000000ee1b4228,0x00000000fcc00000)
  from space 26112K, 58% used [0x00000000fe680000,0x00000000ff54b128,0x0000000100000000)
  to   space 26624K, 0% used [0x00000000fcc00000,0x00000000fcc00000,0x00000000fe600000)
 ParOldGen       total 492544K, used 254778K [0x00000000c0000000, 0x00000000de100000, 0x00000000eaa80000)
  object space 492544K, 51% used [0x00000000c0000000,0x00000000cf8ce9c0,0x00000000de100000)
 PSPermGen       total 132096K, used 131689K [0x00000000b0000000, 0x00000000b8100000, 0x00000000c0000000)
  object space 132096K, 99% used [0x00000000b0000000,0x00000000b809a6a0,0x00000000b8100000)
Event: 18594.075 GC heap after
Heap after GC invocations=564 (full 197):
 PSYoungGen      total 323072K, used 12496K [0x00000000eaa80000, 0x0000000100000000, 0x0000000100000000)
  eden space 296448K, 0% used [0x00000000eaa80000,0x00000000eaa80000,0x00000000fcc00000)
  from space 26624K, 46% used [0x00000000fcc00000,0x00000000fd834148,0x00000000fe600000)
  to   space 26112K, 0% used [0x00000000fe680000,0x00000000fe680000,0x0000000100000000)
 ParOldGen       total 492544K, used 254778K [0x00000000c0000000, 0x00000000de100000, 0x00000000eaa80000)
  object space 492544K, 51% used [0x00000000c0000000,0x00000000cf8ce9c0,0x00000000de100000)
 PSPermGen       total 132096K, used 131689K [0x00000000b0000000, 0x00000000b8100000, 0x00000000c0000000)
  object space 132096K, 99% used [0x00000000b0000000,0x00000000b809a6a0,0x00000000b8100000)
}
Event: 18594.075 GC heap before
{Heap before GC invocations=565 (full 198):
 PSYoungGen      total 323072K, used 12496K [0x00000000eaa80000, 0x0000000100000000, 0x0000000100000000)
  eden space 296448K, 0% used [0x00000000eaa80000,0x00000000eaa80000,0x00000000fcc00000)
  from space 26624K, 46% used [0x00000000fcc00000,0x00000000fd834148,0x00000000fe600000)
  to   space 26112K, 0% used [0x00000000fe680000,0x00000000fe680000,0x0000000100000000)
 ParOldGen       total 492544K, used 254778K [0x00000000c0000000, 0x00000000de100000, 0x00000000eaa80000)
  object space 492544K, 51% used [0x00000000c0000000,0x00000000cf8ce9c0,0x00000000de100000)
 PSPermGen       total 132096K, used 131689K [0x00000000b0000000, 0x00000000b8100000, 0x00000000c0000000)
  object space 132096K, 99% used [0x00000000b0000000,0x00000000b809a6a0,0x00000000b8100000)
Event: 18595.024 GC heap after
Heap after GC invocations=565 (full 198):
 PSYoungGen      total 323072K, used 0K [0x00000000eaa80000, 0x0000000100000000, 0x0000000100000000)
  eden space 296448K, 0% used [0x00000000eaa80000,0x00000000eaa80000,0x00000000fcc00000)
  from space 26624K, 0% used [0x00000000fcc00000,0x00000000fcc00000,0x00000000fe600000)
  to   space 26112K, 0% used [0x00000000fe680000,0x00000000fe680000,0x0000000100000000)
 ParOldGen       total 492544K, used 254705K [0x00000000c0000000, 0x00000000de100000, 0x00000000eaa80000)
  object space 492544K, 51% used [0x00000000c0000000,0x00000000cf8bc718,0x00000000de100000)
 PSPermGen       total 132096K, used 131684K [0x00000000b0000000, 0x00000000b8100000, 0x00000000c0000000)
  object space 132096K, 99% used [0x00000000b0000000,0x00000000b8099000,0x00000000b8100000)
}
Event: 18654.067 GC heap before
{Heap before GC invocations=566 (full 198):
 PSYoungGen      total 323072K, used 69722K [0x00000000eaa80000, 0x0000000100000000, 0x0000000100000000)
  eden space 296448K, 23% used [0x00000000eaa80000,0x00000000eee96860,0x00000000fcc00000)
  from space 26624K, 0% used [0x00000000fcc00000,0x00000000fcc00000,0x00000000fe600000)
  to   space 26112K, 0% used [0x00000000fe680000,0x00000000fe680000,0x0000000100000000)
 ParOldGen       total 492544K, used 254705K [0x00000000c0000000, 0x00000000de100000, 0x00000000eaa80000)
  object space 492544K, 51% used [0x00000000c0000000,0x00000000cf8bc718,0x00000000de100000)
 PSPermGen       total 132096K, used 131686K [0x00000000b0000000, 0x00000000b8100000, 0x00000000c0000000)
  object space 132096K, 99% used [0x00000000b0000000,0x00000000b8099950,0x00000000b8100000)
Event: 18654.073 GC heap after
Heap after GC invocations=566 (full 198):
 PSYoungGen      total 323584K, used 2537K [0x00000000eaa80000, 0x00000000fff80000, 0x0000000100000000)
  eden space 297984K, 0% used [0x00000000eaa80000,0x00000000eaa80000,0x00000000fcd80000)
  from space 25600K, 9% used [0x00000000fe680000,0x00000000fe8fa4a8,0x00000000fff80000)
  to   space 25600K, 0% used [0x00000000fcd80000,0x00000000fcd80000,0x00000000fe680000)
 ParOldGen       total 492544K, used 254705K [0x00000000c0000000, 0x00000000de100000, 0x00000000eaa80000)
  object space 492544K, 51% used [0x00000000c0000000,0x00000000cf8bc718,0x00000000de100000)
 PSPermGen       total 132096K, used 131686K [0x00000000b0000000, 0x00000000b8100000, 0x00000000c0000000)
  object space 132096K, 99% used [0x00000000b0000000,0x00000000b8099950,0x00000000b8100000)
}
Event: 18654.073 GC heap before
{Heap before GC invocations=567 (full 199):
 PSYoungGen      total 323584K, used 2537K [0x00000000eaa80000, 0x00000000fff80000, 0x0000000100000000)
  eden space 297984K, 0% used [0x00000000eaa80000,0x00000000eaa80000,0x00000000fcd80000)
  from space 25600K, 9% used [0x00000000fe680000,0x00000000fe8fa4a8,0x00000000fff80000)
  to   space 25600K, 0% used [0x00000000fcd80000,0x00000000fcd80000,0x00000000fe680000)
 ParOldGen       total 492544K, used 254705K [0x00000000c0000000, 0x00000000de100000, 0x00000000eaa80000)
  object space 492544K, 51% used [0x00000000c0000000,0x00000000cf8bc718,0x00000000de100000)
 PSPermGen       total 132096K, used 131686K [0x00000000b0000000, 0x00000000b8100000, 0x00000000c0000000)
  object space 132096K, 99% used [0x00000000b0000000,0x00000000b8099950,0x00000000b8100000)
Event: 18654.835 GC heap after
Heap after GC invocations=567 (full 199):
 PSYoungGen      total 323584K, used 0K [0x00000000eaa80000, 0x00000000fff80000, 0x0000000100000000)
  eden space 297984K, 0% used [0x00000000eaa80000,0x00000000eaa80000,0x00000000fcd80000)
  from space 25600K, 0% used [0x00000000fe680000,0x00000000fe680000,0x00000000fff80000)
  to   space 25600K, 0% used [0x00000000fcd80000,0x00000000fcd80000,0x00000000fe680000)
 ParOldGen       total 492544K, used 256306K [0x00000000c0000000, 0x00000000de100000, 0x00000000eaa80000)
  object space 492544K, 52% used [0x00000000c0000000,0x00000000cfa4ca58,0x00000000de100000)
 PSPermGen       total 132096K, used 131686K [0x00000000b0000000, 0x00000000b8100000, 0x00000000c0000000)
  object space 132096K, 99% used [0x00000000b0000000,0x00000000b8099890,0x00000000b8100000)
}

Deoptimization events (10 events):
Event: 18679.959 Thread 0x0000000013581000 Uncommon trap: reason=unreached action=reinterpret pc=0x000000000378c0b0 method=org.eclipse.core.internal.jobs.WorkerPool.startJob(Lorg/eclipse/core/internal/jobs/Worker;)Lorg/eclipse/core/internal/jobs/InternalJob; @ 185
Event: 18679.959 Thread 0x000000001357c800 Uncommon trap: reason=unreached action=reinterpret pc=0x000000000378c0b0 method=org.eclipse.core.internal.jobs.WorkerPool.startJob(Lorg/eclipse/core/internal/jobs/Worker;)Lorg/eclipse/core/internal/jobs/InternalJob; @ 185
Event: 18679.959 Thread 0x0000000013583000 Uncommon trap: reason=unreached action=reinterpret pc=0x000000000378c0b0 method=org.eclipse.core.internal.jobs.WorkerPool.startJob(Lorg/eclipse/core/internal/jobs/Worker;)Lorg/eclipse/core/internal/jobs/InternalJob; @ 185
Event: 18679.959 Thread 0x000000000d25e800 Uncommon trap: reason=unreached action=reinterpret pc=0x000000000378c0b0 method=org.eclipse.core.internal.jobs.WorkerPool.startJob(Lorg/eclipse/core/internal/jobs/Worker;)Lorg/eclipse/core/internal/jobs/InternalJob; @ 185
Event: 18679.959 Thread 0x000000000d366000 Uncommon trap: reason=unreached action=reinterpret pc=0x000000000378c0b0 method=org.eclipse.core.internal.jobs.WorkerPool.startJob(Lorg/eclipse/core/internal/jobs/Worker;)Lorg/eclipse/core/internal/jobs/InternalJob; @ 185
Event: 18679.963 Thread 0x000000000d25d000 Uncommon trap: reason=null_check action=make_not_entrant pc=0x0000000004785ecc method=org.eclipse.osgi.container.ModuleDatabase.sortByDependencies(Ljava/util/List;)Ljava/util/Collection; @ 130
Event: 18679.974 Thread 0x000000000d25d000 Uncommon trap: reason=predicate action=maybe_recompile pc=0x000000000429feac method=org.eclipse.osgi.internal.container.ComputeNodeOrder.computeNodeOrder([Ljava/lang/Object;[[Ljava/lang/Object;)[[Ljava/lang/Object; @ 228
Event: 18679.989 Thread 0x000000000c381800 Uncommon trap: reason=unreached action=reinterpret pc=0x0000000003c273ec method=org.eclipse.osgi.framework.eventmgr.EventManager$EventThread.run()V @ 6
Event: 18680.030 Thread 0x000000000d25d000 Uncommon trap: reason=unreached action=reinterpret pc=0x0000000002f3bcd0 method=sun.reflect.UnsafeStaticObjectFieldAccessorImpl.set(Ljava/lang/Object;Ljava/lang/Object;)V @ 13
Event: 18680.032 Thread 0x000000000c380000 Uncommon trap: reason=unreached action=reinterpret pc=0x0000000003c273ec method=org.eclipse.osgi.framework.eventmgr.EventManager$EventThread.run()V @ 6

Internal exceptions (10 events):
Event: 18676.831 Thread 0x000000000d25d000 Implicit null exception at 0x00000000031fe744 to 0x00000000031fea21
Event: 18678.201 Thread 0x000000000d25d000 Implicit null exception at 0x00000000039cca6a to 0x00000000039cdc59
Event: 18678.210 Thread 0x000000000d25d000 Implicit null exception at 0x00000000036a71e4 to 0x00000000036a8221
Event: 18679.960 Thread 0x000000000d255000 Threw 0x00000000f311c0d0 at C:\re\jdk7u79\2331\hotspot\src\share\vm\runtime\objectMonitor.cpp:1684
Event: 18679.963 Thread 0x000000000d25d000 Implicit null exception at 0x000000000478513b to 0x0000000004785eb1
Event: 18679.989 Thread 0x000000000c381800 Threw 0x00000000f04bf010 at C:\re\jdk7u79\2331\hotspot\src\share\vm\runtime\objectMonitor.cpp:1684
Event: 18680.030 Thread 0x000000000d25d000 Implicit null exception at 0x0000000002f3bbd8 to 0x0000000002f3bcc1
Event: 18680.032 Thread 0x000000000c380000 Threw 0x00000000f313fe08 at C:\re\jdk7u79\2331\hotspot\src\share\vm\runtime\objectMonitor.cpp:1684
Event: 18680.072 Thread 0x000000000c37d800 Threw 0x00000000eec54288 at C:\re\jdk7u79\2331\hotspot\src\share\vm\runtime\objectMonitor.cpp:1684
Event: 18680.074 Thread 0x000000000c37e800 Threw 0x00000000f32fc108 at C:\re\jdk7u79\2331\hotspot\src\share\vm\runtime\objectMonitor.cpp:1684

Events (10 events):
Event: 18680.032 Thread 0x000000000c380000 DEOPT PACKING pc=0x0000000003c273ec sp=0x000000000d99efb0
Event: 18680.032 Thread 0x000000000c380000 DEOPT UNPACKING pc=0x00000000029b75a4 sp=0x000000000d99ef80 mode 2
Event: 18680.032 Thread 0x000000000c380000 Thread exited: 0x000000000c380000
Event: 18680.072 Thread 0x000000000c37d800 Thread exited: 0x000000000c37d800
Event: 18680.074 Thread 0x000000000c37d000 Thread exited: 0x000000000c37d000
Event: 18680.074 Thread 0x000000000c37e800 Thread exited: 0x000000000c37e800
Event: 18680.093 Thread 0x000000000d25d000 Thread exited: 0x000000000d25d000
Event: 18680.094 Thread 0x000000000d253800 Thread added: 0x000000000d253800
Event: 18680.095 Thread 0x000000000d253800 Thread exited: 0x000000000d253800
Event: 18680.096 Executing VM operation: Exit


Dynamic libraries:
0x00007ff73c990000 - 0x00007ff73c9c3000 	C:\Windows\SYSTEM32\javaw.exe
0x00007ffa34d90000 - 0x00007ffa34f51000 	C:\Windows\SYSTEM32\ntdll.dll
0x00007ffa34340000 - 0x00007ffa343ed000 	C:\Windows\system32\KERNEL32.DLL
0x00007ffa31770000 - 0x00007ffa31958000 	C:\Windows\system32\KERNELBASE.dll
0x00007ffa344d0000 - 0x00007ffa34577000 	C:\Windows\system32\ADVAPI32.dll
0x00007ffa34430000 - 0x00007ffa344cd000 	C:\Windows\system32\msvcrt.dll
0x00007ffa326a0000 - 0x00007ffa326fb000 	C:\Windows\system32\sechost.dll
0x00007ffa32190000 - 0x00007ffa322ac000 	C:\Windows\system32\RPCRT4.dll
0x00007ffa32350000 - 0x00007ffa324a6000 	C:\Windows\system32\USER32.dll
0x00007ffa32510000 - 0x00007ffa32696000 	C:\Windows\system32\GDI32.dll
0x00007ffa2a910000 - 0x00007ffa2ab84000 	C:\Windows\WinSxS\amd64_microsoft.windows.common-controls_6595b64144ccf1df_6.0.10586.0_none_8c15ae12515e1c22\COMCTL32.dll
0x00007ffa32700000 - 0x00007ffa3297d000 	C:\Windows\system32\combase.dll
0x00007ffa31530000 - 0x00007ffa3159a000 	C:\Windows\system32\bcryptPrimitives.dll
0x00007ffa343f0000 - 0x00007ffa3442b000 	C:\Windows\system32\IMM32.DLL
0x0000000058590000 - 0x00000000585a6000 	C:\Windows\SYSTEM32\PGPmapih.dll
0x00007ffa31200000 - 0x00007ffa31231000 	C:\Windows\system32\nvinitx.dll
0x00007ffa311f0000 - 0x00007ffa311fa000 	C:\Windows\SYSTEM32\VERSION.dll
0x000000000f000000 - 0x000000000f006000 	C:\Program Files\NVIDIA Corporation\CoProcManager\_etoured.dll
0x00007ffa2f470000 - 0x00007ffa2f4a2000 	C:\Program Files\NVIDIA Corporation\CoProcManager\nvd3d9wrapx.dll
0x00007ffa34650000 - 0x00007ffa34a79000 	C:\Windows\system32\SETUPAPI.dll
0x00007ffa31af0000 - 0x00007ffa31b33000 	C:\Windows\system32\CFGMGR32.dll
0x00007ffa2f2b0000 - 0x00007ffa2f2d2000 	C:\Program Files\NVIDIA Corporation\CoProcManager\nvdxgiwrapx.dll
0x0000000056980000 - 0x0000000056a52000 	C:\Program Files\Java\jre7\bin\msvcr100.dll
0x00000000550d0000 - 0x00000000558a5000 	C:\Program Files\Java\jre7\bin\server\jvm.dll
0x00007ffa32320000 - 0x00007ffa32328000 	C:\Windows\system32\PSAPI.DLL
0x00007ffa2b730000 - 0x00007ffa2b739000 	C:\Windows\SYSTEM32\WSOCK32.dll
0x00007ffa2fa10000 - 0x00007ffa2fa33000 	C:\Windows\SYSTEM32\WINMM.dll
0x00007ffa342c0000 - 0x00007ffa3432b000 	C:\Windows\system32\WS2_32.dll
0x00007ffa2f900000 - 0x00007ffa2f92c000 	C:\Windows\SYSTEM32\WINMMBASE.dll
0x0000000057370000 - 0x000000005737f000 	C:\Program Files\Java\jre7\bin\verify.dll
0x0000000056950000 - 0x0000000056978000 	C:\Program Files\Java\jre7\bin\java.dll
0x0000000057230000 - 0x0000000057245000 	C:\Program Files\Java\jre7\bin\zip.dll
0x00007ffa30ce0000 - 0x00007ffa30cf7000 	C:\Windows\SYSTEM32\CRYPTSP.dll
0x00007ffa30970000 - 0x00007ffa309a4000 	C:\Windows\system32\rsaenh.dll
0x00007ffa312e0000 - 0x00007ffa31309000 	C:\Windows\SYSTEM32\bcrypt.dll
0x00007ffa30ac0000 - 0x00007ffa30adf000 	C:\Windows\SYSTEM32\USERENV.dll
0x00007ffa313d0000 - 0x00007ffa313e4000 	C:\Windows\system32\profapi.dll
0x00007ffa30e00000 - 0x00007ffa30e0b000 	C:\Windows\SYSTEM32\CRYPTBASE.dll
0x0000000056930000 - 0x000000005694a000 	C:\Program Files\Java\jre7\bin\net.dll
0x00007ffa30c30000 - 0x00007ffa30c8c000 	C:\Windows\system32\mswsock.dll
0x00007ffa2cc50000 - 0x00007ffa2cc88000 	C:\Windows\SYSTEM32\IPHLPAPI.DLL
0x00007ffa34330000 - 0x00007ffa34338000 	C:\Windows\system32\NSI.dll
0x00007ffa2b3b0000 - 0x00007ffa2b3c6000 	C:\Windows\SYSTEM32\dhcpcsvc6.DLL
0x00007ffa2b390000 - 0x00007ffa2b3aa000 	C:\Windows\SYSTEM32\dhcpcsvc.DLL
0x0000000056910000 - 0x0000000056921000 	C:\Program Files\Java\jre7\bin\nio.dll
0x0000000072000000 - 0x0000000072012000 	D:\GitRepo\Eclipse\plugins\org.eclipse.equinox.launcher.win32.win32.x86_64_1.1.300.v20150602-1417\eclipse_1611.dll
0x00007ffa2fda0000 - 0x00007ffa2fe36000 	C:\Windows\system32\uxtheme.dll
0x00007ffa34160000 - 0x00007ffa342ba000 	C:\Windows\system32\MSCTF.dll
0x0000000180000000 - 0x0000000180062000 	C:\Program Files (x86)\kingsoft\kwifi\kwassist64.dll
0x00007ffa32ba0000 - 0x00007ffa340fc000 	C:\Windows\system32\SHELL32.dll
0x00007ffa31b40000 - 0x00007ffa32185000 	C:\Windows\system32\windows.storage.dll
0x00007ffa34100000 - 0x00007ffa34152000 	C:\Windows\system32\shlwapi.dll
0x00007ffa313c0000 - 0x00007ffa313cf000 	C:\Windows\system32\kernel.appcore.dll
0x00007ffa31a30000 - 0x00007ffa31ae5000 	C:\Windows\system32\shcore.dll
0x00007ffa313f0000 - 0x00007ffa3143b000 	C:\Windows\system32\powrprof.dll
0x00007ffa34c40000 - 0x00007ffa34d83000 	C:\Windows\system32\ole32.dll
0x00007ffa34580000 - 0x00007ffa34641000 	C:\Windows\system32\OLEAUT32.dll
0x00007ffa2a1f0000 - 0x00007ffa2a398000 	C:\Windows\WinSxS\amd64_microsoft.windows.gdiplus_6595b64144ccf1df_1.1.10586.20_none_db007f1392e69ef4\gdiplus.dll
0x00007ffa26310000 - 0x00007ffa26320000 	C:\Windows\SYSTEM32\PGPhk.dll
0x00007ffa13ff0000 - 0x00007ffa14030000 	C:\Program Files\WIDCOMM\Bluetooth Software\btmmhook.dll
0x00007ffa1aab0000 - 0x00007ffa1aac6000 	C:\Windows\system32\napinsp.dll
0x00007ffa1aa90000 - 0x00007ffa1aaaa000 	C:\Windows\system32\pnrpnsp.dll
0x00007ffa2e320000 - 0x00007ffa2e338000 	C:\Windows\system32\NLAapi.dll
0x00007ffa2fcc0000 - 0x00007ffa2fd6a000 	C:\Windows\SYSTEM32\DNSAPI.dll
0x00007ffa1aa70000 - 0x00007ffa1aa7d000 	C:\Windows\System32\winrnr.dll
0x00007ffa1bdd0000 - 0x00007ffa1bde5000 	C:\Windows\System32\wshbth.dll
0x00007ffa28050000 - 0x00007ffa2805a000 	C:\Windows\System32\rasadhlp.dll
0x00007ffa29310000 - 0x00007ffa29377000 	C:\Windows\System32\fwpuclnt.dll
0x0000000010000000 - 0x00000000100a8000 	D:\GitRepo\Eclipse\configuration\org.eclipse.osgi\388\0\.cp\swt-win32-4530.dll
0x00007ffa329e0000 - 0x00007ffa32aeb000 	C:\Windows\system32\comdlg32.dll
0x00007ffa314a0000 - 0x00007ffa31526000 	C:\Windows\system32\FirewallAPI.dll
0x00007ffa31960000 - 0x00007ffa31977000 	C:\Windows\system32\NETAPI32.dll
0x000000000e0a0000 - 0x000000000e267000 	C:\Windows\system32\CRYPT32.dll
0x00007ffa313b0000 - 0x00007ffa313c0000 	C:\Windows\system32\MSASN1.dll
0x00007ffa2b280000 - 0x00007ffa2b304000 	C:\Windows\SYSTEM32\WINSPOOL.DRV
0x00007ffa27210000 - 0x00007ffa27228000 	C:\Windows\SYSTEM32\USP10.dll
0x00007ffa19ae0000 - 0x00007ffa19d89000 	C:\Windows\SYSTEM32\WININET.dll
0x00007ffa2a850000 - 0x00007ffa2a85c000 	C:\Windows\SYSTEM32\DAVHLPR.DLL
0x00007ffa300c0000 - 0x00007ffa300f2000 	C:\Windows\SYSTEM32\fwbase.dll
0x00007ffa2e840000 - 0x00007ffa2e862000 	C:\Windows\system32\dwmapi.dll
0x00007ffa2f2e0000 - 0x00007ffa2f466000 	C:\Windows\SYSTEM32\propsys.dll
0x00007ffa32af0000 - 0x00007ffa32b97000 	C:\Windows\system32\clbcatq.dll
0x00007ffa168e0000 - 0x00007ffa168ed000 	C:\Windows\system32\LINKINFO.dll
0x000000000bf40000 - 0x000000000bf5e000 	D:\GitRepo\Eclipse\configuration\org.eclipse.osgi\388\0\.cp\swt-gdip-win32-4530.dll
0x00007ffa2dd10000 - 0x00007ffa2dec1000 	C:\Windows\SYSTEM32\WindowsCodecs.dll
0x000000000daa0000 - 0x000000000dab2000 	D:\GitRepo\Eclipse\configuration\org.eclipse.osgi\80\0\.cp\os\win32\x86_64\localfile_1_0_0.dll
0x00007ffa29f80000 - 0x00007ffa29fea000 	C:\Windows\SYSTEM32\oleacc.dll
0x00007ffa2a900000 - 0x00007ffa2a907000 	C:\Windows\SYSTEM32\msimg32.dll
0x00007ffa0e0f0000 - 0x00007ffa0e12e000 	C:\Windows\system32\mlang.dll
0x00007ffa13fd0000 - 0x00007ffa13fe1000 	D:\GitRepo\Eclipse\configuration\org.eclipse.osgi\83\0\.cp\jWinHttp-1.0.0.dll
0x00007ffa2cb20000 - 0x00007ffa2cbe8000 	C:\Windows\SYSTEM32\WINHTTP.dll
0x00000000568e0000 - 0x0000000056904000 	C:\Program Files\Java\jre7\bin\sunec.dll
0x00007ffa16670000 - 0x00007ffa166ba000 	C:\Windows\system32\dataexchange.dll
0x00007ffa2e590000 - 0x00007ffa2e838000 	C:\Windows\system32\d3d11.dll
0x00007ffa2f5f0000 - 0x00007ffa2f6d3000 	C:\Windows\system32\dcomp.dll
0x00007ffa2e4e0000 - 0x00007ffa2e583000 	C:\Windows\system32\dxgi.dll
0x00007ffa2fe60000 - 0x00007ffa2ff60000 	C:\Windows\system32\twinapi.appcore.dll
0x00007ffa27ce0000 - 0x00007ffa27f40000 	C:\Windows\SYSTEM32\DWrite.dll
0x00000000568d0000 - 0x00000000568db000 	C:\Program Files\Java\jre7\bin\sunmscapi.dll
0x00007ffa13b10000 - 0x00007ffa13fb0000 	C:\Windows\system32\explorerframe.dll
0x00007ffa2b4a0000 - 0x00007ffa2b4f0000 	C:\Windows\system32\edputil.dll
0x00007ffa30850000 - 0x00007ffa30881000 	C:\Windows\SYSTEM32\ntmarta.dll
0x00007ffa2fb70000 - 0x00007ffa2fbe9000 	C:\Windows\system32\apphelp.dll
0x0000000056870000 - 0x0000000056883000 	C:\Program Files\FileZilla FTP Client\fzshellext_64.dll
0x00007ffa04a30000 - 0x00007ffa04a9e000 	C:\Program Files\WIDCOMM\Bluetooth Software\btncopy.dll
0x00007ffa0cd10000 - 0x00007ffa0cf04000 	C:\Windows\system32\PGPfsshl.dll
0x00007ffa0cc90000 - 0x00007ffa0cd0d000 	C:\Windows\system32\PGPsdkNL.dll
0x0000000056dd0000 - 0x0000000056e41000 	C:\Windows\system32\PGPsdkUI.dll
0x00007ffa1c080000 - 0x00007ffa1c09b000 	C:\Windows\system32\MPR.dll
0x0000000056b70000 - 0x0000000056dce000 	C:\Windows\system32\PGPsdk.dll
0x00007ffa2b650000 - 0x00007ffa2b68e000 	C:\Windows\system32\WinSCard.dll
0x00007ffa2fd70000 - 0x00007ffa2fd97000 	C:\Windows\system32\DEVOBJ.dll
0x00007ffa0cc70000 - 0x00007ffa0cc84000 	C:\Windows\system32\DFSCLI.DLL
0x00007ffa30770000 - 0x00007ffa3077c000 	C:\Windows\system32\NETUTILS.DLL
0x00007ffa13650000 - 0x00007ffa1372b000 	C:\Windows\system32\ntshrui.dll
0x00007ffa30fe0000 - 0x00007ffa3100d000 	C:\Windows\system32\SspiCli.dll
0x00000000573d0000 - 0x00000000573eb000 	C:\Program Files\TortoiseGit\bin\TortoiseGitStub.dll
0x0000000057290000 - 0x0000000057320000 	C:\Program Files\TortoiseGit\bin\TortoiseGit.dll
0x00007ffa0d510000 - 0x00007ffa0d5fa000 	C:\Program Files\TortoiseGit\bin\libgit2_tgit.dll
0x00007ffa24260000 - 0x00007ffa24267000 	C:\Windows\SYSTEM32\SHFOLDER.dll
0x00007ffa0d6d0000 - 0x00007ffa0d7ba000 	C:\Program Files\TortoiseGit\bin\gitdll.dll
0x00007ffa0d8b0000 - 0x00007ffa0d956000 	C:\Windows\SYSTEM32\MSVCP120.dll
0x00007ffa0d7c0000 - 0x00007ffa0d8af000 	C:\Windows\SYSTEM32\MSVCR120.dll
0x00007ffa0d600000 - 0x00007ffa0d618000 	C:\Program Files\TortoiseGit\bin\zlib1_tgit.dll
0x00007ffa0dbd0000 - 0x00007ffa0dbe1000 	C:\Program Files\TortoiseGit\bin\crshhndl.dll
0x00007ffa1f970000 - 0x00007ffa1f996000 	C:\Windows\system32\srvcli.dll
0x00007ffa24bc0000 - 0x00007ffa24bd2000 	C:\Windows\SYSTEM32\cscapi.dll
0x00007ffa322b0000 - 0x00007ffa3231f000 	C:\Windows\system32\coml2.dll

VM Arguments:
jvm_args: -Dosgi.requiredJavaVersion=1.7 -Xms256m -Xmx1024m -XX:MaxPermSize=256m 
java_command: D:\GitRepo\Eclipse\\plugins/org.eclipse.equinox.launcher_1.3.100.v20150511-1540.jar -os win32 -ws win32 -arch x86_64 -showsplash D:\GitRepo\Eclipse\\plugins\org.eclipse.platform_4.5.2.v20160212-1500\splash.bmp -launcher D:\GitRepo\Eclipse\eclipse.exe -name Eclipse --launcher.library D:\GitRepo\Eclipse\\plugins/org.eclipse.equinox.launcher.win32.win32.x86_64_1.1.300.v20150602-1417\eclipse_1611.dll -startup D:\GitRepo\Eclipse\\plugins/org.eclipse.equinox.launcher_1.3.100.v20150511-1540.jar --launcher.appendVmargs -exitdata c44_100 -product org.eclipse.epp.package.java.product -vm C:\Windows\SYSTEM32\javaw.exe -vmargs -Dosgi.requiredJavaVersion=1.7 -Xms256m -Xmx1024m -XX:MaxPermSize=256m -jar D:\GitRepo\Eclipse\\plugins/org.eclipse.equinox.launcher_1.3.100.v20150511-1540.jar
Launcher Type: SUN_STANDARD

Environment Variables:
JAVA_HOME=C:\Program Files\Java\jdk1.7.0_79
CLASSPATH=.;C:\Program Files\Java\jdk1.7.0_79\lib\dt.jar;C:\Program Files\Java\jdk1.7.0_79\lib\tools.jar
PATH=C:\Windows\SYSTEM32;C:\Windows;C:\Windows\SYSTEM32\WBEM;C:\Windows\SYSTEM32\WINDOWSPOWERSHELL\V1.0\;C:\PROGRAM FILES\SAFENET\AUTHENTICATION\SAC\X64;C:\PROGRAM FILES\SAFENET\AUTHENTICATION\SAC\X32;C:\PROGRAM FILES\TORTOISEGIT\BIN;C:\PROGRAM FILES\GIT\CMD;C:\Program Files\WIDCOMM\Bluetooth Software\;C:\Program Files\WIDCOMM\Bluetooth Software\syswow64;C:\Program Files\Java\jdk1.7.0_79\bin;C:\Program Files\SafeNet\Authentication\SAC\x32\BSecClient
USERNAME=li
OS=Windows_NT
PROCESSOR_IDENTIFIER=Intel64 Family 6 Model 58 Stepping 9, GenuineIntel



---------------  S Y S T E M  ---------------

OS: Windows 8.1 , 64 bit Build 9600 

CPU:total 8 (4 cores per cpu, 2 threads per core) family 6 model 58 stepping 9, cmov, cx8, fxsr, mmx, sse, sse2, sse3, ssse3, sse4.1, sse4.2, popcnt, avx, erms, ht, tsc, tscinvbit, tscinv

Memory: 4k page, physical 12167084k(6084948k free), swap 14002092k(5990336k free)

vm_info: Java HotSpot(TM) 64-Bit Server VM (24.79-b02) for windows-amd64 JRE (1.7.0_79-b15), built on Apr 10 2015 12:36:16 by "java_re" with unknown MS VC++:1600

time: Thu Apr 21 14:50:26 2016
elapsed time: 18680 seconds

