#
# A fatal error has been detected by the Java Runtime Environment:
#
#  EXCEPTION_ACCESS_VIOLATION (0xc0000005) at pc=0x0000000026559adf, pid=16700, tid=14572
#
# JRE version: Java(TM) SE Runtime Environment (7.0_79-b15) (build 1.7.0_79-b15)
# Java VM: Java HotSpot(TM) 64-Bit Server VM (24.79-b02 mixed mode windows-amd64 compressed oops)
# Problematic frame:
# C  0x0000000026559adf
#
# Failed to write core dump. Minidumps are not enabled by default on client versions of Windows
#
# If you would like to submit a bug report, please visit:
#   http://bugreport.java.com/bugreport/crash.jsp
#

---------------  T H R E A D  ---------------

Current thread (0x0000000009565000):  VMThread [stack: 0x000000000b250000,0x000000000b350000] [id=14572]

siginfo: ExceptionCode=0xc0000005, writing address 0x00000000da1b25eb

Registers:
RAX=0x00000000dddc6387, RBX=0x000000001a194407, RCX=0x000000001a1943ff, RDX=0x0000000000000001
RSP=0x000000000b34f1e0, RBP=0x00000000000074da, RSI=0x00000000c001e1e8, RDI=0x00000000da1b25eb
R8 =0x00000000263d3db0, R9 =0x00000000263d7e80, R10=0x000000000b34f1e0, R11=0x0000000000000000
R12=0x000000001a194407, R13=0x000000000b34f310, R14=0x000000000b34f318, R15=0x000000000b34f318
RIP=0x0000000026559adf, EFLAGS=0x0000000000010206

Top of Stack: (sp=0x000000000b34f1e0)
0x000000000b34f1e0:   0000000000000001 000000002656f268
0x000000000b34f1f0:   000000001a16485a 00000000265fc4ed
0x000000000b34f200:   000000001a194407 000000001a164840
0x000000000b34f210:   000000001a194407 0000000026559617
0x000000000b34f220:   000000000d777270 00000000000074da
0x000000000b34f230:   000000000b34f370 000000001a194407
0x000000000b34f240:   000000000d722062 000000001a194407
0x000000000b34f250:   000000001a164840 000000000b34f410
0x000000000b34f260:   000000001a194407 00000000265580fd
0x000000000b34f270:   0000000000000001 000000000d777270
0x000000000b34f280:   00000000000074da 000000000b34f370
0x000000000b34f290:   000000001a164840 000000000d722062
0x000000000b34f2a0:   000000000b34f410 000000001a194407
0x000000000b34f2b0:   000000000d777270 000000002655d550
0x000000000b34f2c0:   000000000d777270 0000000000000001
0x000000000b34f2d0:   000000000b34f370 0000000000000001 

Instructions: (pc=0x0000000026559adf)
0x0000000026559abf:   e0 8b 73 08 85 f6 75 04 33 ff eb 2b 48 8d 4b 14
0x0000000026559acf:   e8 dc 29 0a 00 48 8b f8 48 03 fe 74 1a 41 8b 06
0x0000000026559adf:   89 07 41 8b 45 00 c7 47 08 01 00 00 00 89 47 04
0x0000000026559aef:   c7 47 14 00 00 00 00 8b 73 08 85 f6 75 04 33 c0 


Register to memory mapping:

RAX=0x00000000dddc6387 is an unallocated location in the heap
RBX=0x000000001a194407 is an unknown value
RCX=0x000000001a1943ff is an unknown value
RDX=0x0000000000000001 is an unknown value
RSP=0x000000000b34f1e0 is an unknown value
RBP=0x00000000000074da is an unknown value
RSI=0x00000000c001e1e8 is pointing into object: 0x00000000c001e190
[C 
 - klass: {type array char}
 - length: 66
RDI=0x00000000da1b25eb is an unallocated location in the heap
R8 =0x00000000263d3db0 is an unknown value
R9 =0x00000000263d7e80 is an unknown value
R10=0x000000000b34f1e0 is an unknown value
R11=0x0000000000000000 is an unknown value
R12=0x000000001a194407 is an unknown value
R13=0x000000000b34f310 is an unknown value
R14=0x000000000b34f318 is an unknown value
R15=0x000000000b34f318 is an unknown value


Stack: [0x000000000b250000,0x000000000b350000],  sp=0x000000000b34f1e0,  free space=1020k
Native frames: (J=compiled Java code, j=interpreted, Vv=VM code, C=native code)
C  0x0000000026559adf

VM_Operation (0x000000000014f580): Exit, mode: safepoint, requested by thread 0x000000000177e800


---------------  P R O C E S S  ---------------

Java Threads: ( => current thread )
  0x000000000fd72800 JavaThread "LogCat output receiver for K7TCVODUKF4TMRTO" [_thread_blocked, id=8452, stack(0x0000000052050000,0x0000000052150000)]
  0x0000000028062800 JavaThread "Java2D Disposer" daemon [_thread_blocked, id=15544, stack(0x000000003f750000,0x000000003f850000)]
  0x000000000f864800 JavaThread "LogCat output receiver for emulator-5678" [_thread_blocked, id=1220, stack(0x0000000049d50000,0x0000000049e50000)]
  0x000000000c00e000 JavaThread "LogCat output receiver for emulator-5678" [_thread_blocked, id=15972, stack(0x0000000047350000,0x0000000047450000)]
  0x000000000f85d000 JavaThread "LogCat output receiver for emulator-5678" [_thread_blocked, id=10752, stack(0x0000000045d50000,0x0000000045e50000)]
  0x000000000f85a800 JavaThread "LogCat output receiver for emulator-5678" [_thread_blocked, id=15764, stack(0x0000000045650000,0x0000000045750000)]
  0x0000000011e67000 JavaThread "LogCat output receiver for emulator-5678" [_thread_blocked, id=8784, stack(0x0000000045350000,0x0000000045450000)]
  0x0000000011e66000 JavaThread "LogCat output receiver for emulator-5678" [_thread_blocked, id=9128, stack(0x0000000045050000,0x0000000045150000)]
  0x0000000011e64800 JavaThread "LogCat output receiver for emulator-5678" [_thread_blocked, id=14708, stack(0x0000000044d50000,0x0000000044e50000)]
  0x0000000011e5d000 JavaThread "LogCat output receiver for emulator-5678" [_thread_blocked, id=12708, stack(0x0000000044950000,0x0000000044a50000)]
  0x0000000011e57800 JavaThread "LogCat output receiver for emulator-5678" [_thread_blocked, id=12268, stack(0x0000000044550000,0x0000000044650000)]
  0x0000000011e5a800 JavaThread "LogCat output receiver for emulator-5678" [_thread_blocked, id=9424, stack(0x0000000044250000,0x0000000044350000)]
  0x0000000011e61800 JavaThread "LogCat output receiver for emulator-5678" [_thread_blocked, id=19964, stack(0x0000000043f50000,0x0000000044050000)]
  0x0000000011e60800 JavaThread "LogCat output receiver for emulator-5678" [_thread_blocked, id=17920, stack(0x0000000043c50000,0x0000000043d50000)]
  0x0000000011e5d800 JavaThread "LogCat output receiver for emulator-5678" [_thread_blocked, id=20140, stack(0x0000000043750000,0x0000000043850000)]
  0x0000000011e65800 JavaThread "Recommenders-Timeout-Manager" [_thread_blocked, id=1920, stack(0x000000004b850000,0x000000004b950000)]
  0x0000000011e58800 JavaThread "com.google.inject.internal.util.$Finalizer" daemon [_thread_blocked, id=17660, stack(0x000000004b350000,0x000000004b450000)]
  0x000000000f85f000 JavaThread "LogCat output receiver for emulator-5678" [_thread_blocked, id=6800, stack(0x000000001e9c0000,0x000000001eac0000)]
  0x000000000f85b800 JavaThread "Thread-6" [_thread_blocked, id=14016, stack(0x00000000198c0000,0x00000000199c0000)]
  0x000000000c010800 JavaThread "EMF Reference Cleaner" daemon [_thread_blocked, id=5720, stack(0x000000000df20000,0x000000000e020000)]
  0x000000000b58d000 JavaThread "Service Thread" daemon [_thread_blocked, id=3464, stack(0x000000000bd50000,0x000000000be50000)]
  0x000000000b588000 JavaThread "C2 CompilerThread1" daemon [_thread_blocked, id=16832, stack(0x000000000bc50000,0x000000000bd50000)]
  0x000000000150c800 JavaThread "C2 CompilerThread0" daemon [_thread_blocked, id=16768, stack(0x000000000bb50000,0x000000000bc50000)]
  0x000000000150b800 JavaThread "Attach Listener" daemon [_thread_blocked, id=8100, stack(0x000000000ba50000,0x000000000bb50000)]
  0x0000000001508800 JavaThread "Signal Dispatcher" daemon [_thread_blocked, id=9880, stack(0x000000000b950000,0x000000000ba50000)]
  0x000000000956f800 JavaThread "Finalizer" daemon [_thread_blocked, id=14880, stack(0x000000000b450000,0x000000000b550000)]
  0x0000000009569800 JavaThread "Reference Handler" daemon [_thread_blocked, id=16696, stack(0x000000000b350000,0x000000000b450000)]
  0x000000000177e800 JavaThread "main" [_thread_blocked, id=15500, stack(0x0000000000050000,0x0000000000150000)]

Other Threads:
=>0x0000000009565000 VMThread [stack: 0x000000000b250000,0x000000000b350000] [id=14572]

VM state:at safepoint (shutting down)

VM Mutex/Monitor currently owned by a thread:  ([mutex/lock_event])
[0x000000000177ba00] Threads_lock - owner thread: 0x0000000009565000

Heap
 PSYoungGen      total 198656K, used 60227K [0x00000000eaa80000, 0x00000000fa180000, 0x0000000100000000)
  eden space 145408K, 41% used [0x00000000eaa80000,0x00000000ee550e38,0x00000000f3880000)
  from space 53248K, 0% used [0x00000000f6d80000,0x00000000f6d80000,0x00000000fa180000)
  to   space 53760K, 0% used [0x00000000f3880000,0x00000000f3880000,0x00000000f6d00000)
 ParOldGen       total 294400K, used 237129K [0x00000000c0000000, 0x00000000d1f80000, 0x00000000eaa80000)
  object space 294400K, 80% used [0x00000000c0000000,0x00000000ce792618,0x00000000d1f80000)
 PSPermGen       total 173568K, used 172833K [0x00000000b0000000, 0x00000000ba980000, 0x00000000c0000000)
  object space 173568K, 99% used [0x00000000b0000000,0x00000000ba8c8738,0x00000000ba980000)

Card table byte_map: [0x0000000001780000,0x0000000001a10000] byte_map_base: 0x0000000001200000

Polling page: 0x0000000000d20000

Code Cache  [0x0000000003400000, 0x00000000055a0000, 0x0000000006400000)
 total_blobs=9229 nmethods=8160 adapters=1013 free_code_cache=15079Kb largest_free_block=15077312

Compilation events (10 events):
Event: 113655.184 Thread 0x000000000150c800 nmethod 10062 0x000000000540de50 code [0x000000000540e020, 0x000000000540e7e8]
Event: 113655.214 Thread 0x000000000b588000 10063             org.osgi.framework.BundleEvent::getType (5 bytes)
Event: 113655.215 Thread 0x000000000b588000 nmethod 10063 0x0000000005311890 code [0x00000000053119c0, 0x0000000005311a18]
Event: 113655.274 Thread 0x000000000150c800 10064             org.eclipse.osgi.framework.eventmgr.CopyOnWriteIdentityMap$Snapshot$SnapshotIterator::hasNext (15 bytes)
Event: 113655.275 Thread 0x000000000150c800 nmethod 10064 0x0000000005311690 code [0x00000000053117c0, 0x0000000005311818]
Event: 113655.309 Thread 0x000000000b588000 10065 %           org.eclipse.osgi.container.ModuleDatabase::sortByDependencies @ 81 (377 bytes)
Event: 113655.377 Thread 0x000000000150c800 10066             org.eclipse.osgi.internal.container.ComputeNodeOrder::computeNodeOrder (251 bytes)
Event: 113655.444 Thread 0x000000000150c800 nmethod 10066 0x000000000557af10 code [0x000000000557b240, 0x000000000557c880]
Event: 113655.464 Thread 0x000000000150c800 10067   !         org.eclipse.osgi.internal.serviceregistry.ServiceRegistry::publishServiceEventPrivileged (324 bytes)
Event: 113655.502 Thread 0x000000000b588000 nmethod 10065% 0x00000000055974d0 code [0x0000000005597a00, 0x000000000559a7c8]

GC Heap History (10 events):
Event: 113567.245 GC heap before
{Heap before GC invocations=4056 (full 1772):
 PSYoungGen      total 163328K, used 90321K [0x00000000eaa80000, 0x00000000f9400000, 0x0000000100000000)
  eden space 105472K, 56% used [0x00000000eaa80000,0x00000000ee4b3fc8,0x00000000f1180000)
  from space 57856K, 53% used [0x00000000f1180000,0x00000000f2f80748,0x00000000f4a00000)
  to   space 57344K, 0% used [0x00000000f5c00000,0x00000000f5c00000,0x00000000f9400000)
 ParOldGen       total 294400K, used 281555K [0x00000000c0000000, 0x00000000d1f80000, 0x00000000eaa80000)
  object space 294400K, 95% used [0x00000000c0000000,0x00000000d12f4e18,0x00000000d1f80000)
 PSPermGen       total 172544K, used 172060K [0x00000000b0000000, 0x00000000ba880000, 0x00000000c0000000)
  object space 172544K, 99% used [0x00000000b0000000,0x00000000ba807140,0x00000000ba880000)
Event: 113567.276 GC heap after
Heap after GC invocations=4056 (full 1772):
 PSYoungGen      total 176640K, used 23552K [0x00000000eaa80000, 0x00000000f8f00000, 0x0000000100000000)
  eden space 124416K, 0% used [0x00000000eaa80000,0x00000000eaa80000,0x00000000f2400000)
  from space 52224K, 45% used [0x00000000f5c00000,0x00000000f7300098,0x00000000f8f00000)
  to   space 54784K, 0% used [0x00000000f2400000,0x00000000f2400000,0x00000000f5980000)
 ParOldGen       total 294400K, used 288618K [0x00000000c0000000, 0x00000000d1f80000, 0x00000000eaa80000)
  object space 294400K, 98% used [0x00000000c0000000,0x00000000d19da980,0x00000000d1f80000)
 PSPermGen       total 172544K, used 172060K [0x00000000b0000000, 0x00000000ba880000, 0x00000000c0000000)
  object space 172544K, 99% used [0x00000000b0000000,0x00000000ba807140,0x00000000ba880000)
}
Event: 113567.276 GC heap before
{Heap before GC invocations=4057 (full 1773):
 PSYoungGen      total 176640K, used 23552K [0x00000000eaa80000, 0x00000000f8f00000, 0x0000000100000000)
  eden space 124416K, 0% used [0x00000000eaa80000,0x00000000eaa80000,0x00000000f2400000)
  from space 52224K, 45% used [0x00000000f5c00000,0x00000000f7300098,0x00000000f8f00000)
  to   space 54784K, 0% used [0x00000000f2400000,0x00000000f2400000,0x00000000f5980000)
 ParOldGen       total 294400K, used 288618K [0x00000000c0000000, 0x00000000d1f80000, 0x00000000eaa80000)
  object space 294400K, 98% used [0x00000000c0000000,0x00000000d19da980,0x00000000d1f80000)
 PSPermGen       total 172544K, used 172060K [0x00000000b0000000, 0x00000000ba880000, 0x00000000c0000000)
  object space 172544K, 99% used [0x00000000b0000000,0x00000000ba807140,0x00000000ba880000)
Event: 113568.366 GC heap after
Heap after GC invocations=4057 (full 1773):
 PSYoungGen      total 176640K, used 0K [0x00000000eaa80000, 0x00000000f8f00000, 0x0000000100000000)
  eden space 124416K, 0% used [0x00000000eaa80000,0x00000000eaa80000,0x00000000f2400000)
  from space 52224K, 0% used [0x00000000f5c00000,0x00000000f5c00000,0x00000000f8f00000)
  to   space 54784K, 0% used [0x00000000f2400000,0x00000000f2400000,0x00000000f5980000)
 ParOldGen       total 294400K, used 236856K [0x00000000c0000000, 0x00000000d1f80000, 0x00000000eaa80000)
  object space 294400K, 80% used [0x00000000c0000000,0x00000000ce74e248,0x00000000d1f80000)
 PSPermGen       total 173568K, used 172055K [0x00000000b0000000, 0x00000000ba980000, 0x00000000c0000000)
  object space 173568K, 99% used [0x00000000b0000000,0x00000000ba805cc0,0x00000000ba980000)
}
Event: 113595.175 GC heap before
{Heap before GC invocations=4058 (full 1773):
 PSYoungGen      total 176640K, used 124416K [0x00000000eaa80000, 0x00000000f8f00000, 0x0000000100000000)
  eden space 124416K, 100% used [0x00000000eaa80000,0x00000000f2400000,0x00000000f2400000)
  from space 52224K, 0% used [0x00000000f5c00000,0x00000000f5c00000,0x00000000f8f00000)
  to   space 54784K, 0% used [0x00000000f2400000,0x00000000f2400000,0x00000000f5980000)
 ParOldGen       total 294400K, used 236856K [0x00000000c0000000, 0x00000000d1f80000, 0x00000000eaa80000)
  object space 294400K, 80% used [0x00000000c0000000,0x00000000ce74e248,0x00000000d1f80000)
 PSPermGen       total 173568K, used 172070K [0x00000000b0000000, 0x00000000ba980000, 0x00000000c0000000)
  object space 173568K, 99% used [0x00000000b0000000,0x00000000ba8098b8,0x00000000ba980000)
Event: 113595.187 GC heap after
Heap after GC invocations=4058 (full 1773):
 PSYoungGen      total 179200K, used 5222K [0x00000000eaa80000, 0x00000000fa280000, 0x0000000100000000)
  eden space 124416K, 0% used [0x00000000eaa80000,0x00000000eaa80000,0x00000000f2400000)
  from space 54784K, 9% used [0x00000000f2400000,0x00000000f2919a50,0x00000000f5980000)
  to   space 54272K, 0% used [0x00000000f6d80000,0x00000000f6d80000,0x00000000fa280000)
 ParOldGen       total 294400K, used 236856K [0x00000000c0000000, 0x00000000d1f80000, 0x00000000eaa80000)
  object space 294400K, 80% used [0x00000000c0000000,0x00000000ce74e248,0x00000000d1f80000)
 PSPermGen       total 173568K, used 172070K [0x00000000b0000000, 0x00000000ba980000, 0x00000000c0000000)
  object space 173568K, 99% used [0x00000000b0000000,0x00000000ba8098b8,0x00000000ba980000)
}
Event: 113634.570 GC heap before
{Heap before GC invocations=4059 (full 1773):
 PSYoungGen      total 179200K, used 46637K [0x00000000eaa80000, 0x00000000fa280000, 0x0000000100000000)
  eden space 124416K, 33% used [0x00000000eaa80000,0x00000000ed2f1c78,0x00000000f2400000)
  from space 54784K, 9% used [0x00000000f2400000,0x00000000f2919a50,0x00000000f5980000)
  to   space 54272K, 0% used [0x00000000f6d80000,0x00000000f6d80000,0x00000000fa280000)
 ParOldGen       total 294400K, used 236856K [0x00000000c0000000, 0x00000000d1f80000, 0x00000000eaa80000)
  object space 294400K, 80% used [0x00000000c0000000,0x00000000ce74e248,0x00000000d1f80000)
 PSPermGen       total 173568K, used 172070K [0x00000000b0000000, 0x00000000ba980000, 0x00000000c0000000)
  object space 173568K, 99% used [0x00000000b0000000,0x00000000ba8098d8,0x00000000ba980000)
Event: 113634.581 GC heap after
Heap after GC invocations=4059 (full 1773):
 PSYoungGen      total 198656K, used 4408K [0x00000000eaa80000, 0x00000000fa180000, 0x0000000100000000)
  eden space 145408K, 0% used [0x00000000eaa80000,0x00000000eaa80000,0x00000000f3880000)
  from space 53248K, 8% used [0x00000000f6d80000,0x00000000f71ce1a8,0x00000000fa180000)
  to   space 53760K, 0% used [0x00000000f3880000,0x00000000f3880000,0x00000000f6d00000)
 ParOldGen       total 294400K, used 236856K [0x00000000c0000000, 0x00000000d1f80000, 0x00000000eaa80000)
  object space 294400K, 80% used [0x00000000c0000000,0x00000000ce74e248,0x00000000d1f80000)
 PSPermGen       total 173568K, used 172070K [0x00000000b0000000, 0x00000000ba980000, 0x00000000c0000000)
  object space 173568K, 99% used [0x00000000b0000000,0x00000000ba8098d8,0x00000000ba980000)
}
Event: 113634.581 GC heap before
{Heap before GC invocations=4060 (full 1774):
 PSYoungGen      total 198656K, used 4408K [0x00000000eaa80000, 0x00000000fa180000, 0x0000000100000000)
  eden space 145408K, 0% used [0x00000000eaa80000,0x00000000eaa80000,0x00000000f3880000)
  from space 53248K, 8% used [0x00000000f6d80000,0x00000000f71ce1a8,0x00000000fa180000)
  to   space 53760K, 0% used [0x00000000f3880000,0x00000000f3880000,0x00000000f6d00000)
 ParOldGen       total 294400K, used 236856K [0x00000000c0000000, 0x00000000d1f80000, 0x00000000eaa80000)
  object space 294400K, 80% used [0x00000000c0000000,0x00000000ce74e248,0x00000000d1f80000)
 PSPermGen       total 173568K, used 172070K [0x00000000b0000000, 0x00000000ba980000, 0x00000000c0000000)
  object space 173568K, 99% used [0x00000000b0000000,0x00000000ba8098d8,0x00000000ba980000)
Event: 113635.468 GC heap after
Heap after GC invocations=4060 (full 1774):
 PSYoungGen      total 198656K, used 0K [0x00000000eaa80000, 0x00000000fa180000, 0x0000000100000000)
  eden space 145408K, 0% used [0x00000000eaa80000,0x00000000eaa80000,0x00000000f3880000)
  from space 53248K, 0% used [0x00000000f6d80000,0x00000000f6d80000,0x00000000fa180000)
  to   space 53760K, 0% used [0x00000000f3880000,0x00000000f3880000,0x00000000f6d00000)
 ParOldGen       total 294400K, used 237129K [0x00000000c0000000, 0x00000000d1f80000, 0x00000000eaa80000)
  object space 294400K, 80% used [0x00000000c0000000,0x00000000ce792618,0x00000000d1f80000)
 PSPermGen       total 173568K, used 172070K [0x00000000b0000000, 0x00000000ba980000, 0x00000000c0000000)
  object space 173568K, 99% used [0x00000000b0000000,0x00000000ba809858,0x00000000ba980000)
}

Deoptimization events (10 events):
Event: 113655.291 Thread 0x000000000fd74000 Uncommon trap: reason=unreached action=reinterpret pc=0x0000000003b8e650 method=org.eclipse.core.internal.jobs.WorkerPool.startJob(Lorg/eclipse/core/internal/jobs/Worker;)Lorg/eclipse/core/internal/jobs/InternalJob; @ 185
Event: 113655.292 Thread 0x000000000fd7c800 Uncommon trap: reason=unreached action=reinterpret pc=0x0000000003b8e650 method=org.eclipse.core.internal.jobs.WorkerPool.startJob(Lorg/eclipse/core/internal/jobs/Worker;)Lorg/eclipse/core/internal/jobs/InternalJob; @ 185
Event: 113655.292 Thread 0x0000000028063800 Uncommon trap: reason=unreached action=reinterpret pc=0x0000000003b8e650 method=org.eclipse.core.internal.jobs.WorkerPool.startJob(Lorg/eclipse/core/internal/jobs/Worker;)Lorg/eclipse/core/internal/jobs/InternalJob; @ 185
Event: 113655.294 Thread 0x000000000fd7e800 Uncommon trap: reason=unreached action=reinterpret pc=0x0000000005580ac4 method=java.util.concurrent.locks.ReentrantReadWriteLock$Sync.tryAcquireShared(I)I @ 81
Event: 113655.328 Thread 0x000000000fd7e800 Uncommon trap: reason=predicate action=maybe_recompile pc=0x0000000005309d78 method=org.eclipse.osgi.internal.container.ComputeNodeOrder.computeNodeOrder([Ljava/lang/Object;[[Ljava/lang/Object;)[[Ljava/lang/Object; @ 228
Event: 113655.410 Thread 0x000000000fd7e800 Uncommon trap: reason=predicate action=maybe_recompile pc=0x0000000005573688 method=org.eclipse.osgi.internal.container.ComputeNodeOrder.computeNodeOrder([Ljava/lang/Object;[[Ljava/lang/Object;)[[Ljava/lang/Object; @ 228
Event: 113655.414 Thread 0x000000000f85a000 Uncommon trap: reason=unreached action=reinterpret pc=0x00000000040cdbec method=org.eclipse.osgi.framework.eventmgr.EventManager$EventThread.run()V @ 6
Event: 113655.459 Thread 0x000000000fd7e800 Uncommon trap: reason=array_check action=maybe_recompile pc=0x000000000557c4fc method=org.eclipse.osgi.internal.container.ComputeNodeOrder.computeNodeOrder([Ljava/lang/Object;[[Ljava/lang/Object;)[[Ljava/lang/Object; @ 236
Event: 113655.462 Thread 0x000000000fd7e800 Uncommon trap: reason=unreached action=reinterpret pc=0x0000000003614d50 method=sun.reflect.UnsafeStaticObjectFieldAccessorImpl.set(Ljava/lang/Object;Ljava/lang/Object;)V @ 13
Event: 113655.467 Thread 0x000000000c00b000 Uncommon trap: reason=unreached action=reinterpret pc=0x00000000040cdbec method=org.eclipse.osgi.framework.eventmgr.EventManager$EventThread.run()V @ 6

Internal exceptions (10 events):
Event: 113652.870 Thread 0x000000000177e800 Implicit null exception at 0x0000000004082359 to 0x0000000004082639
Event: 113652.874 Thread 0x000000000177e800 Implicit null exception at 0x0000000004e457dc to 0x0000000004e45fe1
Event: 113654.059 Thread 0x000000000fd7e800 Implicit null exception at 0x0000000003fe820c to 0x0000000003fe827d
Event: 113655.115 Thread 0x000000000fd7e800 Implicit null exception at 0x0000000003c60723 to 0x0000000003c60c95
Event: 113655.286 Thread 0x000000000f862000 Threw 0x00000000ee2067c0 at C:\re\jdk7u79\2331\hotspot\src\share\vm\runtime\objectMonitor.cpp:1684
Event: 113655.414 Thread 0x000000000f85a000 Threw 0x00000000ed6715f8 at C:\re\jdk7u79\2331\hotspot\src\share\vm\runtime\objectMonitor.cpp:1684
Event: 113655.462 Thread 0x000000000fd7e800 Implicit null exception at 0x0000000003614c58 to 0x0000000003614d41
Event: 113655.467 Thread 0x000000000c00b000 Threw 0x00000000ee25d1f8 at C:\re\jdk7u79\2331\hotspot\src\share\vm\runtime\objectMonitor.cpp:1684
Event: 113655.522 Thread 0x000000000c00c800 Threw 0x00000000eb8d9608 at C:\re\jdk7u79\2331\hotspot\src\share\vm\runtime\objectMonitor.cpp:1684
Event: 113655.523 Thread 0x000000000c00c000 Threw 0x00000000ee420300 at C:\re\jdk7u79\2331\hotspot\src\share\vm\runtime\objectMonitor.cpp:1684

Events (10 events):
Event: 113655.467 Thread 0x000000000c00b000 DEOPT PACKING pc=0x00000000040cdbec sp=0x000000000d91f6a0
Event: 113655.467 Thread 0x000000000c00b000 DEOPT UNPACKING pc=0x00000000034375a4 sp=0x000000000d91f670 mode 2
Event: 113655.467 Thread 0x000000000c00b000 Thread exited: 0x000000000c00b000
Event: 113655.522 Thread 0x000000000c00c800 Thread exited: 0x000000000c00c800
Event: 113655.522 Thread 0x000000000c00f800 Thread exited: 0x000000000c00f800
Event: 113655.523 Thread 0x000000000c00c000 Thread exited: 0x000000000c00c000
Event: 113655.537 Thread 0x000000000fd7e800 Thread exited: 0x000000000fd7e800
Event: 113655.542 Thread 0x000000000fd78000 Thread added: 0x000000000fd78000
Event: 113655.543 Thread 0x000000000fd78000 Thread exited: 0x000000000fd78000
Event: 113655.547 Executing VM operation: Exit


Dynamic libraries:
0x0000000000400000 - 0x000000000044f000 	D:\GitRepo\Eclipse\eclipse.exe
0x00007ffc92330000 - 0x00007ffc924f1000 	C:\Windows\SYSTEM32\ntdll.dll
0x00007ffc906c0000 - 0x00007ffc9076d000 	C:\Windows\system32\KERNEL32.DLL
0x00007ffc8ec20000 - 0x00007ffc8ee08000 	C:\Windows\system32\KERNELBASE.dll
0x00007ffc91eb0000 - 0x00007ffc92006000 	C:\Windows\system32\USER32.dll
0x00007ffc8fae0000 - 0x00007ffc8fc66000 	C:\Windows\system32\GDI32.dll
0x00007ffc92010000 - 0x00007ffc920ad000 	C:\Windows\system32\msvcrt.dll
0x00007ffc87de0000 - 0x00007ffc88054000 	C:\Windows\WinSxS\amd64_microsoft.windows.common-controls_6595b64144ccf1df_6.0.10586.0_none_8c15ae12515e1c22\COMCTL32.dll
0x00007ffc8f730000 - 0x00007ffc8f9ad000 	C:\Windows\system32\combase.dll
0x00007ffc902b0000 - 0x00007ffc903cc000 	C:\Windows\system32\RPCRT4.dll
0x00007ffc8ee70000 - 0x00007ffc8eeda000 	C:\Windows\system32\bcryptPrimitives.dll
0x00007ffc907f0000 - 0x00007ffc9082b000 	C:\Windows\system32\IMM32.DLL
0x00000000620c0000 - 0x00000000620d6000 	C:\Windows\SYSTEM32\PGPmapih.dll
0x00007ffc8e7a0000 - 0x00007ffc8e7d1000 	C:\Windows\system32\nvinitx.dll
0x00007ffc920b0000 - 0x00007ffc92157000 	C:\Windows\system32\ADVAPI32.dll
0x00007ffc8e790000 - 0x00007ffc8e79a000 	C:\Windows\SYSTEM32\VERSION.dll
0x00007ffc8f9b0000 - 0x00007ffc8fa0b000 	C:\Windows\system32\sechost.dll
0x000000000f000000 - 0x000000000f006000 	C:\Program Files\NVIDIA Corporation\CoProcManager\_etoured.dll
0x00007ffc8ca10000 - 0x00007ffc8ca42000 	C:\Program Files\NVIDIA Corporation\CoProcManager\nvd3d9wrapx.dll
0x00007ffc8fcd0000 - 0x00007ffc900f9000 	C:\Windows\system32\SETUPAPI.dll
0x00007ffc8ebd0000 - 0x00007ffc8ec13000 	C:\Windows\system32\CFGMGR32.dll
0x00007ffc8c850000 - 0x00007ffc8c872000 	C:\Program Files\NVIDIA Corporation\CoProcManager\nvdxgiwrapx.dll
0x0000000072000000 - 0x0000000072012000 	D:\GitRepo\Eclipse\plugins\org.eclipse.equinox.launcher.win32.win32.x86_64_1.1.300.v20150602-1417\eclipse_1611.dll
0x00007ffc8d340000 - 0x00007ffc8d3d6000 	C:\Windows\system32\uxtheme.dll
0x00007ffc904f0000 - 0x00007ffc9064a000 	C:\Windows\system32\MSCTF.dll
0x00007ffc72290000 - 0x00007ffc722a0000 	C:\Windows\SYSTEM32\PGPhk.dll
0x00007ffc66f50000 - 0x00007ffc66f90000 	C:\Program Files\Lenovo\Bluetooth Software\btmmhook.dll
0x00007ffc90950000 - 0x00007ffc91eac000 	C:\Windows\system32\SHELL32.dll
0x00007ffc8ef90000 - 0x00007ffc8f5d5000 	C:\Windows\system32\windows.storage.dll
0x00007ffc90490000 - 0x00007ffc904e2000 	C:\Windows\system32\shlwapi.dll
0x00007ffc8e960000 - 0x00007ffc8e96f000 	C:\Windows\system32\kernel.appcore.dll
0x00007ffc8f5e0000 - 0x00007ffc8f695000 	C:\Windows\system32\shcore.dll
0x00007ffc8e990000 - 0x00007ffc8e9db000 	C:\Windows\system32\powrprof.dll
0x00007ffc8e970000 - 0x00007ffc8e984000 	C:\Windows\system32\profapi.dll
0x00007ffc92160000 - 0x00007ffc922a3000 	C:\Windows\system32\ole32.dll
0x00007ffc8fa10000 - 0x00007ffc8fad1000 	C:\Windows\system32\OLEAUT32.dll
0x00007ffc90830000 - 0x00007ffc90838000 	C:\Windows\system32\PSAPI.DLL
0x00007ffc641c0000 - 0x00007ffc641d1000 	C:\Users\li\AppData\Local\Youdao\Dict\Application\6.3.68.1111\WordStrokeHelper64.dll
0x000000005e7f0000 - 0x000000005efc5000 	C:\Program Files\Java\jdk1.7.0_79\jre\bin\server\jvm.dll
0x00007ffc8ced0000 - 0x00007ffc8cef3000 	C:\Windows\SYSTEM32\WINMM.dll
0x0000000061190000 - 0x0000000061262000 	C:\Windows\SYSTEM32\MSVCR100.dll
0x00007ffc7fea0000 - 0x00007ffc7fea9000 	C:\Windows\SYSTEM32\WSOCK32.dll
0x00007ffc90770000 - 0x00007ffc907db000 	C:\Windows\system32\WS2_32.dll
0x00007ffc8cbc0000 - 0x00007ffc8cbec000 	C:\Windows\SYSTEM32\WINMMBASE.dll
0x0000000060c60000 - 0x0000000060c6f000 	C:\Program Files\Java\jdk1.7.0_79\jre\bin\verify.dll
0x0000000060b00000 - 0x0000000060b28000 	C:\Program Files\Java\jdk1.7.0_79\jre\bin\java.dll
0x0000000060650000 - 0x0000000060665000 	C:\Program Files\Java\jdk1.7.0_79\jre\bin\zip.dll
0x00007ffc8e280000 - 0x00007ffc8e297000 	C:\Windows\SYSTEM32\CRYPTSP.dll
0x00007ffc8df10000 - 0x00007ffc8df44000 	C:\Windows\system32\rsaenh.dll
0x00007ffc8e880000 - 0x00007ffc8e8a9000 	C:\Windows\SYSTEM32\bcrypt.dll
0x00007ffc8e060000 - 0x00007ffc8e07f000 	C:\Windows\SYSTEM32\USERENV.dll
0x00007ffc8e3a0000 - 0x00007ffc8e3ab000 	C:\Windows\SYSTEM32\CRYPTBASE.dll
0x0000000060630000 - 0x000000006064a000 	C:\Program Files\Java\jdk1.7.0_79\jre\bin\net.dll
0x00007ffc8e1d0000 - 0x00007ffc8e22c000 	C:\Windows\system32\mswsock.dll
0x00007ffc8a570000 - 0x00007ffc8a5a8000 	C:\Windows\SYSTEM32\IPHLPAPI.DLL
0x00007ffc907e0000 - 0x00007ffc907e8000 	C:\Windows\system32\NSI.dll
0x00007ffc899f0000 - 0x00007ffc89a06000 	C:\Windows\SYSTEM32\dhcpcsvc6.DLL
0x00007ffc899d0000 - 0x00007ffc899ea000 	C:\Windows\SYSTEM32\dhcpcsvc.DLL
0x0000000060610000 - 0x0000000060621000 	C:\Program Files\Java\jdk1.7.0_79\jre\bin\nio.dll
0x00007ffc7cb00000 - 0x00007ffc7cb16000 	C:\Windows\system32\napinsp.dll
0x00007ffc7cab0000 - 0x00007ffc7caca000 	C:\Windows\system32\pnrpnsp.dll
0x00007ffc8b8e0000 - 0x00007ffc8b8f8000 	C:\Windows\system32\NLAapi.dll
0x00007ffc8d260000 - 0x00007ffc8d30a000 	C:\Windows\SYSTEM32\DNSAPI.dll
0x00007ffc7b8e0000 - 0x00007ffc7b8ed000 	C:\Windows\System32\winrnr.dll
0x00007ffc7b7e0000 - 0x00007ffc7b7f5000 	C:\Windows\System32\wshbth.dll
0x00007ffc85010000 - 0x00007ffc8501a000 	C:\Windows\System32\rasadhlp.dll
0x00007ffc854c0000 - 0x00007ffc85527000 	C:\Windows\System32\fwpuclnt.dll
0x0000000010000000 - 0x00000000100a8000 	D:\GitRepo\Eclipse\configuration\org.eclipse.osgi\388\0\.cp\swt-win32-4530.dll
0x00007ffc90840000 - 0x00007ffc9094b000 	C:\Windows\system32\comdlg32.dll
0x00007ffc8f6a0000 - 0x00007ffc8f726000 	C:\Windows\system32\FirewallAPI.dll
0x0000000001570000 - 0x0000000001587000 	C:\Windows\system32\NETAPI32.dll
0x00007ffc8e9e0000 - 0x00007ffc8eba7000 	C:\Windows\system32\CRYPT32.dll
0x00007ffc8e950000 - 0x00007ffc8e960000 	C:\Windows\system32\MSASN1.dll
0x00007ffc802b0000 - 0x00007ffc802c8000 	C:\Windows\SYSTEM32\USP10.dll
0x00007ffc89a60000 - 0x00007ffc89ae4000 	C:\Windows\SYSTEM32\WINSPOOL.DRV
0x00007ffc804d0000 - 0x00007ffc80779000 	C:\Windows\SYSTEM32\WININET.dll
0x00007ffc88290000 - 0x00007ffc8829c000 	C:\Windows\SYSTEM32\DAVHLPR.DLL
0x00007ffc8d660000 - 0x00007ffc8d692000 	C:\Windows\SYSTEM32\fwbase.dll
0x00007ffc8c280000 - 0x00007ffc8c2a2000 	C:\Windows\system32\dwmapi.dll
0x00007ffc8c880000 - 0x00007ffc8ca06000 	C:\Windows\SYSTEM32\propsys.dll
0x00007ffc903e0000 - 0x00007ffc90487000 	C:\Windows\system32\clbcatq.dll
0x00007ffc83510000 - 0x00007ffc8351d000 	C:\Windows\system32\LINKINFO.dll
0x000000000dab0000 - 0x000000000dace000 	D:\GitRepo\Eclipse\configuration\org.eclipse.osgi\388\0\.cp\swt-gdip-win32-4530.dll
0x00007ffc869c0000 - 0x00007ffc86b68000 	C:\Windows\WinSxS\amd64_microsoft.windows.gdiplus_6595b64144ccf1df_1.1.10586.20_none_db007f1392e69ef4\gdiplus.dll
0x00007ffc89f00000 - 0x00007ffc8a0b1000 	C:\Windows\SYSTEM32\WindowsCodecs.dll
0x0000000180000000 - 0x0000000180012000 	D:\GitRepo\Eclipse\configuration\org.eclipse.osgi\80\0\.cp\os\win32\x86_64\localfile_1_0_0.dll
0x00007ffc86950000 - 0x00007ffc869ba000 	C:\Windows\SYSTEM32\oleacc.dll
0x00007ffc87dd0000 - 0x00007ffc87dd7000 	C:\Windows\SYSTEM32\msimg32.dll
0x00007ffc7b790000 - 0x00007ffc7b7ce000 	C:\Windows\system32\mlang.dll
0x00007ffc7b560000 - 0x00007ffc7b571000 	D:\GitRepo\Eclipse\configuration\org.eclipse.osgi\83\0\.cp\jWinHttp-1.0.0.dll
0x00007ffc8a490000 - 0x00007ffc8a558000 	C:\Windows\SYSTEM32\WINHTTP.dll
0x00000000605e0000 - 0x0000000060604000 	C:\Program Files\Java\jdk1.7.0_79\jre\bin\sunec.dll
0x00007ffc742d0000 - 0x00007ffc7431a000 	C:\Windows\system32\dataexchange.dll
0x00007ffc8cde0000 - 0x00007ffc8cec3000 	C:\Windows\system32\dcomp.dll
0x00007ffc8bec0000 - 0x00007ffc8c168000 	C:\Windows\system32\d3d11.dll
0x00007ffc8ba80000 - 0x00007ffc8bb23000 	C:\Windows\system32\dxgi.dll
0x00007ffc8d400000 - 0x00007ffc8d500000 	C:\Windows\system32\twinapi.appcore.dll
0x00007ffc82620000 - 0x00007ffc82880000 	C:\Windows\SYSTEM32\DWrite.dll
0x0000000060c50000 - 0x0000000060c5b000 	C:\Program Files\Java\jdk1.7.0_79\jre\bin\sunmscapi.dll
0x00007ffc6f3a0000 - 0x00007ffc6f840000 	C:\Windows\system32\explorerframe.dll
0x00007ffc89980000 - 0x00007ffc899d0000 	C:\Windows\system32\edputil.dll
0x00007ffc8ddf0000 - 0x00007ffc8de21000 	C:\Windows\SYSTEM32\ntmarta.dll
0x00007ffc8d110000 - 0x00007ffc8d189000 	C:\Windows\system32\apphelp.dll
0x000000005e6a0000 - 0x000000005e6b3000 	C:\Program Files\FileZilla FTP Client\fzshellext_64.dll
0x00007ffc66c90000 - 0x00007ffc66cfe000 	C:\Program Files\Lenovo\Bluetooth Software\btncopy.dll
0x00007ffc698c0000 - 0x00007ffc69ab4000 	C:\Windows\system32\PGPfsshl.dll
0x00007ffc6a5d0000 - 0x00007ffc6a64d000 	C:\Windows\system32\PGPsdkNL.dll
0x0000000060670000 - 0x00000000606e1000 	C:\Windows\system32\PGPsdkUI.dll
0x00000000606f0000 - 0x000000006094e000 	C:\Windows\system32\PGPsdk.dll
0x00007ffc7b3e0000 - 0x00007ffc7b3fb000 	C:\Windows\system32\MPR.dll
0x00007ffc8a340000 - 0x00007ffc8a37e000 	C:\Windows\system32\WinSCard.dll
0x00007ffc6a5b0000 - 0x00007ffc6a5c4000 	C:\Windows\system32\DFSCLI.DLL
0x00007ffc8dd10000 - 0x00007ffc8dd1c000 	C:\Windows\system32\NETUTILS.DLL
0x00007ffc8d310000 - 0x00007ffc8d337000 	C:\Windows\system32\DEVOBJ.dll
0x00007ffc6e6b0000 - 0x00007ffc6e78b000 	C:\Windows\system32\ntshrui.dll
0x00007ffc8e580000 - 0x00007ffc8e5ad000 	C:\Windows\system32\SspiCli.dll
0x0000000060a10000 - 0x0000000060a2b000 	C:\Program Files\TortoiseGit\bin\TortoiseGitStub.dll
0x0000000060980000 - 0x0000000060a10000 	C:\Program Files\TortoiseGit\bin\TortoiseGit.dll
0x00007ffc6bf20000 - 0x00007ffc6c00a000 	C:\Program Files\TortoiseGit\bin\libgit2_tgit.dll
0x00007ffc6be30000 - 0x00007ffc6bf1a000 	C:\Program Files\TortoiseGit\bin\gitdll.dll
0x00007ffc6c4d0000 - 0x00007ffc6c5bf000 	C:\Windows\SYSTEM32\MSVCR120.dll
0x00007ffc6c420000 - 0x00007ffc6c4c6000 	C:\Windows\SYSTEM32\MSVCP120.dll
0x00007ffc6be10000 - 0x00007ffc6be28000 	C:\Program Files\TortoiseGit\bin\zlib1_tgit.dll
0x00007ffc6bdf0000 - 0x00007ffc6be01000 	C:\Program Files\TortoiseGit\bin\crshhndl.dll
0x00007ffc85580000 - 0x00007ffc855a6000 	C:\Windows\system32\srvcli.dll
0x00007ffc80aa0000 - 0x00007ffc80ab2000 	C:\Windows\SYSTEM32\cscapi.dll
0x00007ffc90650000 - 0x00007ffc906bf000 	C:\Windows\system32\coml2.dll
0x00007ffc6e610000 - 0x00007ffc6e65d000 	C:\Windows\System32\thumbcache.dll

VM Arguments:
jvm_args: -Dosgi.requiredJavaVersion=1.7 -Xms256m -Xmx1024m -XX:MaxPermSize=256m 
java_command: <unknown>
Launcher Type: generic

Environment Variables:
JAVA_HOME=C:\Program Files\Java\jdk1.7.0_79
CLASSPATH=.;C:\Program Files\Java\jdk1.7.0_79\lib\dt.jar;C:\Program Files\Java\jdk1.7.0_79\lib\tools.jar
PATH=C:/Program Files/Java/jdk1.7.0_79/bin/../jre/bin/server;C:/Program Files/Java/jdk1.7.0_79/bin/../jre/bin;C:/Program Files/Java/jdk1.7.0_79/bin/../jre/lib/amd64;C:\Program Files\Java\jdk1.7.0_79\bin;C:\Windows\system32;C:\Windows;C:\Windows\System32\Wbem;C:\Windows\System32\WindowsPowerShell\v1.0\;C:\Program Files\SafeNet\Authentication\SAC\x64;C:\Program Files\SafeNet\Authentication\SAC\x32;C:\Program Files\Git\cmd;C:\Program Files (x86)\GNU\GnuPG\pub;C:\Program Files\MATLAB\R2014a\runtime\win64;C:\Program Files\MATLAB\R2014a\bin;C:\Program Files\MATLAB\R2014a\polyspace\bin;C:\Program Files\TortoiseGit\bin;C:\Program Files\Lenovo\Bluetooth Software\;C:\Program Files\Lenovo\Bluetooth Software\syswow64;C:\Program Files\SafeNet\Authentication\SAC\x32\BSecClient;;D:\GitRepo\Eclipse;
USERNAME=li
OS=Windows_NT
PROCESSOR_IDENTIFIER=Intel64 Family 6 Model 58 Stepping 9, GenuineIntel



---------------  S Y S T E M  ---------------

OS: Windows 8 , 64 bit Build 9200 

CPU:total 8 (4 cores per cpu, 2 threads per core) family 6 model 58 stepping 9, cmov, cx8, fxsr, mmx, sse, sse2, sse3, ssse3, sse4.1, sse4.2, popcnt, avx, erms, ht, tsc, tscinvbit, tscinv

Memory: 4k page, physical 12167088k(5152044k free), swap 24750000k(13405864k free)

vm_info: Java HotSpot(TM) 64-Bit Server VM (24.79-b02) for windows-amd64 JRE (1.7.0_79-b15), built on Apr 10 2015 12:36:16 by "java_re" with unknown MS VC++:1600

time: Wed Mar 30 17:42:31 2016
elapsed time: 113655 seconds

