#
# A fatal error has been detected by the Java Runtime Environment:
#
#  EXCEPTION_ACCESS_VIOLATION (0xc0000005) at pc=0x000000001e6790c7, pid=8392, tid=1212
#
# JRE version: Java(TM) SE Runtime Environment (7.0_79-b15) (build 1.7.0_79-b15)
# Java VM: Java HotSpot(TM) 64-Bit Server VM (24.79-b02 mixed mode windows-amd64 compressed oops)
# Problematic frame:
# C  0x000000001e6790c7
#
# Failed to write core dump. Minidumps are not enabled by default on client versions of Windows
#
# If you would like to submit a bug report, please visit:
#   http://bugreport.java.com/bugreport/crash.jsp
#

---------------  T H R E A D  ---------------

Current thread (0x0000000009194800):  VMThread [stack: 0x000000000aea0000,0x000000000afa0000] [id=1212]

siginfo: ExceptionCode=0xc0000005, reading address 0x000000008d68ddf3

Registers:
RAX=0x00000000dddc6387, RBX=0x000000008d68ddf3, RCX=0x000000001d68d86b, RDX=0x0000000000000001
RSP=0x000000000af9f1a0, RBP=0x0000000000000000, RSI=0x000000001d68d84f, RDI=0x0000000000000020
R8 =0x000000001dd8b120, R9 =0x000000001dd7c9a0, R10=0x000000000af9f1e0, R11=0x0000000000000000
R12=0x000000000af9f238, R13=0x0000000000000000, R14=0x000000000af9f330, R15=0x000000000d86f062
RIP=0x000000001e6790c7, EFLAGS=0x0000000000010246

Top of Stack: (sp=0x000000000af9f1a0)
0x000000000af9f1a0:   0000000000000001 000000001e675e82
0x000000000af9f1b0:   000000000af9f290 00000000dddc6387
0x000000000af9f1c0:   000000000d8c65e6 000000000af9f290
0x000000000af9f1d0:   00000000dddc6387 000000001e675249
0x000000000af9f1e0:   0000000000000001 000000001d65cac0
0x000000000af9f1f0:   000000000d89f2a2 000000001d68d84f
0x000000000af9f200:   000000001d68d84f 000000001d68d847
0x000000000af9f210:   000000001d65cad0 000000000af9f330
0x000000000af9f220:   00000000dddc6387 000000001e674023
0x000000000af9f230:   000000001d65cac0 00000000dddc6387
0x000000000af9f240:   000000000d89f2a2 000000000d8c65e6
0x000000000af9f250:   0000000000550000 000000001df00000
0x000000000af9f260:   00000000001576d8 0000000000000000
0x000000000af9f270:   0000000000000001 0000000000000000
0x000000000af9f280:   00000000000003ff 00007ffa34db5c5f
0x000000000af9f290:   000000001d65cad0 000000001d65caf2 

Instructions: (pc=0x000000001e6790c7)
0x000000001e6790a7:   53 74 0a c7 01 55 54 42 53 44 89 69 04 48 8d 4c
0x000000001e6790b7:   39 04 48 3b d9 74 40 48 85 ed 75 44 41 8b 04 24
0x000000001e6790c7:   8b 0b 3b c1 72 22 75 08 48 8b eb e9 79 ff ff ff
0x000000001e6790d7:   8b 7b 10 85 ff 75 08 49 8b dd e9 6a ff ff ff 48 


Register to memory mapping:

RAX=0x00000000dddc6387 is an unallocated location in the heap
RBX=0x000000008d68ddf3 is an unknown value
RCX=0x000000001d68d86b is an unknown value
RDX=0x0000000000000001 is an unknown value
RSP=0x000000000af9f1a0 is an unknown value
RBP=0x0000000000000000 is an unknown value
RSI=0x000000001d68d84f is an unknown value
RDI=0x0000000000000020 is an unknown value
R8 =0x000000001dd8b120 is an unknown value
R9 =0x000000001dd7c9a0 is an unknown value
R10=0x000000000af9f1e0 is an unknown value
R11=0x0000000000000000 is an unknown value
R12=0x000000000af9f238 is an unknown value
R13=0x0000000000000000 is an unknown value
R14=0x000000000af9f330 is an unknown value
R15=0x000000000d86f062 is an unknown value


Stack: [0x000000000aea0000,0x000000000afa0000],  sp=0x000000000af9f1a0,  free space=1020k
Native frames: (J=compiled Java code, j=interpreted, Vv=VM code, C=native code)
C  0x000000001e6790c7

[error occurred during error reporting (printing native stack), id 0xc0000005]

VM_Operation (0x000000000278f5e0): Exit, mode: safepoint, requested by thread 0x00000000027c0800


---------------  P R O C E S S  ---------------

Java Threads: ( => current thread )
  0x000000001440e800 JavaThread "Recommenders-Timeout-Manager" [_thread_blocked, id=20200, stack(0x0000000020b00000,0x0000000020c00000)]
  0x000000001440d800 JavaThread "com.google.inject.internal.util.$Finalizer" daemon [_thread_blocked, id=21096, stack(0x0000000020200000,0x0000000020300000)]
  0x0000000013c22000 JavaThread "Thread-12" [_thread_blocked, id=4952, stack(0x000000001c9a0000,0x000000001caa0000)]
  0x000000000c8cb800 JavaThread "EMF Reference Cleaner" daemon [_thread_blocked, id=7764, stack(0x000000000df60000,0x000000000e060000)]
  0x00000000028ba800 JavaThread "Service Thread" daemon [_thread_blocked, id=2956, stack(0x000000000b9a0000,0x000000000baa0000)]
  0x00000000028b7000 JavaThread "C2 CompilerThread1" daemon [_thread_blocked, id=21772, stack(0x000000000b8a0000,0x000000000b9a0000)]
  0x00000000028b5000 JavaThread "C2 CompilerThread0" daemon [_thread_blocked, id=20788, stack(0x000000000b7a0000,0x000000000b8a0000)]
  0x000000000b1d4800 JavaThread "Attach Listener" daemon [_thread_blocked, id=16688, stack(0x000000000b6a0000,0x000000000b7a0000)]
  0x00000000028b1000 JavaThread "Signal Dispatcher" daemon [_thread_blocked, id=20736, stack(0x000000000b5a0000,0x000000000b6a0000)]
  0x00000000091a0800 JavaThread "Finalizer" daemon [_thread_blocked, id=13080, stack(0x000000000b0a0000,0x000000000b1a0000)]
  0x0000000009199800 JavaThread "Reference Handler" daemon [_thread_blocked, id=6252, stack(0x000000000afa0000,0x000000000b0a0000)]
  0x00000000027c0800 JavaThread "main" [_thread_blocked, id=12964, stack(0x0000000002690000,0x0000000002790000)]

Other Threads:
=>0x0000000009194800 VMThread [stack: 0x000000000aea0000,0x000000000afa0000] [id=1212]

VM state:at safepoint (shutting down)

VM Mutex/Monitor currently owned by a thread:  ([mutex/lock_event])
[0x00000000027bbde0] Threads_lock - owner thread: 0x0000000009194800

Heap
 PSYoungGen      total 271872K, used 64647K [0x00000000eaa80000, 0x00000000fba80000, 0x0000000100000000)
  eden space 271360K, 23% used [0x00000000eaa80000,0x00000000ee9a1db8,0x00000000fb380000)
  from space 512K, 0% used [0x00000000fb380000,0x00000000fb380000,0x00000000fb400000)
  to   space 3584K, 0% used [0x00000000fb700000,0x00000000fb700000,0x00000000fba80000)
 ParOldGen       total 305152K, used 234664K [0x00000000c0000000, 0x00000000d2a00000, 0x00000000eaa80000)
  object space 305152K, 76% used [0x00000000c0000000,0x00000000ce52a270,0x00000000d2a00000)
 PSPermGen       total 129536K, used 129194K [0x00000000b0000000, 0x00000000b7e80000, 0x00000000c0000000)
  object space 129536K, 99% used [0x00000000b0000000,0x00000000b7e2aac8,0x00000000b7e80000)

Card table byte_map: [0x00000000058c0000,0x0000000005b50000] byte_map_base: 0x0000000005340000

Polling page: 0x00000000009a0000

Code Cache  [0x00000000028c0000, 0x0000000003fb0000, 0x00000000058c0000)
 total_blobs=6515 nmethods=5517 adapters=944 free_code_cache=25952Kb largest_free_block=26303360

Compilation events (10 events):
Event: 5422.190 Thread 0x00000000028b7000 nmethod 6465 0x0000000003f9af90 code [0x0000000003f9b200, 0x0000000003f9d2f0]
Event: 5422.279 Thread 0x00000000028b5000 nmethod 6466 0x0000000003fa3c50 code [0x0000000003fa40c0, 0x0000000003fa6890]
Event: 5422.862 Thread 0x00000000028b7000 6467   !         org.eclipse.osgi.framework.eventmgr.EventManager::dispatchEvent (69 bytes)
Event: 5422.874 Thread 0x00000000028b7000 nmethod 6467 0x0000000003f8b810 code [0x0000000003f8b9e0, 0x0000000003f8bf48]
Event: 5422.884 Thread 0x00000000028b5000 6468             org.eclipse.osgi.framework.eventmgr.CopyOnWriteIdentityMap$Snapshot$SnapshotIterator::hasNext (15 bytes)
Event: 5422.884 Thread 0x00000000028b5000 nmethod 6468 0x0000000003f88a90 code [0x0000000003f88bc0, 0x0000000003f88c18]
Event: 5422.885 Thread 0x00000000028b7000 6469             org.osgi.framework.BundleEvent::getType (5 bytes)
Event: 5422.885 Thread 0x00000000028b7000 nmethod 6469 0x0000000003f8cb90 code [0x0000000003f8ccc0, 0x0000000003f8cd18]
Event: 5422.916 Thread 0x00000000028b7000 6470 %           org.eclipse.osgi.container.ModuleDatabase::sortByDependencies @ 81 (377 bytes)
Event: 5422.934 Thread 0x00000000028b5000 6471             org.eclipse.osgi.internal.container.ComputeNodeOrder::computeNodeOrder (251 bytes)

GC Heap History (10 events):
Event: 5251.527 GC heap before
{Heap before GC invocations=182 (full 71):
 PSYoungGen      total 271872K, used 128K [0x00000000eaa80000, 0x00000000fbb80000, 0x0000000100000000)
  eden space 271360K, 0% used [0x00000000eaa80000,0x00000000eaa80000,0x00000000fb380000)
  from space 512K, 25% used [0x00000000fb380000,0x00000000fb3a0000,0x00000000fb400000)
  to   space 4096K, 0% used [0x00000000fb780000,0x00000000fb780000,0x00000000fbb80000)
 ParOldGen       total 305152K, used 234664K [0x00000000c0000000, 0x00000000d2a00000, 0x00000000eaa80000)
  object space 305152K, 76% used [0x00000000c0000000,0x00000000ce52a270,0x00000000d2a00000)
 PSPermGen       total 129024K, used 128517K [0x00000000b0000000, 0x00000000b7e00000, 0x00000000c0000000)
  object space 129024K, 99% used [0x00000000b0000000,0x00000000b7d81550,0x00000000b7e00000)
Event: 5252.199 GC heap after
Heap after GC invocations=182 (full 71):
 PSYoungGen      total 271872K, used 0K [0x00000000eaa80000, 0x00000000fbb80000, 0x0000000100000000)
  eden space 271360K, 0% used [0x00000000eaa80000,0x00000000eaa80000,0x00000000fb380000)
  from space 512K, 0% used [0x00000000fb380000,0x00000000fb380000,0x00000000fb400000)
  to   space 4096K, 0% used [0x00000000fb780000,0x00000000fb780000,0x00000000fbb80000)
 ParOldGen       total 305152K, used 234664K [0x00000000c0000000, 0x00000000d2a00000, 0x00000000eaa80000)
  object space 305152K, 76% used [0x00000000c0000000,0x00000000ce52a270,0x00000000d2a00000)
 PSPermGen       total 129024K, used 128517K [0x00000000b0000000, 0x00000000b7e00000, 0x00000000c0000000)
  object space 129024K, 99% used [0x00000000b0000000,0x00000000b7d81550,0x00000000b7e00000)
}
Event: 5311.517 GC heap before
{Heap before GC invocations=183 (full 71):
 PSYoungGen      total 271872K, used 3805K [0x00000000eaa80000, 0x00000000fbb80000, 0x0000000100000000)
  eden space 271360K, 1% used [0x00000000eaa80000,0x00000000eae37450,0x00000000fb380000)
  from space 512K, 0% used [0x00000000fb380000,0x00000000fb380000,0x00000000fb400000)
  to   space 4096K, 0% used [0x00000000fb780000,0x00000000fb780000,0x00000000fbb80000)
 ParOldGen       total 305152K, used 234664K [0x00000000c0000000, 0x00000000d2a00000, 0x00000000eaa80000)
  object space 305152K, 76% used [0x00000000c0000000,0x00000000ce52a270,0x00000000d2a00000)
 PSPermGen       total 129024K, used 128517K [0x00000000b0000000, 0x00000000b7e00000, 0x00000000c0000000)
  object space 129024K, 99% used [0x00000000b0000000,0x00000000b7d81550,0x00000000b7e00000)
Event: 5311.524 GC heap after
Heap after GC invocations=183 (full 71):
 PSYoungGen      total 275456K, used 96K [0x00000000eaa80000, 0x00000000fbb80000, 0x0000000100000000)
  eden space 271360K, 0% used [0x00000000eaa80000,0x00000000eaa80000,0x00000000fb380000)
  from space 4096K, 2% used [0x00000000fb780000,0x00000000fb798000,0x00000000fbb80000)
  to   space 4096K, 0% used [0x00000000fb380000,0x00000000fb380000,0x00000000fb780000)
 ParOldGen       total 305152K, used 234664K [0x00000000c0000000, 0x00000000d2a00000, 0x00000000eaa80000)
  object space 305152K, 76% used [0x00000000c0000000,0x00000000ce52a270,0x00000000d2a00000)
 PSPermGen       total 129024K, used 128517K [0x00000000b0000000, 0x00000000b7e00000, 0x00000000c0000000)
  object space 129024K, 99% used [0x00000000b0000000,0x00000000b7d81550,0x00000000b7e00000)
}
Event: 5311.524 GC heap before
{Heap before GC invocations=184 (full 72):
 PSYoungGen      total 275456K, used 96K [0x00000000eaa80000, 0x00000000fbb80000, 0x0000000100000000)
  eden space 271360K, 0% used [0x00000000eaa80000,0x00000000eaa80000,0x00000000fb380000)
  from space 4096K, 2% used [0x00000000fb780000,0x00000000fb798000,0x00000000fbb80000)
  to   space 4096K, 0% used [0x00000000fb380000,0x00000000fb380000,0x00000000fb780000)
 ParOldGen       total 305152K, used 234664K [0x00000000c0000000, 0x00000000d2a00000, 0x00000000eaa80000)
  object space 305152K, 76% used [0x00000000c0000000,0x00000000ce52a270,0x00000000d2a00000)
 PSPermGen       total 129024K, used 128517K [0x00000000b0000000, 0x00000000b7e00000, 0x00000000c0000000)
  object space 129024K, 99% used [0x00000000b0000000,0x00000000b7d81550,0x00000000b7e00000)
Event: 5312.229 GC heap after
Heap after GC invocations=184 (full 72):
 PSYoungGen      total 275456K, used 0K [0x00000000eaa80000, 0x00000000fbb80000, 0x0000000100000000)
  eden space 271360K, 0% used [0x00000000eaa80000,0x00000000eaa80000,0x00000000fb380000)
  from space 4096K, 0% used [0x00000000fb780000,0x00000000fb780000,0x00000000fbb80000)
  to   space 4096K, 0% used [0x00000000fb380000,0x00000000fb380000,0x00000000fb780000)
 ParOldGen       total 305152K, used 234664K [0x00000000c0000000, 0x00000000d2a00000, 0x00000000eaa80000)
  object space 305152K, 76% used [0x00000000c0000000,0x00000000ce52a270,0x00000000d2a00000)
 PSPermGen       total 129024K, used 128517K [0x00000000b0000000, 0x00000000b7e00000, 0x00000000c0000000)
  object space 129024K, 99% used [0x00000000b0000000,0x00000000b7d81550,0x00000000b7e00000)
}
Event: 5371.530 GC heap before
{Heap before GC invocations=185 (full 72):
 PSYoungGen      total 275456K, used 3805K [0x00000000eaa80000, 0x00000000fbb80000, 0x0000000100000000)
  eden space 271360K, 1% used [0x00000000eaa80000,0x00000000eae374b0,0x00000000fb380000)
  from space 4096K, 0% used [0x00000000fb780000,0x00000000fb780000,0x00000000fbb80000)
  to   space 4096K, 0% used [0x00000000fb380000,0x00000000fb380000,0x00000000fb780000)
 ParOldGen       total 305152K, used 234664K [0x00000000c0000000, 0x00000000d2a00000, 0x00000000eaa80000)
  object space 305152K, 76% used [0x00000000c0000000,0x00000000ce52a270,0x00000000d2a00000)
 PSPermGen       total 129024K, used 128517K [0x00000000b0000000, 0x00000000b7e00000, 0x00000000c0000000)
  object space 129024K, 99% used [0x00000000b0000000,0x00000000b7d81550,0x00000000b7e00000)
Event: 5371.537 GC heap after
Heap after GC invocations=185 (full 72):
 PSYoungGen      total 271872K, used 128K [0x00000000eaa80000, 0x00000000fba80000, 0x0000000100000000)
  eden space 271360K, 0% used [0x00000000eaa80000,0x00000000eaa80000,0x00000000fb380000)
  from space 512K, 25% used [0x00000000fb380000,0x00000000fb3a0000,0x00000000fb400000)
  to   space 3584K, 0% used [0x00000000fb700000,0x00000000fb700000,0x00000000fba80000)
 ParOldGen       total 305152K, used 234664K [0x00000000c0000000, 0x00000000d2a00000, 0x00000000eaa80000)
  object space 305152K, 76% used [0x00000000c0000000,0x00000000ce52a270,0x00000000d2a00000)
 PSPermGen       total 129024K, used 128517K [0x00000000b0000000, 0x00000000b7e00000, 0x00000000c0000000)
  object space 129024K, 99% used [0x00000000b0000000,0x00000000b7d81550,0x00000000b7e00000)
}
Event: 5371.537 GC heap before
{Heap before GC invocations=186 (full 73):
 PSYoungGen      total 271872K, used 128K [0x00000000eaa80000, 0x00000000fba80000, 0x0000000100000000)
  eden space 271360K, 0% used [0x00000000eaa80000,0x00000000eaa80000,0x00000000fb380000)
  from space 512K, 25% used [0x00000000fb380000,0x00000000fb3a0000,0x00000000fb400000)
  to   space 3584K, 0% used [0x00000000fb700000,0x00000000fb700000,0x00000000fba80000)
 ParOldGen       total 305152K, used 234664K [0x00000000c0000000, 0x00000000d2a00000, 0x00000000eaa80000)
  object space 305152K, 76% used [0x00000000c0000000,0x00000000ce52a270,0x00000000d2a00000)
 PSPermGen       total 129024K, used 128517K [0x00000000b0000000, 0x00000000b7e00000, 0x00000000c0000000)
  object space 129024K, 99% used [0x00000000b0000000,0x00000000b7d81550,0x00000000b7e00000)
Event: 5371.911 GC heap after
Heap after GC invocations=186 (full 73):
 PSYoungGen      total 271872K, used 0K [0x00000000eaa80000, 0x00000000fba80000, 0x0000000100000000)
  eden space 271360K, 0% used [0x00000000eaa80000,0x00000000eaa80000,0x00000000fb380000)
  from space 512K, 0% used [0x00000000fb380000,0x00000000fb380000,0x00000000fb400000)
  to   space 3584K, 0% used [0x00000000fb700000,0x00000000fb700000,0x00000000fba80000)
 ParOldGen       total 305152K, used 234664K [0x00000000c0000000, 0x00000000d2a00000, 0x00000000eaa80000)
  object space 305152K, 76% used [0x00000000c0000000,0x00000000ce52a270,0x00000000d2a00000)
 PSPermGen       total 129024K, used 128517K [0x00000000b0000000, 0x00000000b7e00000, 0x00000000c0000000)
  object space 129024K, 99% used [0x00000000b0000000,0x00000000b7d81550,0x00000000b7e00000)
}

Deoptimization events (10 events):
Event: 5422.912 Thread 0x0000000014415000 Uncommon trap: reason=unreached action=reinterpret pc=0x00000000034c2a78 method=org.eclipse.core.internal.jobs.WorkerPool.startJob(Lorg/eclipse/core/internal/jobs/Worker;)Lorg/eclipse/core/internal/jobs/InternalJob; @ 185
Event: 5422.912 Thread 0x0000000013c28000 Uncommon trap: reason=unreached action=reinterpret pc=0x00000000035f949c method=org.eclipse.core.internal.jobs.JobManager.nextJob()Lorg/eclipse/core/runtime/jobs/Job; @ 80
Event: 5422.912 Thread 0x0000000013c28000 Uncommon trap: reason=unreached action=reinterpret pc=0x00000000034c2a78 method=org.eclipse.core.internal.jobs.WorkerPool.startJob(Lorg/eclipse/core/internal/jobs/Worker;)Lorg/eclipse/core/internal/jobs/InternalJob; @ 185
Event: 5422.912 Thread 0x0000000014410800 Uncommon trap: reason=unreached action=reinterpret pc=0x00000000034c2a78 method=org.eclipse.core.internal.jobs.WorkerPool.startJob(Lorg/eclipse/core/internal/jobs/Worker;)Lorg/eclipse/core/internal/jobs/InternalJob; @ 185
Event: 5422.912 Thread 0x0000000014412000 Uncommon trap: reason=unreached action=reinterpret pc=0x00000000035f949c method=org.eclipse.core.internal.jobs.JobManager.nextJob()Lorg/eclipse/core/runtime/jobs/Job; @ 80
Event: 5422.912 Thread 0x0000000014412000 Uncommon trap: reason=unreached action=reinterpret pc=0x00000000034c2a78 method=org.eclipse.core.internal.jobs.WorkerPool.startJob(Lorg/eclipse/core/internal/jobs/Worker;)Lorg/eclipse/core/internal/jobs/InternalJob; @ 185
Event: 5422.912 Thread 0x0000000013c26800 Uncommon trap: reason=unreached action=reinterpret pc=0x00000000034c2a78 method=org.eclipse.core.internal.jobs.WorkerPool.startJob(Lorg/eclipse/core/internal/jobs/Worker;)Lorg/eclipse/core/internal/jobs/InternalJob; @ 185
Event: 5422.916 Thread 0x0000000014411800 Uncommon trap: reason=null_check action=make_not_entrant pc=0x0000000003fa6348 method=org.eclipse.osgi.container.ModuleDatabase.sortByDependencies(Ljava/util/List;)Ljava/util/Collection; @ 130
Event: 5422.926 Thread 0x0000000014411800 Uncommon trap: reason=predicate action=maybe_recompile pc=0x0000000003f94f5c method=org.eclipse.osgi.internal.container.ComputeNodeOrder.computeNodeOrder([Ljava/lang/Object;[[Ljava/lang/Object;)[[Ljava/lang/Object; @ 228
Event: 5422.952 Thread 0x0000000014411800 Uncommon trap: reason=unreached action=reinterpret pc=0x0000000002df4990 method=sun.reflect.UnsafeStaticObjectFieldAccessorImpl.set(Ljava/lang/Object;Ljava/lang/Object;)V @ 13

Internal exceptions (10 events):
Event: 5420.398 Thread 0x0000000013c26800 Threw 0x00000000ead08bc0 at C:\re\jdk7u79\2331\hotspot\src\share\vm\prims\jni.cpp:717
Event: 5422.148 Thread 0x0000000014411800 Implicit null exception at 0x0000000003094f44 to 0x0000000003095221
Event: 5422.802 Thread 0x0000000013c24000 Threw 0x00000000ee003ce0 at C:\re\jdk7u79\2331\hotspot\src\share\vm\prims\jni.cpp:717
Event: 5422.913 Thread 0x0000000013c27000 Threw 0x00000000ee2773c0 at C:\re\jdk7u79\2331\hotspot\src\share\vm\runtime\objectMonitor.cpp:1684
Event: 5422.916 Thread 0x0000000014411800 Implicit null exception at 0x0000000003fa4abf to 0x0000000003fa6325
Event: 5422.938 Thread 0x000000000c5b4000 Threw 0x00000000ed6d0520 at C:\re\jdk7u79\2331\hotspot\src\share\vm\runtime\objectMonitor.cpp:1684
Event: 5422.952 Thread 0x0000000014411800 Implicit null exception at 0x0000000002df4898 to 0x0000000002df4981
Event: 5422.953 Thread 0x000000000c5fe800 Threw 0x00000000ee294790 at C:\re\jdk7u79\2331\hotspot\src\share\vm\runtime\objectMonitor.cpp:1684
Event: 5422.961 Thread 0x000000000f624800 Threw 0x00000000eb927c98 at C:\re\jdk7u79\2331\hotspot\src\share\vm\runtime\objectMonitor.cpp:1684
Event: 5422.962 Thread 0x000000000c1ae800 Threw 0x00000000ee7111e8 at C:\re\jdk7u79\2331\hotspot\src\share\vm\runtime\objectMonitor.cpp:1684

Events (10 events):
Event: 5422.962 Thread 0x000000000c685800 Thread exited: 0x000000000c685800
Event: 5422.962 Thread 0x000000000c1ae800 Thread exited: 0x000000000c1ae800
Event: 5422.969 Thread 0x0000000014411800 Thread exited: 0x0000000014411800
Event: 5422.969 loading class 0x000000000b25e800
Event: 5422.970 loading class 0x000000000b25e800 done
Event: 5422.970 loading class 0x000000000b25e7d0
Event: 5422.970 loading class 0x000000000b25e7d0 done
Event: 5422.970 Thread 0x000000001440f000 Thread added: 0x000000001440f000
Event: 5422.970 Thread 0x000000001440f000 Thread exited: 0x000000001440f000
Event: 5422.971 Executing VM operation: Exit


Dynamic libraries:
0x00007ff73c990000 - 0x00007ff73c9c3000 	C:\Windows\SYSTEM32\javaw.exe
0x00007ffa34d90000 - 0x00007ffa34f51000 	C:\Windows\SYSTEM32\ntdll.dll
0x00007ffa34340000 - 0x00007ffa343ed000 	C:\Windows\system32\KERNEL32.DLL
0x00007ffa31770000 - 0x00007ffa31958000 	C:\Windows\system32\KERNELBASE.dll
0x00007ffa344d0000 - 0x00007ffa34577000 	C:\Windows\system32\ADVAPI32.dll
0x00007ffa34430000 - 0x00007ffa344cd000 	C:\Windows\system32\msvcrt.dll
0x00007ffa326a0000 - 0x00007ffa326fb000 	C:\Windows\system32\sechost.dll
0x00007ffa32190000 - 0x00007ffa322ac000 	C:\Windows\system32\RPCRT4.dll
0x00007ffa32350000 - 0x00007ffa324a6000 	C:\Windows\system32\USER32.dll
0x00007ffa32510000 - 0x00007ffa32696000 	C:\Windows\system32\GDI32.dll
0x00007ffa2a910000 - 0x00007ffa2ab84000 	C:\Windows\WinSxS\amd64_microsoft.windows.common-controls_6595b64144ccf1df_6.0.10586.0_none_8c15ae12515e1c22\COMCTL32.dll
0x00007ffa32700000 - 0x00007ffa3297d000 	C:\Windows\system32\combase.dll
0x00007ffa31530000 - 0x00007ffa3159a000 	C:\Windows\system32\bcryptPrimitives.dll
0x00007ffa343f0000 - 0x00007ffa3442b000 	C:\Windows\system32\IMM32.DLL
0x0000000058590000 - 0x00000000585a6000 	C:\Windows\SYSTEM32\PGPmapih.dll
0x00007ffa31200000 - 0x00007ffa31231000 	C:\Windows\system32\nvinitx.dll
0x00007ffa311f0000 - 0x00007ffa311fa000 	C:\Windows\SYSTEM32\VERSION.dll
0x000000000f000000 - 0x000000000f006000 	C:\Program Files\NVIDIA Corporation\CoProcManager\_etoured.dll
0x00007ffa2f470000 - 0x00007ffa2f4a2000 	C:\Program Files\NVIDIA Corporation\CoProcManager\nvd3d9wrapx.dll
0x00007ffa34650000 - 0x00007ffa34a79000 	C:\Windows\system32\SETUPAPI.dll
0x00007ffa31af0000 - 0x00007ffa31b33000 	C:\Windows\system32\CFGMGR32.dll
0x00007ffa2f2b0000 - 0x00007ffa2f2d2000 	C:\Program Files\NVIDIA Corporation\CoProcManager\nvdxgiwrapx.dll
0x0000000056a90000 - 0x0000000056b62000 	C:\Program Files\Java\jre7\bin\msvcr100.dll
0x00000000553f0000 - 0x0000000055bc5000 	C:\Program Files\Java\jre7\bin\server\jvm.dll
0x00007ffa32320000 - 0x00007ffa32328000 	C:\Windows\system32\PSAPI.DLL
0x00007ffa2b730000 - 0x00007ffa2b739000 	C:\Windows\SYSTEM32\WSOCK32.dll
0x00007ffa2fa10000 - 0x00007ffa2fa33000 	C:\Windows\SYSTEM32\WINMM.dll
0x00007ffa342c0000 - 0x00007ffa3432b000 	C:\Windows\system32\WS2_32.dll
0x00007ffa2f900000 - 0x00007ffa2f92c000 	C:\Windows\SYSTEM32\WINMMBASE.dll
0x0000000057370000 - 0x000000005737f000 	C:\Program Files\Java\jre7\bin\verify.dll
0x0000000056a60000 - 0x0000000056a88000 	C:\Program Files\Java\jre7\bin\java.dll
0x0000000057230000 - 0x0000000057245000 	C:\Program Files\Java\jre7\bin\zip.dll
0x00007ffa30ce0000 - 0x00007ffa30cf7000 	C:\Windows\SYSTEM32\CRYPTSP.dll
0x00007ffa30970000 - 0x00007ffa309a4000 	C:\Windows\system32\rsaenh.dll
0x00007ffa312e0000 - 0x00007ffa31309000 	C:\Windows\SYSTEM32\bcrypt.dll
0x00007ffa30ac0000 - 0x00007ffa30adf000 	C:\Windows\SYSTEM32\USERENV.dll
0x00007ffa313d0000 - 0x00007ffa313e4000 	C:\Windows\system32\profapi.dll
0x00007ffa30e00000 - 0x00007ffa30e0b000 	C:\Windows\SYSTEM32\CRYPTBASE.dll
0x0000000056a40000 - 0x0000000056a5a000 	C:\Program Files\Java\jre7\bin\net.dll
0x00007ffa30c30000 - 0x00007ffa30c8c000 	C:\Windows\system32\mswsock.dll
0x00007ffa2cc50000 - 0x00007ffa2cc88000 	C:\Windows\SYSTEM32\IPHLPAPI.DLL
0x00007ffa34330000 - 0x00007ffa34338000 	C:\Windows\system32\NSI.dll
0x00007ffa2b3b0000 - 0x00007ffa2b3c6000 	C:\Windows\SYSTEM32\dhcpcsvc6.DLL
0x00007ffa2b390000 - 0x00007ffa2b3aa000 	C:\Windows\SYSTEM32\dhcpcsvc.DLL
0x0000000056a20000 - 0x0000000056a31000 	C:\Program Files\Java\jre7\bin\nio.dll
0x0000000072000000 - 0x0000000072012000 	D:\GitRepo\Eclipse\plugins\org.eclipse.equinox.launcher.win32.win32.x86_64_1.1.300.v20150602-1417\eclipse_1611.dll
0x00007ffa2fda0000 - 0x00007ffa2fe36000 	C:\Windows\system32\uxtheme.dll
0x00007ffa34160000 - 0x00007ffa342ba000 	C:\Windows\system32\MSCTF.dll
0x0000000180000000 - 0x0000000180062000 	C:\Program Files (x86)\kingsoft\kwifi\kwassist64.dll
0x00007ffa32ba0000 - 0x00007ffa340fc000 	C:\Windows\system32\SHELL32.dll
0x00007ffa31b40000 - 0x00007ffa32185000 	C:\Windows\system32\windows.storage.dll
0x00007ffa34100000 - 0x00007ffa34152000 	C:\Windows\system32\shlwapi.dll
0x00007ffa313c0000 - 0x00007ffa313cf000 	C:\Windows\system32\kernel.appcore.dll
0x00007ffa31a30000 - 0x00007ffa31ae5000 	C:\Windows\system32\shcore.dll
0x00007ffa313f0000 - 0x00007ffa3143b000 	C:\Windows\system32\powrprof.dll
0x00007ffa34c40000 - 0x00007ffa34d83000 	C:\Windows\system32\ole32.dll
0x00007ffa34580000 - 0x00007ffa34641000 	C:\Windows\system32\OLEAUT32.dll
0x00007ffa2a1f0000 - 0x00007ffa2a398000 	C:\Windows\WinSxS\amd64_microsoft.windows.gdiplus_6595b64144ccf1df_1.1.10586.20_none_db007f1392e69ef4\gdiplus.dll
0x00007ffa26310000 - 0x00007ffa26320000 	C:\Windows\SYSTEM32\PGPhk.dll
0x00007ffa16fb0000 - 0x00007ffa16ff9000 	C:\Program Files (x86)\TeamViewer\tv_x64.dll
0x00007ffa13ff0000 - 0x00007ffa14030000 	C:\Program Files\WIDCOMM\Bluetooth Software\btmmhook.dll
0x00007ffa1aab0000 - 0x00007ffa1aac6000 	C:\Windows\system32\napinsp.dll
0x00007ffa1aa90000 - 0x00007ffa1aaaa000 	C:\Windows\system32\pnrpnsp.dll
0x00007ffa2e320000 - 0x00007ffa2e338000 	C:\Windows\system32\NLAapi.dll
0x00007ffa2fcc0000 - 0x00007ffa2fd6a000 	C:\Windows\SYSTEM32\DNSAPI.dll
0x00007ffa1aa70000 - 0x00007ffa1aa7d000 	C:\Windows\System32\winrnr.dll
0x00007ffa1bdd0000 - 0x00007ffa1bde5000 	C:\Windows\System32\wshbth.dll
0x00007ffa28050000 - 0x00007ffa2805a000 	C:\Windows\System32\rasadhlp.dll
0x00007ffa29310000 - 0x00007ffa29377000 	C:\Windows\System32\fwpuclnt.dll
0x0000000010000000 - 0x00000000100a8000 	D:\GitRepo\Eclipse\configuration\org.eclipse.osgi\388\0\.cp\swt-win32-4530.dll
0x00007ffa329e0000 - 0x00007ffa32aeb000 	C:\Windows\system32\comdlg32.dll
0x00007ffa314a0000 - 0x00007ffa31526000 	C:\Windows\system32\FirewallAPI.dll
0x00007ffa31960000 - 0x00007ffa31977000 	C:\Windows\system32\NETAPI32.dll
0x000000000e060000 - 0x000000000e227000 	C:\Windows\system32\CRYPT32.dll
0x00007ffa2b280000 - 0x00007ffa2b304000 	C:\Windows\SYSTEM32\WINSPOOL.DRV
0x00007ffa27210000 - 0x00007ffa27228000 	C:\Windows\SYSTEM32\USP10.dll
0x00007ffa313b0000 - 0x00007ffa313c0000 	C:\Windows\system32\MSASN1.dll
0x00007ffa19ae0000 - 0x00007ffa19d89000 	C:\Windows\SYSTEM32\WININET.dll
0x00007ffa2a850000 - 0x00007ffa2a85c000 	C:\Windows\SYSTEM32\DAVHLPR.DLL
0x00007ffa300c0000 - 0x00007ffa300f2000 	C:\Windows\SYSTEM32\fwbase.dll
0x00007ffa2e840000 - 0x00007ffa2e862000 	C:\Windows\system32\dwmapi.dll
0x00007ffa2f2e0000 - 0x00007ffa2f466000 	C:\Windows\SYSTEM32\propsys.dll
0x00007ffa32af0000 - 0x00007ffa32b97000 	C:\Windows\system32\clbcatq.dll
0x00007ffa168e0000 - 0x00007ffa168ed000 	C:\Windows\system32\LINKINFO.dll
0x000000000e310000 - 0x000000000e32e000 	D:\GitRepo\Eclipse\configuration\org.eclipse.osgi\388\0\.cp\swt-gdip-win32-4530.dll
0x00007ffa2dd10000 - 0x00007ffa2dec1000 	C:\Windows\SYSTEM32\WindowsCodecs.dll
0x000000000da60000 - 0x000000000da72000 	D:\GitRepo\Eclipse\configuration\org.eclipse.osgi\80\0\.cp\os\win32\x86_64\localfile_1_0_0.dll
0x00007ffa29f80000 - 0x00007ffa29fea000 	C:\Windows\SYSTEM32\oleacc.dll
0x00007ffa2a900000 - 0x00007ffa2a907000 	C:\Windows\SYSTEM32\msimg32.dll
0x00007ffa0e0f0000 - 0x00007ffa0e12e000 	C:\Windows\system32\mlang.dll
0x00007ffa24c10000 - 0x00007ffa24c21000 	D:\GitRepo\Eclipse\configuration\org.eclipse.osgi\83\0\.cp\jWinHttp-1.0.0.dll
0x00007ffa2cb20000 - 0x00007ffa2cbe8000 	C:\Windows\SYSTEM32\WINHTTP.dll
0x00000000569f0000 - 0x0000000056a14000 	C:\Program Files\Java\jre7\bin\sunec.dll
0x00007ffa16670000 - 0x00007ffa166ba000 	C:\Windows\system32\dataexchange.dll
0x00007ffa2e590000 - 0x00007ffa2e838000 	C:\Windows\system32\d3d11.dll
0x00007ffa2f5f0000 - 0x00007ffa2f6d3000 	C:\Windows\system32\dcomp.dll
0x00007ffa2e4e0000 - 0x00007ffa2e583000 	C:\Windows\system32\dxgi.dll
0x00007ffa2fe60000 - 0x00007ffa2ff60000 	C:\Windows\system32\twinapi.appcore.dll
0x00007ffa27ce0000 - 0x00007ffa27f40000 	C:\Windows\SYSTEM32\DWrite.dll
0x00000000569e0000 - 0x00000000569eb000 	C:\Program Files\Java\jre7\bin\sunmscapi.dll
0x00007ffa13b10000 - 0x00007ffa13fb0000 	C:\Windows\system32\explorerframe.dll
0x00007ffa2b4a0000 - 0x00007ffa2b4f0000 	C:\Windows\system32\edputil.dll
0x00007ffa30850000 - 0x00007ffa30881000 	C:\Windows\SYSTEM32\ntmarta.dll
0x00007ffa2fb70000 - 0x00007ffa2fbe9000 	C:\Windows\system32\apphelp.dll
0x0000000056870000 - 0x0000000056883000 	C:\Program Files\FileZilla FTP Client\fzshellext_64.dll
0x00007ffa04a30000 - 0x00007ffa04a9e000 	C:\Program Files\WIDCOMM\Bluetooth Software\btncopy.dll
0x00007ffa0cd10000 - 0x00007ffa0cf04000 	C:\Windows\system32\PGPfsshl.dll
0x00007ffa0cc90000 - 0x00007ffa0cd0d000 	C:\Windows\system32\PGPsdkNL.dll
0x0000000056dd0000 - 0x0000000056e41000 	C:\Windows\system32\PGPsdkUI.dll
0x0000000056b70000 - 0x0000000056dce000 	C:\Windows\system32\PGPsdk.dll
0x00007ffa1c080000 - 0x00007ffa1c09b000 	C:\Windows\system32\MPR.dll
0x00007ffa2b650000 - 0x00007ffa2b68e000 	C:\Windows\system32\WinSCard.dll
0x00007ffa0cc70000 - 0x00007ffa0cc84000 	C:\Windows\system32\DFSCLI.DLL
0x00007ffa2fd70000 - 0x00007ffa2fd97000 	C:\Windows\system32\DEVOBJ.dll
0x00007ffa30770000 - 0x00007ffa3077c000 	C:\Windows\system32\NETUTILS.DLL
0x00007ffa13650000 - 0x00007ffa1372b000 	C:\Windows\system32\ntshrui.dll
0x00007ffa30fe0000 - 0x00007ffa3100d000 	C:\Windows\system32\SspiCli.dll
0x00000000573d0000 - 0x00000000573eb000 	C:\Program Files\TortoiseGit\bin\TortoiseGitStub.dll
0x0000000057290000 - 0x0000000057320000 	C:\Program Files\TortoiseGit\bin\TortoiseGit.dll
0x00007ffa0d510000 - 0x00007ffa0d5fa000 	C:\Program Files\TortoiseGit\bin\libgit2_tgit.dll
0x00007ffa24260000 - 0x00007ffa24267000 	C:\Windows\SYSTEM32\SHFOLDER.dll
0x00007ffa0d6d0000 - 0x00007ffa0d7ba000 	C:\Program Files\TortoiseGit\bin\gitdll.dll
0x00007ffa0d8b0000 - 0x00007ffa0d956000 	C:\Windows\SYSTEM32\MSVCP120.dll
0x00007ffa0d7c0000 - 0x00007ffa0d8af000 	C:\Windows\SYSTEM32\MSVCR120.dll
0x00007ffa0d600000 - 0x00007ffa0d618000 	C:\Program Files\TortoiseGit\bin\zlib1_tgit.dll
0x00007ffa0dbd0000 - 0x00007ffa0dbe1000 	C:\Program Files\TortoiseGit\bin\crshhndl.dll
0x00007ffa1f970000 - 0x00007ffa1f996000 	C:\Windows\system32\srvcli.dll
0x00007ffa24bc0000 - 0x00007ffa24bd2000 	C:\Windows\SYSTEM32\cscapi.dll

VM Arguments:
jvm_args: -Dosgi.requiredJavaVersion=1.7 -Xms256m -Xmx1024m -XX:MaxPermSize=256m 
java_command: D:\GitRepo\Eclipse\\plugins/org.eclipse.equinox.launcher_1.3.100.v20150511-1540.jar -os win32 -ws win32 -arch x86_64 -showsplash D:\GitRepo\Eclipse\\plugins\org.eclipse.platform_4.5.2.v20160212-1500\splash.bmp -launcher D:\GitRepo\Eclipse\eclipse.exe -name Eclipse --launcher.library D:\GitRepo\Eclipse\\plugins/org.eclipse.equinox.launcher.win32.win32.x86_64_1.1.300.v20150602-1417\eclipse_1611.dll -startup D:\GitRepo\Eclipse\\plugins/org.eclipse.equinox.launcher_1.3.100.v20150511-1540.jar --launcher.appendVmargs -exitdata 1888_f0 -product org.eclipse.epp.package.java.product -vm C:\Windows\SYSTEM32\javaw.exe -vmargs -Dosgi.requiredJavaVersion=1.7 -Xms256m -Xmx1024m -XX:MaxPermSize=256m -jar D:\GitRepo\Eclipse\\plugins/org.eclipse.equinox.launcher_1.3.100.v20150511-1540.jar
Launcher Type: SUN_STANDARD

Environment Variables:
JAVA_HOME=C:\Program Files\Java\jdk1.7.0_79
CLASSPATH=.;C:\Program Files\Java\jdk1.7.0_79\lib\dt.jar;C:\Program Files\Java\jdk1.7.0_79\lib\tools.jar
PATH=C:\Windows\SYSTEM32;C:\Windows;C:\Windows\SYSTEM32\WBEM;C:\Windows\SYSTEM32\WINDOWSPOWERSHELL\V1.0\;C:\PROGRAM FILES\SAFENET\AUTHENTICATION\SAC\X64;C:\PROGRAM FILES\SAFENET\AUTHENTICATION\SAC\X32;C:\PROGRAM FILES\TORTOISEGIT\BIN;C:\PROGRAM FILES\GIT\CMD;C:\Program Files\WIDCOMM\Bluetooth Software\;C:\Program Files\WIDCOMM\Bluetooth Software\syswow64;C:\Program Files\Java\jdk1.7.0_79\bin;C:\Program Files\SafeNet\Authentication\SAC\x32\BSecClient
USERNAME=li
OS=Windows_NT
PROCESSOR_IDENTIFIER=Intel64 Family 6 Model 58 Stepping 9, GenuineIntel



---------------  S Y S T E M  ---------------

OS: Windows 8.1 , 64 bit Build 9600 

CPU:total 8 (4 cores per cpu, 2 threads per core) family 6 model 58 stepping 9, cmov, cx8, fxsr, mmx, sse, sse2, sse3, ssse3, sse4.1, sse4.2, popcnt, avx, erms, ht, tsc, tscinvbit, tscinv

Memory: 4k page, physical 12167084k(6432560k free), swap 14002092k(6744652k free)

vm_info: Java HotSpot(TM) 64-Bit Server VM (24.79-b02) for windows-amd64 JRE (1.7.0_79-b15), built on Apr 10 2015 12:36:16 by "java_re" with unknown MS VC++:1600

time: Thu Apr 21 16:28:15 2016
elapsed time: 5423 seconds

