#
# A fatal error has been detected by the Java Runtime Environment:
#
#  EXCEPTION_ACCESS_VIOLATION (0xc0000005) at pc=0x00000000203090c7, pid=836, tid=4112
#
# JRE version: Java(TM) SE Runtime Environment (7.0_79-b15) (build 1.7.0_79-b15)
# Java VM: Java HotSpot(TM) 64-Bit Server VM (24.79-b02 mixed mode windows-amd64 compressed oops)
# Problematic frame:
# C  0x00000000203090c7
#
# Failed to write core dump. Minidumps are not enabled by default on client versions of Windows
#
# If you would like to submit a bug report, please visit:
#   http://bugreport.java.com/bugreport/crash.jsp
#

---------------  T H R E A D  ---------------

Current thread (0x0000000009194800):  VMThread [stack: 0x000000000ae90000,0x000000000af90000] [id=4112]

siginfo: ExceptionCode=0xc0000005, reading address 0x0000000067fa7173

Registers:
RAX=0x00000000dddc70d6, RBX=0x0000000067fa7173, RCX=0x0000000027fa6e23, RDX=0x0000000000000001
RSP=0x000000000af8f160, RBP=0x0000000000000000, RSI=0x0000000027fa6e07, RDI=0x0000000000000020
R8 =0x000000001e82b1b0, R9 =0x000000001e836fa0, R10=0x000000000af8f1a0, R11=0x0000000000000000
R12=0x000000000af8f1f8, R13=0x0000000000000000, R14=0x000000000af8f2f0, R15=0x000000000d842062
RIP=0x00000000203090c7, EFLAGS=0x0000000000010246

Top of Stack: (sp=0x000000000af8f160)
0x000000000af8f160:   0000000000000001 00000000203acc3d
0x000000000af8f170:   000000000af8f250 00000000dddc70d6
0x000000000af8f180:   000000000d899ada 000000000af8f250
0x000000000af8f190:   00000000dddc70d6 0000000020305249
0x000000000af8f1a0:   0000000000000001 0000000027f75df0
0x000000000af8f1b0:   000000000d87264e 0000000027fa6e07
0x000000000af8f1c0:   0000000027fa6e07 0000000027fa6dff
0x000000000af8f1d0:   0000000027f75e00 000000000af8f2f0
0x000000000af8f1e0:   00000000dddc70d6 0000000020304023
0x000000000af8f1f0:   0000000027f75df0 00000000dddc70d6
0x000000000af8f200:   000000000d87264e 000000000d899ada
0x000000000af8f210:   00000000004e0000 00000000208a0000
0x000000000af8f220:   0000000000157bae 0000000000000000
0x000000000af8f230:   0000000000000001 0000000000000000
0x000000000af8f240:   00000000000003ff 00007ff8f2be5c5f
0x000000000af8f250:   0000000027f75e00 0000000027f75e22 

Instructions: (pc=0x00000000203090c7)
0x00000000203090a7:   53 74 0a c7 01 55 54 42 53 44 89 69 04 48 8d 4c
0x00000000203090b7:   39 04 48 3b d9 74 40 48 85 ed 75 44 41 8b 04 24
0x00000000203090c7:   8b 0b 3b c1 72 22 75 08 48 8b eb e9 79 ff ff ff
0x00000000203090d7:   8b 7b 10 85 ff 75 08 49 8b dd e9 6a ff ff ff 48 


Register to memory mapping:

RAX=0x00000000dddc70d6 is an unallocated location in the heap
RBX=0x0000000067fa7173 is an unknown value
RCX=0x0000000027fa6e23 is an unknown value
RDX=0x0000000000000001 is an unknown value
RSP=0x000000000af8f160 is an unknown value
RBP=0x0000000000000000 is an unknown value
RSI=0x0000000027fa6e07 is an unknown value
RDI=0x0000000000000020 is an unknown value
R8 =0x000000001e82b1b0 is an unknown value
R9 =0x000000001e836fa0 is an unknown value
R10=0x000000000af8f1a0 is an unknown value
R11=0x0000000000000000 is an unknown value
R12=0x000000000af8f1f8 is an unknown value
R13=0x0000000000000000 is an unknown value
R14=0x000000000af8f2f0 is an unknown value
R15=0x000000000d842062 is an unknown value


Stack: [0x000000000ae90000,0x000000000af90000],  sp=0x000000000af8f160,  free space=1020k
Native frames: (J=compiled Java code, j=interpreted, Vv=VM code, C=native code)
C  0x00000000203090c7

[error occurred during error reporting (printing native stack), id 0xc0000005]

VM_Operation (0x00000000026ff610): Exit, mode: safepoint, requested by thread 0x0000000002700800


---------------  P R O C E S S  ---------------

Java Threads: ( => current thread )
  0x000000000f5cf000 JavaThread "Recommenders-Bus-Thread-723" daemon [_thread_blocked, id=12800, stack(0x000000007f320000,0x000000007f420000)]
  0x000000000f5cb800 JavaThread "stdout" [_thread_in_native, id=5508, stack(0x000000007cb20000,0x000000007cc20000)]
  0x000000000f5d0800 JavaThread "stderr" [_thread_in_native, id=18984, stack(0x000000007ca20000,0x000000007cb20000)]
  0x000000000c412000 JavaThread "Java2D Disposer" daemon [_thread_blocked, id=7580, stack(0x000000003de30000,0x000000003df30000)]
  0x0000000011b57000 JavaThread "MultiThreadedHttpConnectionManager cleanup" daemon [_thread_blocked, id=6584, stack(0x0000000031e30000,0x0000000031f30000)]
  0x0000000011b5c000 JavaThread "Thread-4619" daemon [_thread_blocked, id=2456, stack(0x0000000031c30000,0x0000000031d30000)]
  0x0000000017ee4800 JavaThread "LogCat output receiver for emulator-5678" [_thread_blocked, id=13144, stack(0x00000000250d0000,0x00000000251d0000)]
  0x0000000017ee2000 JavaThread "LogCat output receiver for emulator-5678" [_thread_blocked, id=5444, stack(0x00000000246d0000,0x00000000247d0000)]
  0x0000000017ee1800 JavaThread "LogCat output receiver for emulator-5678" [_thread_blocked, id=14824, stack(0x00000000243d0000,0x00000000244d0000)]
  0x0000000017ee9800 JavaThread "LogCat output receiver for emulator-5678" [_thread_blocked, id=1440, stack(0x00000000240d0000,0x00000000241d0000)]
  0x0000000017eea800 JavaThread "LogCat output receiver for emulator-5678" [_thread_blocked, id=17272, stack(0x00000000232d0000,0x00000000233d0000)]
  0x0000000017ee8000 JavaThread "Recommenders-Timeout-Manager" [_thread_blocked, id=12028, stack(0x00000000200f0000,0x00000000201f0000)]
  0x000000000d396800 JavaThread "com.google.inject.internal.util.$Finalizer" daemon [_thread_blocked, id=9044, stack(0x0000000030d30000,0x0000000030e30000)]
  0x000000000d395800 JavaThread "LogCat output receiver for emulator-5678" [_thread_blocked, id=13156, stack(0x0000000030230000,0x0000000030330000)]
  0x000000000d38f000 JavaThread "Thread-10" [_thread_blocked, id=12748, stack(0x000000001c6e0000,0x000000001c7e0000)]
  0x000000000c15a800 JavaThread "EMF Reference Cleaner" daemon [_thread_blocked, id=19052, stack(0x000000000df40000,0x000000000e040000)]
  0x00000000027fb000 JavaThread "Service Thread" daemon [_thread_blocked, id=11472, stack(0x000000000b990000,0x000000000ba90000)]
  0x00000000027f9000 JavaThread "C2 CompilerThread1" daemon [_thread_blocked, id=17836, stack(0x000000000b890000,0x000000000b990000)]
  0x00000000027f5000 JavaThread "C2 CompilerThread0" daemon [_thread_blocked, id=3352, stack(0x000000000b790000,0x000000000b890000)]
  0x000000000b1c4800 JavaThread "Attach Listener" daemon [_thread_blocked, id=6020, stack(0x000000000b690000,0x000000000b790000)]
  0x00000000027f1000 JavaThread "Signal Dispatcher" daemon [_thread_blocked, id=16516, stack(0x000000000b590000,0x000000000b690000)]
  0x00000000091a2000 JavaThread "Finalizer" daemon [_thread_blocked, id=13436, stack(0x000000000b090000,0x000000000b190000)]
  0x0000000009199800 JavaThread "Reference Handler" daemon [_thread_blocked, id=9688, stack(0x000000000af90000,0x000000000b090000)]
  0x0000000002700800 JavaThread "main" [_thread_blocked, id=13548, stack(0x0000000002600000,0x0000000002700000)]

Other Threads:
=>0x0000000009194800 VMThread [stack: 0x000000000ae90000,0x000000000af90000] [id=4112]

VM state:at safepoint (shutting down)

VM Mutex/Monitor currently owned by a thread:  ([mutex/lock_event])
[0x000000000258be80] Threads_lock - owner thread: 0x0000000009194800

Heap
 PSYoungGen      total 321536K, used 97674K [0x00000000eaa80000, 0x00000000ffd80000, 0x0000000100000000)
  eden space 294912K, 33% used [0x00000000eaa80000,0x00000000f09e28b0,0x00000000fca80000)
  from space 26624K, 0% used [0x00000000fca80000,0x00000000fca80000,0x00000000fe480000)
  to   space 25600K, 0% used [0x00000000fe480000,0x00000000fe480000,0x00000000ffd80000)
 ParOldGen       total 311296K, used 279482K [0x00000000c0000000, 0x00000000d3000000, 0x00000000eaa80000)
  object space 311296K, 89% used [0x00000000c0000000,0x00000000d10ee950,0x00000000d3000000)
 PSPermGen       total 139264K, used 138981K [0x00000000b0000000, 0x00000000b8800000, 0x00000000c0000000)
  object space 139264K, 99% used [0x00000000b0000000,0x00000000b87b9700,0x00000000b8800000)

Card table byte_map: [0x00000000058c0000,0x0000000005b50000] byte_map_base: 0x0000000005340000

Polling page: 0x00000000020d0000

Code Cache  [0x0000000002800000, 0x0000000004870000, 0x0000000005800000)
 total_blobs=8553 nmethods=7516 adapters=980 free_code_cache=16384Kb largest_free_block=16379712

Compilation events (10 events):
Event: 21426.984 Thread 0x00000000027f9000 9189             org.eclipse.jface.dialogs.DialogSettings$XMLWriter::getEscaped (45 bytes)
Event: 21426.991 Thread 0x00000000027f9000 nmethod 9189 0x000000000469e150 code [0x000000000469e540, 0x000000000469e930]
Event: 21427.089 Thread 0x00000000027f5000 9190   !         org.eclipse.osgi.internal.log.ExtendedLogReaderServiceFactory::isLoggablePrivileged (139 bytes)
Event: 21427.107 Thread 0x00000000027f5000 nmethod 9190 0x000000000474dd50 code [0x000000000474dfa0, 0x000000000474ebe8]
Event: 21428.108 Thread 0x00000000027f9000 9191   !         org.eclipse.osgi.framework.eventmgr.EventManager::dispatchEvent (69 bytes)
Event: 21428.133 Thread 0x00000000027f9000 nmethod 9191 0x0000000004226fd0 code [0x00000000042271a0, 0x0000000004227908]
Event: 21431.864 Thread 0x00000000027f5000 9192 %           org.eclipse.osgi.container.ModuleDatabase::sortByDependencies @ 81 (377 bytes)
Event: 21431.915 Thread 0x00000000027f9000 9193             org.eclipse.osgi.internal.container.ComputeNodeOrder::computeNodeOrder (251 bytes)
Event: 21432.014 Thread 0x00000000027f9000 nmethod 9193 0x000000000430b1d0 code [0x000000000430b500, 0x000000000430cb40]
Event: 21432.035 Thread 0x00000000027f5000 nmethod 9192% 0x0000000004847e50 code [0x0000000004848220, 0x000000000484a0d8]

GC Heap History (10 events):
Event: 21270.534 GC heap before
{Heap before GC invocations=792 (full 289):
 PSYoungGen      total 319488K, used 160K [0x00000000eaa80000, 0x0000000100000000, 0x0000000100000000)
  eden space 290304K, 0% used [0x00000000eaa80000,0x00000000eaa80000,0x00000000fc600000)
  from space 29184K, 0% used [0x00000000fc600000,0x00000000fc628000,0x00000000fe280000)
  to   space 28160K, 0% used [0x00000000fe480000,0x00000000fe480000,0x0000000100000000)
 ParOldGen       total 311296K, used 281027K [0x00000000c0000000, 0x00000000d3000000, 0x00000000eaa80000)
  object space 311296K, 90% used [0x00000000c0000000,0x00000000d1270d20,0x00000000d3000000)
 PSPermGen       total 139264K, used 138345K [0x00000000b0000000, 0x00000000b8800000, 0x00000000c0000000)
  object space 139264K, 99% used [0x00000000b0000000,0x00000000b871a678,0x00000000b8800000)
Event: 21271.012 GC heap after
Heap after GC invocations=792 (full 289):
 PSYoungGen      total 319488K, used 0K [0x00000000eaa80000, 0x0000000100000000, 0x0000000100000000)
  eden space 290304K, 0% used [0x00000000eaa80000,0x00000000eaa80000,0x00000000fc600000)
  from space 29184K, 0% used [0x00000000fc600000,0x00000000fc600000,0x00000000fe280000)
  to   space 28160K, 0% used [0x00000000fe480000,0x00000000fe480000,0x0000000100000000)
 ParOldGen       total 311296K, used 281011K [0x00000000c0000000, 0x00000000d3000000, 0x00000000eaa80000)
  object space 311296K, 90% used [0x00000000c0000000,0x00000000d126ce90,0x00000000d3000000)
 PSPermGen       total 139264K, used 138345K [0x00000000b0000000, 0x00000000b8800000, 0x00000000c0000000)
  object space 139264K, 99% used [0x00000000b0000000,0x00000000b871a678,0x00000000b8800000)
}
Event: 21330.531 GC heap before
{Heap before GC invocations=793 (full 289):
 PSYoungGen      total 319488K, used 9133K [0x00000000eaa80000, 0x0000000100000000, 0x0000000100000000)
  eden space 290304K, 3% used [0x00000000eaa80000,0x00000000eb36b708,0x00000000fc600000)
  from space 29184K, 0% used [0x00000000fc600000,0x00000000fc600000,0x00000000fe280000)
  to   space 28160K, 0% used [0x00000000fe480000,0x00000000fe480000,0x0000000100000000)
 ParOldGen       total 311296K, used 281011K [0x00000000c0000000, 0x00000000d3000000, 0x00000000eaa80000)
  object space 311296K, 90% used [0x00000000c0000000,0x00000000d126ce90,0x00000000d3000000)
 PSPermGen       total 139264K, used 138345K [0x00000000b0000000, 0x00000000b8800000, 0x00000000c0000000)
  object space 139264K, 99% used [0x00000000b0000000,0x00000000b871a6b8,0x00000000b8800000)
Event: 21330.539 GC heap after
Heap after GC invocations=793 (full 289):
 PSYoungGen      total 322560K, used 672K [0x00000000eaa80000, 0x00000000fff80000, 0x0000000100000000)
  eden space 294912K, 0% used [0x00000000eaa80000,0x00000000eaa80000,0x00000000fca80000)
  from space 27648K, 2% used [0x00000000fe480000,0x00000000fe528000,0x00000000fff80000)
  to   space 26624K, 0% used [0x00000000fca80000,0x00000000fca80000,0x00000000fe480000)
 ParOldGen       total 311296K, used 281011K [0x00000000c0000000, 0x00000000d3000000, 0x00000000eaa80000)
  object space 311296K, 90% used [0x00000000c0000000,0x00000000d126ce90,0x00000000d3000000)
 PSPermGen       total 139264K, used 138345K [0x00000000b0000000, 0x00000000b8800000, 0x00000000c0000000)
  object space 139264K, 99% used [0x00000000b0000000,0x00000000b871a6b8,0x00000000b8800000)
}
Event: 21330.539 GC heap before
{Heap before GC invocations=794 (full 290):
 PSYoungGen      total 322560K, used 672K [0x00000000eaa80000, 0x00000000fff80000, 0x0000000100000000)
  eden space 294912K, 0% used [0x00000000eaa80000,0x00000000eaa80000,0x00000000fca80000)
  from space 27648K, 2% used [0x00000000fe480000,0x00000000fe528000,0x00000000fff80000)
  to   space 26624K, 0% used [0x00000000fca80000,0x00000000fca80000,0x00000000fe480000)
 ParOldGen       total 311296K, used 281011K [0x00000000c0000000, 0x00000000d3000000, 0x00000000eaa80000)
  object space 311296K, 90% used [0x00000000c0000000,0x00000000d126ce90,0x00000000d3000000)
 PSPermGen       total 139264K, used 138345K [0x00000000b0000000, 0x00000000b8800000, 0x00000000c0000000)
  object space 139264K, 99% used [0x00000000b0000000,0x00000000b871a6b8,0x00000000b8800000)
Event: 21331.204 GC heap after
Heap after GC invocations=794 (full 290):
 PSYoungGen      total 322560K, used 0K [0x00000000eaa80000, 0x00000000fff80000, 0x0000000100000000)
  eden space 294912K, 0% used [0x00000000eaa80000,0x00000000eaa80000,0x00000000fca80000)
  from space 27648K, 0% used [0x00000000fe480000,0x00000000fe480000,0x00000000fff80000)
  to   space 26624K, 0% used [0x00000000fca80000,0x00000000fca80000,0x00000000fe480000)
 ParOldGen       total 311296K, used 279940K [0x00000000c0000000, 0x00000000d3000000, 0x00000000eaa80000)
  object space 311296K, 89% used [0x00000000c0000000,0x00000000d11613c0,0x00000000d3000000)
 PSPermGen       total 139264K, used 138345K [0x00000000b0000000, 0x00000000b8800000, 0x00000000c0000000)
  object space 139264K, 99% used [0x00000000b0000000,0x00000000b871a678,0x00000000b8800000)
}
Event: 21390.543 GC heap before
{Heap before GC invocations=795 (full 290):
 PSYoungGen      total 322560K, used 2545K [0x00000000eaa80000, 0x00000000fff80000, 0x0000000100000000)
  eden space 294912K, 0% used [0x00000000eaa80000,0x00000000eacfc4c0,0x00000000fca80000)
  from space 27648K, 0% used [0x00000000fe480000,0x00000000fe480000,0x00000000fff80000)
  to   space 26624K, 0% used [0x00000000fca80000,0x00000000fca80000,0x00000000fe480000)
 ParOldGen       total 311296K, used 279940K [0x00000000c0000000, 0x00000000d3000000, 0x00000000eaa80000)
  object space 311296K, 89% used [0x00000000c0000000,0x00000000d11613c0,0x00000000d3000000)
 PSPermGen       total 139264K, used 138345K [0x00000000b0000000, 0x00000000b8800000, 0x00000000c0000000)
  object space 139264K, 99% used [0x00000000b0000000,0x00000000b871a678,0x00000000b8800000)
Event: 21390.552 GC heap after
Heap after GC invocations=795 (full 290):
 PSYoungGen      total 321536K, used 96K [0x00000000eaa80000, 0x00000000ffd80000, 0x0000000100000000)
  eden space 294912K, 0% used [0x00000000eaa80000,0x00000000eaa80000,0x00000000fca80000)
  from space 26624K, 0% used [0x00000000fca80000,0x00000000fca98000,0x00000000fe480000)
  to   space 25600K, 0% used [0x00000000fe480000,0x00000000fe480000,0x00000000ffd80000)
 ParOldGen       total 311296K, used 279940K [0x00000000c0000000, 0x00000000d3000000, 0x00000000eaa80000)
  object space 311296K, 89% used [0x00000000c0000000,0x00000000d11613c0,0x00000000d3000000)
 PSPermGen       total 139264K, used 138345K [0x00000000b0000000, 0x00000000b8800000, 0x00000000c0000000)
  object space 139264K, 99% used [0x00000000b0000000,0x00000000b871a678,0x00000000b8800000)
}
Event: 21390.552 GC heap before
{Heap before GC invocations=796 (full 291):
 PSYoungGen      total 321536K, used 96K [0x00000000eaa80000, 0x00000000ffd80000, 0x0000000100000000)
  eden space 294912K, 0% used [0x00000000eaa80000,0x00000000eaa80000,0x00000000fca80000)
  from space 26624K, 0% used [0x00000000fca80000,0x00000000fca98000,0x00000000fe480000)
  to   space 25600K, 0% used [0x00000000fe480000,0x00000000fe480000,0x00000000ffd80000)
 ParOldGen       total 311296K, used 279940K [0x00000000c0000000, 0x00000000d3000000, 0x00000000eaa80000)
  object space 311296K, 89% used [0x00000000c0000000,0x00000000d11613c0,0x00000000d3000000)
 PSPermGen       total 139264K, used 138345K [0x00000000b0000000, 0x00000000b8800000, 0x00000000c0000000)
  object space 139264K, 99% used [0x00000000b0000000,0x00000000b871a678,0x00000000b8800000)
Event: 21391.196 GC heap after
Heap after GC invocations=796 (full 291):
 PSYoungGen      total 321536K, used 0K [0x00000000eaa80000, 0x00000000ffd80000, 0x0000000100000000)
  eden space 294912K, 0% used [0x00000000eaa80000,0x00000000eaa80000,0x00000000fca80000)
  from space 26624K, 0% used [0x00000000fca80000,0x00000000fca80000,0x00000000fe480000)
  to   space 25600K, 0% used [0x00000000fe480000,0x00000000fe480000,0x00000000ffd80000)
 ParOldGen       total 311296K, used 279482K [0x00000000c0000000, 0x00000000d3000000, 0x00000000eaa80000)
  object space 311296K, 89% used [0x00000000c0000000,0x00000000d10ee950,0x00000000d3000000)
 PSPermGen       total 139264K, used 138345K [0x00000000b0000000, 0x00000000b8800000, 0x00000000c0000000)
  object space 139264K, 99% used [0x00000000b0000000,0x00000000b871a678,0x00000000b8800000)
}

Deoptimization events (10 events):
Event: 21431.844 Thread 0x000000000f5cd000 Uncommon trap: reason=unreached action=reinterpret pc=0x000000000356303c method=org.eclipse.core.internal.jobs.WorkerPool.startJob(Lorg/eclipse/core/internal/jobs/Worker;)Lorg/eclipse/core/internal/jobs/InternalJob; @ 185
Event: 21431.844 Thread 0x000000000d395000 Uncommon trap: reason=unreached action=reinterpret pc=0x000000000356303c method=org.eclipse.core.internal.jobs.WorkerPool.startJob(Lorg/eclipse/core/internal/jobs/Worker;)Lorg/eclipse/core/internal/jobs/InternalJob; @ 185
Event: 21431.844 Thread 0x0000000011b65000 Uncommon trap: reason=unreached action=reinterpret pc=0x000000000356303c method=org.eclipse.core.internal.jobs.WorkerPool.startJob(Lorg/eclipse/core/internal/jobs/Worker;)Lorg/eclipse/core/internal/jobs/InternalJob; @ 185
Event: 21431.845 Thread 0x000000000f5ce800 Uncommon trap: reason=unreached action=reinterpret pc=0x000000000356303c method=org.eclipse.core.internal.jobs.WorkerPool.startJob(Lorg/eclipse/core/internal/jobs/Worker;)Lorg/eclipse/core/internal/jobs/InternalJob; @ 185
Event: 21431.845 Thread 0x000000000c412800 Uncommon trap: reason=unreached action=reinterpret pc=0x000000000356303c method=org.eclipse.core.internal.jobs.WorkerPool.startJob(Lorg/eclipse/core/internal/jobs/Worker;)Lorg/eclipse/core/internal/jobs/InternalJob; @ 185
Event: 21431.845 Thread 0x0000000011b5b800 Uncommon trap: reason=unreached action=reinterpret pc=0x000000000356303c method=org.eclipse.core.internal.jobs.WorkerPool.startJob(Lorg/eclipse/core/internal/jobs/Worker;)Lorg/eclipse/core/internal/jobs/InternalJob; @ 185
Event: 21431.857 Thread 0x000000000f5ca800 Uncommon trap: reason=null_check action=make_not_entrant pc=0x000000000485cfe4 method=org.eclipse.osgi.container.ModuleDatabase.sortByDependencies(Ljava/util/List;)Ljava/util/Collection; @ 130
Event: 21431.895 Thread 0x000000000f5ca800 Uncommon trap: reason=predicate action=maybe_recompile pc=0x00000000034d1238 method=org.eclipse.osgi.internal.container.ComputeNodeOrder.computeNodeOrder([Ljava/lang/Object;[[Ljava/lang/Object;)[[Ljava/lang/Object; @ 228
Event: 21431.936 Thread 0x000000001275d800 Uncommon trap: reason=unreached action=reinterpret pc=0x00000000040cacac method=org.eclipse.osgi.framework.eventmgr.EventManager$EventThread.run()V @ 6
Event: 21432.002 Thread 0x000000000c071800 Uncommon trap: reason=unreached action=reinterpret pc=0x00000000040cacac method=org.eclipse.osgi.framework.eventmgr.EventManager$EventThread.run()V @ 6

Internal exceptions (10 events):
Event: 21426.863 Thread 0x000000000f5ca800 Implicit null exception at 0x0000000002d49850 to 0x0000000002d49a55
Event: 21426.913 Thread 0x000000000f5ca800 Threw 0x00000000ef5b2f40 at C:\re\jdk7u79\2331\hotspot\src\share\vm\prims\jni.cpp:717
Event: 21427.771 Thread 0x000000000d397000 Threw 0x00000000efa48700 at C:\re\jdk7u79\2331\hotspot\src\share\vm\prims\jni.cpp:717
Event: 21428.058 Thread 0x000000000f5ca800 Implicit null exception at 0x00000000030488b7 to 0x000000000304910d
Event: 21431.847 Thread 0x000000000d388000 Threw 0x00000000f0565ba8 at C:\re\jdk7u79\2331\hotspot\src\share\vm\runtime\objectMonitor.cpp:1684
Event: 21431.857 Thread 0x000000000f5ca800 Implicit null exception at 0x000000000485bcaf to 0x000000000485cfc1
Event: 21431.936 Thread 0x000000001275d800 Threw 0x00000000eecab208 at C:\re\jdk7u79\2331\hotspot\src\share\vm\runtime\objectMonitor.cpp:1684
Event: 21432.002 Thread 0x000000000c071800 Threw 0x00000000f0584e00 at C:\re\jdk7u79\2331\hotspot\src\share\vm\runtime\objectMonitor.cpp:1684
Event: 21432.031 Thread 0x000000000b526800 Threw 0x00000000eb2f80c8 at C:\re\jdk7u79\2331\hotspot\src\share\vm\runtime\objectMonitor.cpp:1684
Event: 21432.033 Thread 0x000000000b46b800 Threw 0x00000000f074b388 at C:\re\jdk7u79\2331\hotspot\src\share\vm\runtime\objectMonitor.cpp:1684

Events (10 events):
Event: 21432.032 Executing VM operation: RevokeBias done
Event: 21432.033 Thread 0x000000000b46b800 Thread exited: 0x000000000b46b800
Event: 21432.048 Thread 0x000000000f5ca800 Thread exited: 0x000000000f5ca800
Event: 21432.049 Thread 0x000000000f5cc000 Thread added: 0x000000000f5cc000
Event: 21432.049 Executing VM operation: RevokeBias
Event: 21432.049 Executing VM operation: RevokeBias done
Event: 21432.049 Executing VM operation: RevokeBias
Event: 21432.049 Executing VM operation: RevokeBias done
Event: 21432.049 Thread 0x000000000f5cc000 Thread exited: 0x000000000f5cc000
Event: 21432.065 Executing VM operation: Exit


Dynamic libraries:
0x00007ff772ff0000 - 0x00007ff773023000 	C:\Windows\SYSTEM32\javaw.exe
0x00007ff8f2bc0000 - 0x00007ff8f2d81000 	C:\Windows\SYSTEM32\ntdll.dll
0x00007ff8f27a0000 - 0x00007ff8f284d000 	C:\Windows\system32\KERNEL32.DLL
0x00007ff8ef930000 - 0x00007ff8efb18000 	C:\Windows\system32\KERNELBASE.dll
0x00007ff8f1d90000 - 0x00007ff8f1e37000 	C:\Windows\system32\ADVAPI32.dll
0x00007ff8f2b20000 - 0x00007ff8f2bbd000 	C:\Windows\system32\msvcrt.dll
0x00007ff8f1e50000 - 0x00007ff8f1eab000 	C:\Windows\system32\sechost.dll
0x00007ff8f0230000 - 0x00007ff8f034c000 	C:\Windows\system32\RPCRT4.dll
0x00007ff8f1ae0000 - 0x00007ff8f1c36000 	C:\Windows\system32\USER32.dll
0x00007ff8f2990000 - 0x00007ff8f2b16000 	C:\Windows\system32\GDI32.dll
0x00007ff8e8540000 - 0x00007ff8e87b4000 	C:\Windows\WinSxS\amd64_microsoft.windows.common-controls_6595b64144ccf1df_6.0.10586.0_none_8c15ae12515e1c22\COMCTL32.dll
0x00007ff8f20b0000 - 0x00007ff8f232d000 	C:\Windows\system32\combase.dll
0x00007ff8efbb0000 - 0x00007ff8efc1a000 	C:\Windows\system32\bcryptPrimitives.dll
0x00007ff8f2760000 - 0x00007ff8f279b000 	C:\Windows\system32\IMM32.DLL
0x0000000058f50000 - 0x0000000058f66000 	C:\Windows\SYSTEM32\PGPmapih.dll
0x00007ff8ef030000 - 0x00007ff8ef061000 	C:\Windows\system32\nvinitx.dll
0x00007ff8ef020000 - 0x00007ff8ef02a000 	C:\Windows\SYSTEM32\VERSION.dll
0x000000000f000000 - 0x000000000f006000 	C:\Program Files\NVIDIA Corporation\CoProcManager\_etoured.dll
0x00007ff8ed920000 - 0x00007ff8ed952000 	C:\Program Files\NVIDIA Corporation\CoProcManager\nvd3d9wrapx.dll
0x00007ff8f2330000 - 0x00007ff8f2759000 	C:\Windows\system32\SETUPAPI.dll
0x00007ff8ef8c0000 - 0x00007ff8ef903000 	C:\Windows\system32\CFGMGR32.dll
0x00007ff8ed8f0000 - 0x00007ff8ed912000 	C:\Program Files\NVIDIA Corporation\CoProcManager\nvdxgiwrapx.dll
0x0000000057610000 - 0x00000000576e2000 	C:\Program Files\Java\jre7\bin\msvcr100.dll
0x0000000055bc0000 - 0x0000000056395000 	C:\Program Files\Java\jre7\bin\server\jvm.dll
0x00007ff8f1ad0000 - 0x00007ff8f1ad8000 	C:\Windows\system32\PSAPI.DLL
0x00007ff8d46d0000 - 0x00007ff8d46d9000 	C:\Windows\SYSTEM32\WSOCK32.dll
0x00007ff8ed870000 - 0x00007ff8ed893000 	C:\Windows\SYSTEM32\WINMM.dll
0x00007ff8f1eb0000 - 0x00007ff8f1f1b000 	C:\Windows\system32\WS2_32.dll
0x00007ff8ed730000 - 0x00007ff8ed75c000 	C:\Windows\SYSTEM32\WINMMBASE.dll
0x0000000057aa0000 - 0x0000000057aaf000 	C:\Program Files\Java\jre7\bin\verify.dll
0x0000000057a70000 - 0x0000000057a98000 	C:\Program Files\Java\jre7\bin\java.dll
0x0000000057a50000 - 0x0000000057a65000 	C:\Program Files\Java\jre7\bin\zip.dll
0x00007ff8eeb10000 - 0x00007ff8eeb27000 	C:\Windows\SYSTEM32\CRYPTSP.dll
0x00007ff8ee7a0000 - 0x00007ff8ee7d4000 	C:\Windows\system32\rsaenh.dll
0x00007ff8ef110000 - 0x00007ff8ef139000 	C:\Windows\SYSTEM32\bcrypt.dll
0x00007ff8ee8f0000 - 0x00007ff8ee90f000 	C:\Windows\SYSTEM32\USERENV.dll
0x00007ff8ef230000 - 0x00007ff8ef244000 	C:\Windows\system32\profapi.dll
0x00007ff8eec30000 - 0x00007ff8eec3b000 	C:\Windows\SYSTEM32\CRYPTBASE.dll
0x00000000575f0000 - 0x000000005760a000 	C:\Program Files\Java\jre7\bin\net.dll
0x00007ff8eea60000 - 0x00007ff8eeabc000 	C:\Windows\system32\mswsock.dll
0x00007ff8e9e80000 - 0x00007ff8e9eb8000 	C:\Windows\SYSTEM32\IPHLPAPI.DLL
0x00007ff8f1e40000 - 0x00007ff8f1e48000 	C:\Windows\system32\NSI.dll
0x00007ff8e90f0000 - 0x00007ff8e9106000 	C:\Windows\SYSTEM32\dhcpcsvc6.DLL
0x00007ff8e9070000 - 0x00007ff8e908a000 	C:\Windows\SYSTEM32\dhcpcsvc.DLL
0x00000000575d0000 - 0x00000000575e1000 	C:\Program Files\Java\jre7\bin\nio.dll
0x0000000072000000 - 0x0000000072012000 	D:\GitRepo\Eclipse\plugins\org.eclipse.equinox.launcher.win32.win32.x86_64_1.1.300.v20150602-1417\eclipse_1611.dll
0x00007ff8edbd0000 - 0x00007ff8edc66000 	C:\Windows\system32\uxtheme.dll
0x00007ff8f00d0000 - 0x00007ff8f022a000 	C:\Windows\system32\MSCTF.dll
0x0000000180000000 - 0x0000000180062000 	C:\Program Files (x86)\kingsoft\kwifi\kwassist64.dll
0x00007ff8f0570000 - 0x00007ff8f1acc000 	C:\Windows\system32\SHELL32.dll
0x00007ff8ef270000 - 0x00007ff8ef8b5000 	C:\Windows\system32\windows.storage.dll
0x00007ff8f28d0000 - 0x00007ff8f2922000 	C:\Windows\system32\shlwapi.dll
0x00007ff8ef260000 - 0x00007ff8ef26f000 	C:\Windows\system32\kernel.appcore.dll
0x00007ff8efd30000 - 0x00007ff8efde5000 	C:\Windows\system32\shcore.dll
0x00007ff8ef1e0000 - 0x00007ff8ef22b000 	C:\Windows\system32\powrprof.dll
0x00007ff8f1c40000 - 0x00007ff8f1d83000 	C:\Windows\system32\ole32.dll
0x00007ff8f1fd0000 - 0x00007ff8f2091000 	C:\Windows\system32\OLEAUT32.dll
0x00007ff8e7e80000 - 0x00007ff8e8028000 	C:\Windows\WinSxS\amd64_microsoft.windows.gdiplus_6595b64144ccf1df_1.1.10586.20_none_db007f1392e69ef4\gdiplus.dll
0x00007ff8dcf20000 - 0x00007ff8dcf30000 	C:\Windows\SYSTEM32\PGPhk.dll
0x00007ff8c9d10000 - 0x00007ff8c9d50000 	C:\Program Files\WIDCOMM\Bluetooth Software\btmmhook.dll
0x00007ff8c7bd0000 - 0x00007ff8c7be1000 	C:\Users\li\AppData\Local\youdao\Dict\Application\6.1.51.3321\WordStrokeHelper64.dll
0x00007ff8dd060000 - 0x00007ff8dd076000 	C:\Windows\system32\napinsp.dll
0x00007ff8dcfe0000 - 0x00007ff8dcffa000 	C:\Windows\system32\pnrpnsp.dll
0x00007ff8ec130000 - 0x00007ff8ec148000 	C:\Windows\system32\NLAapi.dll
0x00007ff8edaf0000 - 0x00007ff8edb9a000 	C:\Windows\SYSTEM32\DNSAPI.dll
0x00007ff8dcfd0000 - 0x00007ff8dcfdd000 	C:\Windows\System32\winrnr.dll
0x00007ff8dcfb0000 - 0x00007ff8dcfc5000 	C:\Windows\System32\wshbth.dll
0x00007ff8e7080000 - 0x00007ff8e708a000 	C:\Windows\System32\rasadhlp.dll
0x00007ff8e7560000 - 0x00007ff8e75c7000 	C:\Windows\System32\fwpuclnt.dll
0x0000000010000000 - 0x00000000100a8000 	D:\GitRepo\Eclipse\configuration\org.eclipse.osgi\388\0\.cp\swt-win32-4530.dll
0x00007ff8effc0000 - 0x00007ff8f00cb000 	C:\Windows\system32\comdlg32.dll
0x00007ff8efb20000 - 0x00007ff8efba6000 	C:\Windows\system32\FirewallAPI.dll
0x000000000c000000 - 0x000000000c017000 	C:\Windows\system32\NETAPI32.dll
0x00007ff8efdf0000 - 0x00007ff8effb7000 	C:\Windows\system32\CRYPT32.dll
0x00007ff8ef250000 - 0x00007ff8ef260000 	C:\Windows\system32\MSASN1.dll
0x00007ff8e9140000 - 0x00007ff8e91c4000 	C:\Windows\SYSTEM32\WINSPOOL.DRV
0x00007ff8d37f0000 - 0x00007ff8d3808000 	C:\Windows\SYSTEM32\USP10.dll
0x00007ff8d6d20000 - 0x00007ff8d6fc9000 	C:\Windows\SYSTEM32\WININET.dll
0x00007ff8e8460000 - 0x00007ff8e846c000 	C:\Windows\SYSTEM32\DAVHLPR.DLL
0x00007ff8edef0000 - 0x00007ff8edf22000 	C:\Windows\SYSTEM32\fwbase.dll
0x00007ff8ec670000 - 0x00007ff8ec692000 	C:\Windows\system32\dwmapi.dll
0x00007ff8ed150000 - 0x00007ff8ed2d6000 	C:\Windows\SYSTEM32\propsys.dll
0x00007ff8f1f20000 - 0x00007ff8f1fc7000 	C:\Windows\system32\clbcatq.dll
0x00007ff8dbeb0000 - 0x00007ff8dbebd000 	C:\Windows\system32\LINKINFO.dll
0x000000000df00000 - 0x000000000df1e000 	D:\GitRepo\Eclipse\configuration\org.eclipse.osgi\388\0\.cp\swt-gdip-win32-4530.dll
0x00007ff8ebbf0000 - 0x00007ff8ebda1000 	C:\Windows\SYSTEM32\WindowsCodecs.dll
0x000000000e260000 - 0x000000000e272000 	D:\GitRepo\Eclipse\configuration\org.eclipse.osgi\80\0\.cp\os\win32\x86_64\localfile_1_0_0.dll
0x00007ff8e7e10000 - 0x00007ff8e7e7a000 	C:\Windows\SYSTEM32\oleacc.dll
0x00007ff8e8490000 - 0x00007ff8e8497000 	C:\Windows\SYSTEM32\msimg32.dll
0x00007ff8e3990000 - 0x00007ff8e39ce000 	C:\Windows\system32\mlang.dll
0x00007ff8e6250000 - 0x00007ff8e6261000 	D:\GitRepo\Eclipse\configuration\org.eclipse.osgi\83\0\.cp\jWinHttp-1.0.0.dll
0x00007ff8e9da0000 - 0x00007ff8e9e68000 	C:\Windows\SYSTEM32\WINHTTP.dll
0x0000000057490000 - 0x00000000574b4000 	C:\Program Files\Java\jre7\bin\sunec.dll
0x00007ff8e4390000 - 0x00007ff8e43da000 	C:\Windows\system32\dataexchange.dll
0x00007ff8ed610000 - 0x00007ff8ed6f3000 	C:\Windows\system32\dcomp.dll
0x00007ff8ec3c0000 - 0x00007ff8ec668000 	C:\Windows\system32\d3d11.dll
0x00007ff8ec310000 - 0x00007ff8ec3b3000 	C:\Windows\system32\dxgi.dll
0x00007ff8edc90000 - 0x00007ff8edd90000 	C:\Windows\system32\twinapi.appcore.dll
0x00007ff8e69d0000 - 0x00007ff8e6c30000 	C:\Windows\SYSTEM32\DWrite.dll
0x0000000057480000 - 0x000000005748b000 	C:\Program Files\Java\jre7\bin\sunmscapi.dll
0x00007ff8d0ef0000 - 0x00007ff8d1390000 	C:\Windows\system32\explorerframe.dll
0x00007ff8e9270000 - 0x00007ff8e92c0000 	C:\Windows\system32\edputil.dll
0x00007ff8ee680000 - 0x00007ff8ee6b1000 	C:\Windows\SYSTEM32\ntmarta.dll
0x00007ff8ed9a0000 - 0x00007ff8eda19000 	C:\Windows\system32\apphelp.dll
0x0000000057ab0000 - 0x0000000057ac3000 	C:\Program Files\FileZilla FTP Client\fzshellext_64.dll
0x00007ff8d39b0000 - 0x00007ff8d3a1e000 	C:\Program Files\WIDCOMM\Bluetooth Software\btncopy.dll
0x00007ff8cb050000 - 0x00007ff8cb244000 	C:\Windows\system32\PGPfsshl.dll
0x00000000576f0000 - 0x0000000057761000 	C:\Windows\system32\PGPsdkUI.dll
0x00007ff8d31d0000 - 0x00007ff8d324d000 	C:\Windows\system32\PGPsdkNL.dll
0x00000000563a0000 - 0x00000000565fe000 	C:\Windows\system32\PGPsdk.dll
0x00007ff8eb090000 - 0x00007ff8eb0ab000 	C:\Windows\system32\MPR.dll
0x00007ff8e9480000 - 0x00007ff8e94be000 	C:\Windows\system32\WinSCard.dll
0x00007ff8edba0000 - 0x00007ff8edbc7000 	C:\Windows\system32\DEVOBJ.dll
0x00007ff8e2a80000 - 0x00007ff8e2a94000 	C:\Windows\system32\DFSCLI.DLL
0x00007ff8ee5a0000 - 0x00007ff8ee5ac000 	C:\Windows\system32\NETUTILS.DLL
0x00007ff8d40e0000 - 0x00007ff8d41bb000 	C:\Windows\system32\ntshrui.dll
0x00007ff8eee10000 - 0x00007ff8eee3d000 	C:\Windows\system32\SspiCli.dll
0x0000000057d90000 - 0x0000000057dab000 	C:\Program Files\TortoiseGit\bin\TortoiseGitStub.dll
0x0000000057b30000 - 0x0000000057bc0000 	C:\Program Files\TortoiseGit\bin\TortoiseGit.dll
0x00007ff8e6160000 - 0x00007ff8e624a000 	C:\Program Files\TortoiseGit\bin\libgit2_tgit.dll
0x00007ff8e2440000 - 0x00007ff8e2447000 	C:\Windows\SYSTEM32\SHFOLDER.dll
0x00007ff8e2b90000 - 0x00007ff8e2c7a000 	C:\Program Files\TortoiseGit\bin\gitdll.dll
0x00007ff8e5ff0000 - 0x00007ff8e6096000 	C:\Windows\SYSTEM32\MSVCP120.dll
0x00007ff8e2aa0000 - 0x00007ff8e2b8f000 	C:\Windows\SYSTEM32\MSVCR120.dll
0x00007ff8e6290000 - 0x00007ff8e62a8000 	C:\Program Files\TortoiseGit\bin\zlib1_tgit.dll
0x00007ff8e6270000 - 0x00007ff8e6281000 	C:\Program Files\TortoiseGit\bin\crshhndl.dll
0x00007ff8dd430000 - 0x00007ff8dd456000 	C:\Windows\system32\srvcli.dll
0x00007ff8e2ca0000 - 0x00007ff8e2cb2000 	C:\Windows\SYSTEM32\cscapi.dll

VM Arguments:
jvm_args: -Dosgi.requiredJavaVersion=1.7 -Xms256m -Xmx1024m -XX:MaxPermSize=256m 
java_command: D:\GitRepo\Eclipse\\plugins/org.eclipse.equinox.launcher_1.3.100.v20150511-1540.jar -os win32 -ws win32 -arch x86_64 -showsplash D:\GitRepo\Eclipse\\plugins\org.eclipse.platform_4.5.2.v20160212-1500\splash.bmp -launcher D:\GitRepo\Eclipse\eclipse.exe -name Eclipse --launcher.library D:\GitRepo\Eclipse\\plugins/org.eclipse.equinox.launcher.win32.win32.x86_64_1.1.300.v20150602-1417\eclipse_1611.dll -startup D:\GitRepo\Eclipse\\plugins/org.eclipse.equinox.launcher_1.3.100.v20150511-1540.jar --launcher.appendVmargs -exitdata 2fac_84 -product org.eclipse.epp.package.java.product -vm C:\Windows\SYSTEM32\javaw.exe -vmargs -Dosgi.requiredJavaVersion=1.7 -Xms256m -Xmx1024m -XX:MaxPermSize=256m -jar D:\GitRepo\Eclipse\\plugins/org.eclipse.equinox.launcher_1.3.100.v20150511-1540.jar
Launcher Type: SUN_STANDARD

Environment Variables:
JAVA_HOME=C:\Program Files\Java\jdk1.7.0_79
CLASSPATH=.;C:\Program Files\Java\jdk1.7.0_79\lib\dt.jar;C:\Program Files\Java\jdk1.7.0_79\lib\tools.jar
PATH=C:\Windows\SYSTEM32;C:\Windows;C:\Windows\SYSTEM32\WBEM;C:\Windows\SYSTEM32\WINDOWSPOWERSHELL\V1.0\;C:\PROGRAM FILES\SAFENET\AUTHENTICATION\SAC\X64;C:\PROGRAM FILES\SAFENET\AUTHENTICATION\SAC\X32;C:\PROGRAM FILES\TORTOISEGIT\BIN;C:\PROGRAM FILES\GIT\CMD;C:\Program Files\WIDCOMM\Bluetooth Software\;C:\Program Files\WIDCOMM\Bluetooth Software\syswow64;C:\Program Files\Java\jdk1.7.0_79\bin;C:\Program Files\SafeNet\Authentication\SAC\x32\BSecClient
USERNAME=li
OS=Windows_NT
PROCESSOR_IDENTIFIER=Intel64 Family 6 Model 58 Stepping 9, GenuineIntel



---------------  S Y S T E M  ---------------

OS: Windows 8.1 , 64 bit Build 9600 

CPU:total 8 (4 cores per cpu, 2 threads per core) family 6 model 58 stepping 9, cmov, cx8, fxsr, mmx, sse, sse2, sse3, ssse3, sse4.1, sse4.2, popcnt, avx, erms, ht, tsc, tscinvbit, tscinv

Memory: 4k page, physical 12167084k(6331596k free), swap 14002092k(6409320k free)

vm_info: Java HotSpot(TM) 64-Bit Server VM (24.79-b02) for windows-amd64 JRE (1.7.0_79-b15), built on Apr 10 2015 12:36:16 by "java_re" with unknown MS VC++:1600

time: Tue Apr 26 16:47:01 2016
elapsed time: 21432 seconds

